{"uuid":"3f256b47-513c-4f50-8c20-8a77e0921f46","historyId":"48651c80bf3356abb064eba0e032bd22","fullName":"src/test/resources/features/batch.feature:70","labels":[{"name":"host","value":"Sudha"},{"name":"thread","value":"162876@Sudha.TestNG-PoolService-3(50)"},{"name":"feature","value":"Batch Page Validation"},{"name":"story","value":"Check if the program details are added in data table"},{"name":"suite","value":"Batch Page Validation"},{"name":"testClass","value":"Check if the program details are added in data table"},{"name":"framework","value":"cucumber4jvm"},{"name":"language","value":"java"},{"name":"gherkin_uri","value":"file:///C:/Users/sudha/git/team10-lmsphase2-codebreakers/team10-lmsphase2-codebreakers/src/test/resources/features/batch.feature"},{"name":"package","value":"src.test.resources.features.batch_feature.Batch Page Validation"}],"links":[],"name":"Check if the program details are added in data table","status":"broken","statusDetails":{"known":false,"muted":false,"flaky":false,"message":"element click intercepted: Element <div class=\"p-radiobutton-box\">...</div> is not clickable at point (425, 500). Other element would receive the click: <li role=\"option\" pripple=\"\" aria-label=\"SDETT1420240501003827420\" aria-selected=\"false\" class=\"p-dropdown-item p-ripple\">...</li>\n  (Session info: chrome=124.0.6367.93)\nBuild info: version: '4.18.1', revision: 'b1d3319b48'\nSystem info: os.name: 'Windows 11', os.arch: 'amd64', os.version: '10.0', java.version: '21.0.2'\nDriver info: org.openqa.selenium.chrome.ChromeDriver\nCommand: [00af05ccf3b09624f88c25daa766cc93, clickElement {id=f.FCBCDE4FCD9E3218171E331ABBBB0898.d.97D46D7BB08BCCFD210FDFF3B397F300.e.46}]\nCapabilities {acceptInsecureCerts: false, browserName: chrome, browserVersion: 124.0.6367.93, chrome: {chromedriverVersion: 124.0.6367.91 (51df0e5e17a8..., userDataDir: C:\\Users\\sudha\\AppData\\Loca...}, fedcm:accounts: true, goog:chromeOptions: {debuggerAddress: localhost:50173}, networkConnectionEnabled: false, pageLoadStrategy: normal, platformName: windows, proxy: Proxy(), se:cdp: ws://localhost:50173/devtoo..., se:cdpVersion: 124.0.6367.93, setWindowRect: true, strictFileInteractability: false, timeouts: {implicit: 0, pageLoad: 300000, script: 30000}, unhandledPromptBehavior: dismiss and notify, webauthn:extension:credBlob: true, webauthn:extension:largeBlob: true, webauthn:extension:minPinLength: true, webauthn:extension:prf: true, webauthn:virtualAuthenticators: true}\nElement: [[ChromeDriver: chrome on windows (00af05ccf3b09624f88c25daa766cc93)] -> xpath: //*[@id=\"batchStatus\"]/div/div[2]]\nSession ID: 00af05ccf3b09624f88c25daa766cc93","trace":"org.openqa.selenium.ElementClickInterceptedException: element click intercepted: Element <div class=\"p-radiobutton-box\">...</div> is not clickable at point (425, 500). Other element would receive the click: <li role=\"option\" pripple=\"\" aria-label=\"SDETT1420240501003827420\" aria-selected=\"false\" class=\"p-dropdown-item p-ripple\">...</li>\n  (Session info: chrome=124.0.6367.93)\nBuild info: version: '4.18.1', revision: 'b1d3319b48'\nSystem info: os.name: 'Windows 11', os.arch: 'amd64', os.version: '10.0', java.version: '21.0.2'\nDriver info: org.openqa.selenium.chrome.ChromeDriver\nCommand: [00af05ccf3b09624f88c25daa766cc93, clickElement {id=f.FCBCDE4FCD9E3218171E331ABBBB0898.d.97D46D7BB08BCCFD210FDFF3B397F300.e.46}]\nCapabilities {acceptInsecureCerts: false, browserName: chrome, browserVersion: 124.0.6367.93, chrome: {chromedriverVersion: 124.0.6367.91 (51df0e5e17a8..., userDataDir: C:\\Users\\sudha\\AppData\\Loca...}, fedcm:accounts: true, goog:chromeOptions: {debuggerAddress: localhost:50173}, networkConnectionEnabled: false, pageLoadStrategy: normal, platformName: windows, proxy: Proxy(), se:cdp: ws://localhost:50173/devtoo..., se:cdpVersion: 124.0.6367.93, setWindowRect: true, strictFileInteractability: false, timeouts: {implicit: 0, pageLoad: 300000, script: 30000}, unhandledPromptBehavior: dismiss and notify, webauthn:extension:credBlob: true, webauthn:extension:largeBlob: true, webauthn:extension:minPinLength: true, webauthn:extension:prf: true, webauthn:virtualAuthenticators: true}\nElement: [[ChromeDriver: chrome on windows (00af05ccf3b09624f88c25daa766cc93)] -> xpath: //*[@id=\"batchStatus\"]/div/div[2]]\nSession ID: 00af05ccf3b09624f88c25daa766cc93\r\n\tat java.base/jdk.internal.reflect.DirectConstructorHandleAccessor.newInstance(DirectConstructorHandleAccessor.java:62)\r\n\tat java.base/java.lang.reflect.Constructor.newInstanceWithCaller(Constructor.java:502)\r\n\tat java.base/java.lang.reflect.Constructor.newInstance(Constructor.java:486)\r\n\tat org.openqa.selenium.remote.ErrorCodec.decode(ErrorCodec.java:167)\r\n\tat org.openqa.selenium.remote.codec.w3c.W3CHttpResponseCodec.decode(W3CHttpResponseCodec.java:138)\r\n\tat org.openqa.selenium.remote.codec.w3c.W3CHttpResponseCodec.decode(W3CHttpResponseCodec.java:50)\r\n\tat org.openqa.selenium.remote.HttpCommandExecutor.execute(HttpCommandExecutor.java:190)\r\n\tat org.openqa.selenium.remote.service.DriverCommandExecutor.invokeExecute(DriverCommandExecutor.java:216)\r\n\tat org.openqa.selenium.remote.service.DriverCommandExecutor.execute(DriverCommandExecutor.java:174)\r\n\tat org.openqa.selenium.remote.RemoteWebDriver.execute(RemoteWebDriver.java:519)\r\n\tat org.openqa.selenium.remote.RemoteWebElement.execute(RemoteWebElement.java:223)\r\n\tat org.openqa.selenium.remote.RemoteWebElement.click(RemoteWebElement.java:76)\r\n\tat java.base/jdk.internal.reflect.DirectMethodHandleAccessor.invoke(DirectMethodHandleAccessor.java:103)\r\n\tat java.base/java.lang.reflect.Method.invoke(Method.java:580)\r\n\tat org.openqa.selenium.support.pagefactory.internal.LocatingElementHandler.invoke(LocatingElementHandler.java:51)\r\n\tat jdk.proxy2/jdk.proxy2.$Proxy26.click(Unknown Source)\r\n\tat com.herokuapp.codebreakers.POM.BatchPageObjects.enterBatchDetails(BatchPageObjects.java:323)\r\n\tat com.herokuapp.codebreakers.stepDefinition.BatchStepDefinition.fill_in_all_the_fields_except_description_with_valid_values_from_and_row_number_and_click_save(BatchStepDefinition.java:174)\r\n\tat ✽.Fill in all the fields except description with valid values from \"Batch\" and RowNumber 1 and click save(file:///C:/Users/sudha/git/team10-lmsphase2-codebreakers/team10-lmsphase2-codebreakers/src/test/resources/features/batch.feature:65)\r\n"},"stage":"finished","steps":[{"name":"Given  Logged on the LMS portal","status":"passed","statusDetails":{"known":false,"muted":false,"flaky":false},"stage":"finished","steps":[],"attachments":[],"parameters":[],"start":1714618969520,"stop":1714619026420},{"name":"Given  Admin is on dashboard page and admin clicks on batch and then admin clicks on A New Batch then A new pop up with Batch details appears","status":"passed","statusDetails":{"known":false,"muted":false,"flaky":false},"stage":"finished","steps":[],"attachments":[],"parameters":[],"start":1714619026422,"stop":1714619027068},{"name":"When  Fill in all the fields except description with valid values from \"Batch\" and RowNumber 1 and click save","status":"broken","statusDetails":{"known":false,"muted":false,"flaky":false,"message":"element click intercepted: Element <div class=\"p-radiobutton-box\">...</div> is not clickable at point (425, 500). Other element would receive the click: <li role=\"option\" pripple=\"\" aria-label=\"SDETT1420240501003827420\" aria-selected=\"false\" class=\"p-dropdown-item p-ripple\">...</li>\n  (Session info: chrome=124.0.6367.93)\nBuild info: version: '4.18.1', revision: 'b1d3319b48'\nSystem info: os.name: 'Windows 11', os.arch: 'amd64', os.version: '10.0', java.version: '21.0.2'\nDriver info: org.openqa.selenium.chrome.ChromeDriver\nCommand: [00af05ccf3b09624f88c25daa766cc93, clickElement {id=f.FCBCDE4FCD9E3218171E331ABBBB0898.d.97D46D7BB08BCCFD210FDFF3B397F300.e.46}]\nCapabilities {acceptInsecureCerts: false, browserName: chrome, browserVersion: 124.0.6367.93, chrome: {chromedriverVersion: 124.0.6367.91 (51df0e5e17a8..., userDataDir: C:\\Users\\sudha\\AppData\\Loca...}, fedcm:accounts: true, goog:chromeOptions: {debuggerAddress: localhost:50173}, networkConnectionEnabled: false, pageLoadStrategy: normal, platformName: windows, proxy: Proxy(), se:cdp: ws://localhost:50173/devtoo..., se:cdpVersion: 124.0.6367.93, setWindowRect: true, strictFileInteractability: false, timeouts: {implicit: 0, pageLoad: 300000, script: 30000}, unhandledPromptBehavior: dismiss and notify, webauthn:extension:credBlob: true, webauthn:extension:largeBlob: true, webauthn:extension:minPinLength: true, webauthn:extension:prf: true, webauthn:virtualAuthenticators: true}\nElement: [[ChromeDriver: chrome on windows (00af05ccf3b09624f88c25daa766cc93)] -> xpath: //*[@id=\"batchStatus\"]/div/div[2]]\nSession ID: 00af05ccf3b09624f88c25daa766cc93","trace":"org.openqa.selenium.ElementClickInterceptedException: element click intercepted: Element <div class=\"p-radiobutton-box\">...</div> is not clickable at point (425, 500). Other element would receive the click: <li role=\"option\" pripple=\"\" aria-label=\"SDETT1420240501003827420\" aria-selected=\"false\" class=\"p-dropdown-item p-ripple\">...</li>\n  (Session info: chrome=124.0.6367.93)\nBuild info: version: '4.18.1', revision: 'b1d3319b48'\nSystem info: os.name: 'Windows 11', os.arch: 'amd64', os.version: '10.0', java.version: '21.0.2'\nDriver info: org.openqa.selenium.chrome.ChromeDriver\nCommand: [00af05ccf3b09624f88c25daa766cc93, clickElement {id=f.FCBCDE4FCD9E3218171E331ABBBB0898.d.97D46D7BB08BCCFD210FDFF3B397F300.e.46}]\nCapabilities {acceptInsecureCerts: false, browserName: chrome, browserVersion: 124.0.6367.93, chrome: {chromedriverVersion: 124.0.6367.91 (51df0e5e17a8..., userDataDir: C:\\Users\\sudha\\AppData\\Loca...}, fedcm:accounts: true, goog:chromeOptions: {debuggerAddress: localhost:50173}, networkConnectionEnabled: false, pageLoadStrategy: normal, platformName: windows, proxy: Proxy(), se:cdp: ws://localhost:50173/devtoo..., se:cdpVersion: 124.0.6367.93, setWindowRect: true, strictFileInteractability: false, timeouts: {implicit: 0, pageLoad: 300000, script: 30000}, unhandledPromptBehavior: dismiss and notify, webauthn:extension:credBlob: true, webauthn:extension:largeBlob: true, webauthn:extension:minPinLength: true, webauthn:extension:prf: true, webauthn:virtualAuthenticators: true}\nElement: [[ChromeDriver: chrome on windows (00af05ccf3b09624f88c25daa766cc93)] -> xpath: //*[@id=\"batchStatus\"]/div/div[2]]\nSession ID: 00af05ccf3b09624f88c25daa766cc93\r\n\tat java.base/jdk.internal.reflect.DirectConstructorHandleAccessor.newInstance(DirectConstructorHandleAccessor.java:62)\r\n\tat java.base/java.lang.reflect.Constructor.newInstanceWithCaller(Constructor.java:502)\r\n\tat java.base/java.lang.reflect.Constructor.newInstance(Constructor.java:486)\r\n\tat org.openqa.selenium.remote.ErrorCodec.decode(ErrorCodec.java:167)\r\n\tat org.openqa.selenium.remote.codec.w3c.W3CHttpResponseCodec.decode(W3CHttpResponseCodec.java:138)\r\n\tat org.openqa.selenium.remote.codec.w3c.W3CHttpResponseCodec.decode(W3CHttpResponseCodec.java:50)\r\n\tat org.openqa.selenium.remote.HttpCommandExecutor.execute(HttpCommandExecutor.java:190)\r\n\tat org.openqa.selenium.remote.service.DriverCommandExecutor.invokeExecute(DriverCommandExecutor.java:216)\r\n\tat org.openqa.selenium.remote.service.DriverCommandExecutor.execute(DriverCommandExecutor.java:174)\r\n\tat org.openqa.selenium.remote.RemoteWebDriver.execute(RemoteWebDriver.java:519)\r\n\tat org.openqa.selenium.remote.RemoteWebElement.execute(RemoteWebElement.java:223)\r\n\tat org.openqa.selenium.remote.RemoteWebElement.click(RemoteWebElement.java:76)\r\n\tat java.base/jdk.internal.reflect.DirectMethodHandleAccessor.invoke(DirectMethodHandleAccessor.java:103)\r\n\tat java.base/java.lang.reflect.Method.invoke(Method.java:580)\r\n\tat org.openqa.selenium.support.pagefactory.internal.LocatingElementHandler.invoke(LocatingElementHandler.java:51)\r\n\tat jdk.proxy2/jdk.proxy2.$Proxy26.click(Unknown Source)\r\n\tat com.herokuapp.codebreakers.POM.BatchPageObjects.enterBatchDetails(BatchPageObjects.java:323)\r\n\tat com.herokuapp.codebreakers.stepDefinition.BatchStepDefinition.fill_in_all_the_fields_except_description_with_valid_values_from_and_row_number_and_click_save(BatchStepDefinition.java:174)\r\n\tat ✽.Fill in all the fields except description with valid values from \"Batch\" and RowNumber 1 and click save(file:///C:/Users/sudha/git/team10-lmsphase2-codebreakers/team10-lmsphase2-codebreakers/src/test/resources/features/batch.feature:65)\r\n"},"stage":"finished","steps":[],"attachments":[],"parameters":[],"start":1714619027069,"stop":1714619031501},{"name":"Then  The newly added batch from \"Batch\" and RowNumber 1 should be present in the data table in Manage Batch page and gives \"Successful\" pop up message","status":"skipped","statusDetails":{"known":false,"muted":false,"flaky":false},"stage":"finished","steps":[],"attachments":[],"parameters":[],"start":1714619031505,"stop":1714619031506}],"attachments":[],"parameters":[{"name":"SheetName","value":"Batch"},{"name":"RowNumber","value":"1"}],"start":1714618969519,"stop":1714619032006}