{"uuid":"619fb1b3-829a-461c-a2fd-87afc5ed01af","historyId":"2339e8095f246a457ce571156d16e557","fullName":"src/test/resources/features/batch.feature:86","labels":[{"name":"host","value":"Sudha"},{"name":"thread","value":"162876@Sudha.TestNG-PoolService-7(54)"},{"name":"feature","value":"Batch Page Validation"},{"name":"story","value":"Check for error messages for mandatory fields"},{"name":"suite","value":"Batch Page Validation"},{"name":"testClass","value":"Check for error messages for mandatory fields"},{"name":"framework","value":"cucumber4jvm"},{"name":"language","value":"java"},{"name":"gherkin_uri","value":"file:///C:/Users/sudha/git/team10-lmsphase2-codebreakers/team10-lmsphase2-codebreakers/src/test/resources/features/batch.feature"},{"name":"package","value":"src.test.resources.features.batch_feature.Batch Page Validation"}],"links":[],"name":"Check for error messages for mandatory fields","status":"broken","statusDetails":{"known":false,"muted":false,"flaky":false,"message":"element click intercepted: Element <div class=\"p-radiobutton-box\">...</div> is not clickable at point (425, 493). Other element would receive the click: <li role=\"option\" pripple=\"\" aria-label=\"SDETT1420240501003827420\" aria-selected=\"false\" class=\"p-dropdown-item p-ripple\">...</li>\n  (Session info: chrome=124.0.6367.93)\nBuild info: version: '4.18.1', revision: 'b1d3319b48'\nSystem info: os.name: 'Windows 11', os.arch: 'amd64', os.version: '10.0', java.version: '21.0.2'\nDriver info: org.openqa.selenium.chrome.ChromeDriver\nCommand: [cdc190cf553ee17b99d3fb33972dc9e5, clickElement {id=f.9F2D7FFC78D58A762608ACD8175CCB78.d.63574F0180562E714E10404A8BD51637.e.46}]\nCapabilities {acceptInsecureCerts: false, browserName: chrome, browserVersion: 124.0.6367.93, chrome: {chromedriverVersion: 124.0.6367.91 (51df0e5e17a8..., userDataDir: C:\\Users\\sudha\\AppData\\Loca...}, fedcm:accounts: true, goog:chromeOptions: {debuggerAddress: localhost:50261}, networkConnectionEnabled: false, pageLoadStrategy: normal, platformName: windows, proxy: Proxy(), se:cdp: ws://localhost:50261/devtoo..., se:cdpVersion: 124.0.6367.93, setWindowRect: true, strictFileInteractability: false, timeouts: {implicit: 0, pageLoad: 300000, script: 30000}, unhandledPromptBehavior: dismiss and notify, webauthn:extension:credBlob: true, webauthn:extension:largeBlob: true, webauthn:extension:minPinLength: true, webauthn:extension:prf: true, webauthn:virtualAuthenticators: true}\nElement: [[ChromeDriver: chrome on windows (cdc190cf553ee17b99d3fb33972dc9e5)] -> xpath: //*[@id=\"batchStatus\"]/div/div[2]]\nSession ID: cdc190cf553ee17b99d3fb33972dc9e5","trace":"org.openqa.selenium.ElementClickInterceptedException: element click intercepted: Element <div class=\"p-radiobutton-box\">...</div> is not clickable at point (425, 493). Other element would receive the click: <li role=\"option\" pripple=\"\" aria-label=\"SDETT1420240501003827420\" aria-selected=\"false\" class=\"p-dropdown-item p-ripple\">...</li>\n  (Session info: chrome=124.0.6367.93)\nBuild info: version: '4.18.1', revision: 'b1d3319b48'\nSystem info: os.name: 'Windows 11', os.arch: 'amd64', os.version: '10.0', java.version: '21.0.2'\nDriver info: org.openqa.selenium.chrome.ChromeDriver\nCommand: [cdc190cf553ee17b99d3fb33972dc9e5, clickElement {id=f.9F2D7FFC78D58A762608ACD8175CCB78.d.63574F0180562E714E10404A8BD51637.e.46}]\nCapabilities {acceptInsecureCerts: false, browserName: chrome, browserVersion: 124.0.6367.93, chrome: {chromedriverVersion: 124.0.6367.91 (51df0e5e17a8..., userDataDir: C:\\Users\\sudha\\AppData\\Loca...}, fedcm:accounts: true, goog:chromeOptions: {debuggerAddress: localhost:50261}, networkConnectionEnabled: false, pageLoadStrategy: normal, platformName: windows, proxy: Proxy(), se:cdp: ws://localhost:50261/devtoo..., se:cdpVersion: 124.0.6367.93, setWindowRect: true, strictFileInteractability: false, timeouts: {implicit: 0, pageLoad: 300000, script: 30000}, unhandledPromptBehavior: dismiss and notify, webauthn:extension:credBlob: true, webauthn:extension:largeBlob: true, webauthn:extension:minPinLength: true, webauthn:extension:prf: true, webauthn:virtualAuthenticators: true}\nElement: [[ChromeDriver: chrome on windows (cdc190cf553ee17b99d3fb33972dc9e5)] -> xpath: //*[@id=\"batchStatus\"]/div/div[2]]\nSession ID: cdc190cf553ee17b99d3fb33972dc9e5\r\n\tat java.base/jdk.internal.reflect.DirectConstructorHandleAccessor.newInstance(DirectConstructorHandleAccessor.java:62)\r\n\tat java.base/java.lang.reflect.Constructor.newInstanceWithCaller(Constructor.java:502)\r\n\tat java.base/java.lang.reflect.Constructor.newInstance(Constructor.java:486)\r\n\tat org.openqa.selenium.remote.ErrorCodec.decode(ErrorCodec.java:167)\r\n\tat org.openqa.selenium.remote.codec.w3c.W3CHttpResponseCodec.decode(W3CHttpResponseCodec.java:138)\r\n\tat org.openqa.selenium.remote.codec.w3c.W3CHttpResponseCodec.decode(W3CHttpResponseCodec.java:50)\r\n\tat org.openqa.selenium.remote.HttpCommandExecutor.execute(HttpCommandExecutor.java:190)\r\n\tat org.openqa.selenium.remote.service.DriverCommandExecutor.invokeExecute(DriverCommandExecutor.java:216)\r\n\tat org.openqa.selenium.remote.service.DriverCommandExecutor.execute(DriverCommandExecutor.java:174)\r\n\tat org.openqa.selenium.remote.RemoteWebDriver.execute(RemoteWebDriver.java:519)\r\n\tat org.openqa.selenium.remote.RemoteWebElement.execute(RemoteWebElement.java:223)\r\n\tat org.openqa.selenium.remote.RemoteWebElement.click(RemoteWebElement.java:76)\r\n\tat java.base/jdk.internal.reflect.DirectMethodHandleAccessor.invoke(DirectMethodHandleAccessor.java:103)\r\n\tat java.base/java.lang.reflect.Method.invoke(Method.java:580)\r\n\tat org.openqa.selenium.support.pagefactory.internal.LocatingElementHandler.invoke(LocatingElementHandler.java:51)\r\n\tat jdk.proxy2/jdk.proxy2.$Proxy26.click(Unknown Source)\r\n\tat com.herokuapp.codebreakers.POM.BatchPageObjects.enterBatchDetails(BatchPageObjects.java:323)\r\n\tat com.herokuapp.codebreakers.stepDefinition.BatchStepDefinition.fill_in_any_of_the_mandatory_fields_with_blank_from_and_row_number_and_click_save(BatchStepDefinition.java:216)\r\n\tat ✽.Fill in any of the mandatory fields with blank from \"Batch\" and RowNumber 3 and click save(file:///C:/Users/sudha/git/team10-lmsphase2-codebreakers/team10-lmsphase2-codebreakers/src/test/resources/features/batch.feature:81)\r\n"},"stage":"finished","steps":[{"name":"Given  Logged on the LMS portal","status":"passed","statusDetails":{"known":false,"muted":false,"flaky":false},"stage":"finished","steps":[],"attachments":[],"parameters":[],"start":1714618973950,"stop":1714619041776},{"name":"Given  Admin is on dashboard page and admin clicks on batch and then admin clicks on A New Batch then A new pop up with Batch details appears","status":"passed","statusDetails":{"known":false,"muted":false,"flaky":false},"stage":"finished","steps":[],"attachments":[],"parameters":[],"start":1714619041779,"stop":1714619042536},{"name":"When  Fill in any of the mandatory fields with blank from \"Batch\" and RowNumber 3 and click save","status":"broken","statusDetails":{"known":false,"muted":false,"flaky":false,"message":"element click intercepted: Element <div class=\"p-radiobutton-box\">...</div> is not clickable at point (425, 493). Other element would receive the click: <li role=\"option\" pripple=\"\" aria-label=\"SDETT1420240501003827420\" aria-selected=\"false\" class=\"p-dropdown-item p-ripple\">...</li>\n  (Session info: chrome=124.0.6367.93)\nBuild info: version: '4.18.1', revision: 'b1d3319b48'\nSystem info: os.name: 'Windows 11', os.arch: 'amd64', os.version: '10.0', java.version: '21.0.2'\nDriver info: org.openqa.selenium.chrome.ChromeDriver\nCommand: [cdc190cf553ee17b99d3fb33972dc9e5, clickElement {id=f.9F2D7FFC78D58A762608ACD8175CCB78.d.63574F0180562E714E10404A8BD51637.e.46}]\nCapabilities {acceptInsecureCerts: false, browserName: chrome, browserVersion: 124.0.6367.93, chrome: {chromedriverVersion: 124.0.6367.91 (51df0e5e17a8..., userDataDir: C:\\Users\\sudha\\AppData\\Loca...}, fedcm:accounts: true, goog:chromeOptions: {debuggerAddress: localhost:50261}, networkConnectionEnabled: false, pageLoadStrategy: normal, platformName: windows, proxy: Proxy(), se:cdp: ws://localhost:50261/devtoo..., se:cdpVersion: 124.0.6367.93, setWindowRect: true, strictFileInteractability: false, timeouts: {implicit: 0, pageLoad: 300000, script: 30000}, unhandledPromptBehavior: dismiss and notify, webauthn:extension:credBlob: true, webauthn:extension:largeBlob: true, webauthn:extension:minPinLength: true, webauthn:extension:prf: true, webauthn:virtualAuthenticators: true}\nElement: [[ChromeDriver: chrome on windows (cdc190cf553ee17b99d3fb33972dc9e5)] -> xpath: //*[@id=\"batchStatus\"]/div/div[2]]\nSession ID: cdc190cf553ee17b99d3fb33972dc9e5","trace":"org.openqa.selenium.ElementClickInterceptedException: element click intercepted: Element <div class=\"p-radiobutton-box\">...</div> is not clickable at point (425, 493). Other element would receive the click: <li role=\"option\" pripple=\"\" aria-label=\"SDETT1420240501003827420\" aria-selected=\"false\" class=\"p-dropdown-item p-ripple\">...</li>\n  (Session info: chrome=124.0.6367.93)\nBuild info: version: '4.18.1', revision: 'b1d3319b48'\nSystem info: os.name: 'Windows 11', os.arch: 'amd64', os.version: '10.0', java.version: '21.0.2'\nDriver info: org.openqa.selenium.chrome.ChromeDriver\nCommand: [cdc190cf553ee17b99d3fb33972dc9e5, clickElement {id=f.9F2D7FFC78D58A762608ACD8175CCB78.d.63574F0180562E714E10404A8BD51637.e.46}]\nCapabilities {acceptInsecureCerts: false, browserName: chrome, browserVersion: 124.0.6367.93, chrome: {chromedriverVersion: 124.0.6367.91 (51df0e5e17a8..., userDataDir: C:\\Users\\sudha\\AppData\\Loca...}, fedcm:accounts: true, goog:chromeOptions: {debuggerAddress: localhost:50261}, networkConnectionEnabled: false, pageLoadStrategy: normal, platformName: windows, proxy: Proxy(), se:cdp: ws://localhost:50261/devtoo..., se:cdpVersion: 124.0.6367.93, setWindowRect: true, strictFileInteractability: false, timeouts: {implicit: 0, pageLoad: 300000, script: 30000}, unhandledPromptBehavior: dismiss and notify, webauthn:extension:credBlob: true, webauthn:extension:largeBlob: true, webauthn:extension:minPinLength: true, webauthn:extension:prf: true, webauthn:virtualAuthenticators: true}\nElement: [[ChromeDriver: chrome on windows (cdc190cf553ee17b99d3fb33972dc9e5)] -> xpath: //*[@id=\"batchStatus\"]/div/div[2]]\nSession ID: cdc190cf553ee17b99d3fb33972dc9e5\r\n\tat java.base/jdk.internal.reflect.DirectConstructorHandleAccessor.newInstance(DirectConstructorHandleAccessor.java:62)\r\n\tat java.base/java.lang.reflect.Constructor.newInstanceWithCaller(Constructor.java:502)\r\n\tat java.base/java.lang.reflect.Constructor.newInstance(Constructor.java:486)\r\n\tat org.openqa.selenium.remote.ErrorCodec.decode(ErrorCodec.java:167)\r\n\tat org.openqa.selenium.remote.codec.w3c.W3CHttpResponseCodec.decode(W3CHttpResponseCodec.java:138)\r\n\tat org.openqa.selenium.remote.codec.w3c.W3CHttpResponseCodec.decode(W3CHttpResponseCodec.java:50)\r\n\tat org.openqa.selenium.remote.HttpCommandExecutor.execute(HttpCommandExecutor.java:190)\r\n\tat org.openqa.selenium.remote.service.DriverCommandExecutor.invokeExecute(DriverCommandExecutor.java:216)\r\n\tat org.openqa.selenium.remote.service.DriverCommandExecutor.execute(DriverCommandExecutor.java:174)\r\n\tat org.openqa.selenium.remote.RemoteWebDriver.execute(RemoteWebDriver.java:519)\r\n\tat org.openqa.selenium.remote.RemoteWebElement.execute(RemoteWebElement.java:223)\r\n\tat org.openqa.selenium.remote.RemoteWebElement.click(RemoteWebElement.java:76)\r\n\tat java.base/jdk.internal.reflect.DirectMethodHandleAccessor.invoke(DirectMethodHandleAccessor.java:103)\r\n\tat java.base/java.lang.reflect.Method.invoke(Method.java:580)\r\n\tat org.openqa.selenium.support.pagefactory.internal.LocatingElementHandler.invoke(LocatingElementHandler.java:51)\r\n\tat jdk.proxy2/jdk.proxy2.$Proxy26.click(Unknown Source)\r\n\tat com.herokuapp.codebreakers.POM.BatchPageObjects.enterBatchDetails(BatchPageObjects.java:323)\r\n\tat com.herokuapp.codebreakers.stepDefinition.BatchStepDefinition.fill_in_any_of_the_mandatory_fields_with_blank_from_and_row_number_and_click_save(BatchStepDefinition.java:216)\r\n\tat ✽.Fill in any of the mandatory fields with blank from \"Batch\" and RowNumber 3 and click save(file:///C:/Users/sudha/git/team10-lmsphase2-codebreakers/team10-lmsphase2-codebreakers/src/test/resources/features/batch.feature:81)\r\n"},"stage":"finished","steps":[],"attachments":[],"parameters":[],"start":1714619042536,"stop":1714619045206},{"name":"Then  Error message should appear and admin validates the error message","status":"skipped","statusDetails":{"known":false,"muted":false,"flaky":false},"stage":"finished","steps":[],"attachments":[],"parameters":[],"start":1714619045208,"stop":1714619045208}],"attachments":[],"parameters":[{"name":"SheetName","value":"Batch"},{"name":"RowNumber","value":"3"}],"start":1714618973949,"stop":1714619045871}