{"uuid":"a4dca8f0-df8e-464a-ba2d-999c2236b7e9","historyId":"3a0f13e6d922b8aab60f76e73df12796","fullName":"src/test/resources/features/program.feature:200","labels":[{"name":"host","value":"Sudha"},{"name":"thread","value":"162876@Sudha.TestNG-PoolService-5(52)"},{"name":"feature","value":"Manage Program Validation, Add, Edit and Delete Program with pagination and sorting validations"},{"name":"story","value":"Validate multiple program deletion by selecting multiple check boxes"},{"name":"suite","value":"Manage Program Validation, Add, Edit and Delete Program with pagination and sorting validations"},{"name":"testClass","value":"Validate multiple program deletion by selecting multiple check boxes"},{"name":"framework","value":"cucumber4jvm"},{"name":"language","value":"java"},{"name":"gherkin_uri","value":"file:///C:/Users/sudha/git/team10-lmsphase2-codebreakers/team10-lmsphase2-codebreakers/src/test/resources/features/program.feature"},{"name":"package","value":"src.test.resources.features.program_feature.Manage Program Validation, Add, Edit and Delete Program with pagination and sorting validations"}],"links":[],"name":"Validate multiple program deletion by selecting multiple check boxes","status":"broken","statusDetails":{"known":false,"muted":false,"flaky":false,"message":"element click intercepted: Element <div role=\"checkbox\" aria-checked=\"false\" class=\"p-checkbox-box p-component\">...</div> is not clickable at point (181, 447). Other element would receive the click: <div class=\"ng-tns-c133-4 ng-star-inserted p-dialog-mask p-component-overlay p-dialog-mask-scrollblocker\" style=\"z-index: 1001;\">...</div>\n  (Session info: chrome=124.0.6367.93)\nBuild info: version: '4.18.1', revision: 'b1d3319b48'\nSystem info: os.name: 'Windows 11', os.arch: 'amd64', os.version: '10.0', java.version: '21.0.2'\nDriver info: org.openqa.selenium.chrome.ChromeDriver\nCommand: [0b390bb6181f1038146d8fd239f575ba, clickElement {id=f.477BF061B4E19C1DBEDC159D4AEB4DB1.d.E3A41A8A74455B3B4B38ECD06821CCB6.e.88}]\nCapabilities {acceptInsecureCerts: false, browserName: chrome, browserVersion: 124.0.6367.93, chrome: {chromedriverVersion: 124.0.6367.91 (51df0e5e17a8..., userDataDir: C:\\Users\\sudha\\AppData\\Loca...}, fedcm:accounts: true, goog:chromeOptions: {debuggerAddress: localhost:52994}, networkConnectionEnabled: false, pageLoadStrategy: normal, platformName: windows, proxy: Proxy(), se:cdp: ws://localhost:52994/devtoo..., se:cdpVersion: 124.0.6367.93, setWindowRect: true, strictFileInteractability: false, timeouts: {implicit: 0, pageLoad: 300000, script: 30000}, unhandledPromptBehavior: dismiss and notify, webauthn:extension:credBlob: true, webauthn:extension:largeBlob: true, webauthn:extension:minPinLength: true, webauthn:extension:prf: true, webauthn:virtualAuthenticators: true}\nElement: [[ChromeDriver: chrome on windows (0b390bb6181f1038146d8fd239f575ba)] -> xpath: //div/div[1]/table/tbody/tr[2]/td[1]/p-tablecheckbox/div/div[2]]\nSession ID: 0b390bb6181f1038146d8fd239f575ba","trace":"org.openqa.selenium.ElementClickInterceptedException: element click intercepted: Element <div role=\"checkbox\" aria-checked=\"false\" class=\"p-checkbox-box p-component\">...</div> is not clickable at point (181, 447). Other element would receive the click: <div class=\"ng-tns-c133-4 ng-star-inserted p-dialog-mask p-component-overlay p-dialog-mask-scrollblocker\" style=\"z-index: 1001;\">...</div>\n  (Session info: chrome=124.0.6367.93)\nBuild info: version: '4.18.1', revision: 'b1d3319b48'\nSystem info: os.name: 'Windows 11', os.arch: 'amd64', os.version: '10.0', java.version: '21.0.2'\nDriver info: org.openqa.selenium.chrome.ChromeDriver\nCommand: [0b390bb6181f1038146d8fd239f575ba, clickElement {id=f.477BF061B4E19C1DBEDC159D4AEB4DB1.d.E3A41A8A74455B3B4B38ECD06821CCB6.e.88}]\nCapabilities {acceptInsecureCerts: false, browserName: chrome, browserVersion: 124.0.6367.93, chrome: {chromedriverVersion: 124.0.6367.91 (51df0e5e17a8..., userDataDir: C:\\Users\\sudha\\AppData\\Loca...}, fedcm:accounts: true, goog:chromeOptions: {debuggerAddress: localhost:52994}, networkConnectionEnabled: false, pageLoadStrategy: normal, platformName: windows, proxy: Proxy(), se:cdp: ws://localhost:52994/devtoo..., se:cdpVersion: 124.0.6367.93, setWindowRect: true, strictFileInteractability: false, timeouts: {implicit: 0, pageLoad: 300000, script: 30000}, unhandledPromptBehavior: dismiss and notify, webauthn:extension:credBlob: true, webauthn:extension:largeBlob: true, webauthn:extension:minPinLength: true, webauthn:extension:prf: true, webauthn:virtualAuthenticators: true}\nElement: [[ChromeDriver: chrome on windows (0b390bb6181f1038146d8fd239f575ba)] -> xpath: //div/div[1]/table/tbody/tr[2]/td[1]/p-tablecheckbox/div/div[2]]\nSession ID: 0b390bb6181f1038146d8fd239f575ba\r\n\tat java.base/jdk.internal.reflect.DirectConstructorHandleAccessor.newInstance(DirectConstructorHandleAccessor.java:62)\r\n\tat java.base/java.lang.reflect.Constructor.newInstanceWithCaller(Constructor.java:502)\r\n\tat java.base/java.lang.reflect.Constructor.newInstance(Constructor.java:486)\r\n\tat org.openqa.selenium.remote.ErrorCodec.decode(ErrorCodec.java:167)\r\n\tat org.openqa.selenium.remote.codec.w3c.W3CHttpResponseCodec.decode(W3CHttpResponseCodec.java:138)\r\n\tat org.openqa.selenium.remote.codec.w3c.W3CHttpResponseCodec.decode(W3CHttpResponseCodec.java:50)\r\n\tat org.openqa.selenium.remote.HttpCommandExecutor.execute(HttpCommandExecutor.java:190)\r\n\tat org.openqa.selenium.remote.service.DriverCommandExecutor.invokeExecute(DriverCommandExecutor.java:216)\r\n\tat org.openqa.selenium.remote.service.DriverCommandExecutor.execute(DriverCommandExecutor.java:174)\r\n\tat org.openqa.selenium.remote.RemoteWebDriver.execute(RemoteWebDriver.java:519)\r\n\tat org.openqa.selenium.remote.RemoteWebElement.execute(RemoteWebElement.java:223)\r\n\tat org.openqa.selenium.remote.RemoteWebElement.click(RemoteWebElement.java:76)\r\n\tat java.base/jdk.internal.reflect.DirectMethodHandleAccessor.invoke(DirectMethodHandleAccessor.java:103)\r\n\tat java.base/java.lang.reflect.Method.invoke(Method.java:580)\r\n\tat org.openqa.selenium.support.pagefactory.internal.LocatingElementHandler.invoke(LocatingElementHandler.java:51)\r\n\tat jdk.proxy2/jdk.proxy2.$Proxy26.click(Unknown Source)\r\n\tat com.herokuapp.codebreakers.POM.ProgramPageObjects.validateMulDeleteNo(ProgramPageObjects.java:757)\r\n\tat com.herokuapp.codebreakers.stepDefinition.ProgramStepDefnition.admin_clicks_no_button_on_the_alert_with_multi_checkbox_select(ProgramStepDefnition.java:481)\r\n\tat ✽.Admin clicks <NO> button on the alert with multi checkbox select(file:///C:/Users/sudha/git/team10-lmsphase2-codebreakers/team10-lmsphase2-codebreakers/src/test/resources/features/program.feature:204)\r\n"},"stage":"finished","steps":[{"name":"Given  User is on dashboard page after Login and clicks Program on the navigation bar","status":"passed","statusDetails":{"known":false,"muted":false,"flaky":false},"stage":"finished","steps":[],"attachments":[],"parameters":[],"start":1714619480655,"stop":1714619531488},{"name":"When  Admin clicks <YES> button on the alert with multi checkbox select","status":"passed","statusDetails":{"known":false,"muted":false,"flaky":false},"stage":"finished","steps":[],"attachments":[],"parameters":[],"start":1714619531488,"stop":1714619534467},{"name":"Then  Admin should land on Manage Program page and can see the selected program is deleted from the data table","status":"passed","statusDetails":{"known":false,"muted":false,"flaky":false},"stage":"finished","steps":[],"attachments":[],"parameters":[],"start":1714619534468,"stop":1714619534468},{"name":"When  Admin clicks <NO> button on the alert with multi checkbox select","status":"broken","statusDetails":{"known":false,"muted":false,"flaky":false,"message":"element click intercepted: Element <div role=\"checkbox\" aria-checked=\"false\" class=\"p-checkbox-box p-component\">...</div> is not clickable at point (181, 447). Other element would receive the click: <div class=\"ng-tns-c133-4 ng-star-inserted p-dialog-mask p-component-overlay p-dialog-mask-scrollblocker\" style=\"z-index: 1001;\">...</div>\n  (Session info: chrome=124.0.6367.93)\nBuild info: version: '4.18.1', revision: 'b1d3319b48'\nSystem info: os.name: 'Windows 11', os.arch: 'amd64', os.version: '10.0', java.version: '21.0.2'\nDriver info: org.openqa.selenium.chrome.ChromeDriver\nCommand: [0b390bb6181f1038146d8fd239f575ba, clickElement {id=f.477BF061B4E19C1DBEDC159D4AEB4DB1.d.E3A41A8A74455B3B4B38ECD06821CCB6.e.88}]\nCapabilities {acceptInsecureCerts: false, browserName: chrome, browserVersion: 124.0.6367.93, chrome: {chromedriverVersion: 124.0.6367.91 (51df0e5e17a8..., userDataDir: C:\\Users\\sudha\\AppData\\Loca...}, fedcm:accounts: true, goog:chromeOptions: {debuggerAddress: localhost:52994}, networkConnectionEnabled: false, pageLoadStrategy: normal, platformName: windows, proxy: Proxy(), se:cdp: ws://localhost:52994/devtoo..., se:cdpVersion: 124.0.6367.93, setWindowRect: true, strictFileInteractability: false, timeouts: {implicit: 0, pageLoad: 300000, script: 30000}, unhandledPromptBehavior: dismiss and notify, webauthn:extension:credBlob: true, webauthn:extension:largeBlob: true, webauthn:extension:minPinLength: true, webauthn:extension:prf: true, webauthn:virtualAuthenticators: true}\nElement: [[ChromeDriver: chrome on windows (0b390bb6181f1038146d8fd239f575ba)] -> xpath: //div/div[1]/table/tbody/tr[2]/td[1]/p-tablecheckbox/div/div[2]]\nSession ID: 0b390bb6181f1038146d8fd239f575ba","trace":"org.openqa.selenium.ElementClickInterceptedException: element click intercepted: Element <div role=\"checkbox\" aria-checked=\"false\" class=\"p-checkbox-box p-component\">...</div> is not clickable at point (181, 447). Other element would receive the click: <div class=\"ng-tns-c133-4 ng-star-inserted p-dialog-mask p-component-overlay p-dialog-mask-scrollblocker\" style=\"z-index: 1001;\">...</div>\n  (Session info: chrome=124.0.6367.93)\nBuild info: version: '4.18.1', revision: 'b1d3319b48'\nSystem info: os.name: 'Windows 11', os.arch: 'amd64', os.version: '10.0', java.version: '21.0.2'\nDriver info: org.openqa.selenium.chrome.ChromeDriver\nCommand: [0b390bb6181f1038146d8fd239f575ba, clickElement {id=f.477BF061B4E19C1DBEDC159D4AEB4DB1.d.E3A41A8A74455B3B4B38ECD06821CCB6.e.88}]\nCapabilities {acceptInsecureCerts: false, browserName: chrome, browserVersion: 124.0.6367.93, chrome: {chromedriverVersion: 124.0.6367.91 (51df0e5e17a8..., userDataDir: C:\\Users\\sudha\\AppData\\Loca...}, fedcm:accounts: true, goog:chromeOptions: {debuggerAddress: localhost:52994}, networkConnectionEnabled: false, pageLoadStrategy: normal, platformName: windows, proxy: Proxy(), se:cdp: ws://localhost:52994/devtoo..., se:cdpVersion: 124.0.6367.93, setWindowRect: true, strictFileInteractability: false, timeouts: {implicit: 0, pageLoad: 300000, script: 30000}, unhandledPromptBehavior: dismiss and notify, webauthn:extension:credBlob: true, webauthn:extension:largeBlob: true, webauthn:extension:minPinLength: true, webauthn:extension:prf: true, webauthn:virtualAuthenticators: true}\nElement: [[ChromeDriver: chrome on windows (0b390bb6181f1038146d8fd239f575ba)] -> xpath: //div/div[1]/table/tbody/tr[2]/td[1]/p-tablecheckbox/div/div[2]]\nSession ID: 0b390bb6181f1038146d8fd239f575ba\r\n\tat java.base/jdk.internal.reflect.DirectConstructorHandleAccessor.newInstance(DirectConstructorHandleAccessor.java:62)\r\n\tat java.base/java.lang.reflect.Constructor.newInstanceWithCaller(Constructor.java:502)\r\n\tat java.base/java.lang.reflect.Constructor.newInstance(Constructor.java:486)\r\n\tat org.openqa.selenium.remote.ErrorCodec.decode(ErrorCodec.java:167)\r\n\tat org.openqa.selenium.remote.codec.w3c.W3CHttpResponseCodec.decode(W3CHttpResponseCodec.java:138)\r\n\tat org.openqa.selenium.remote.codec.w3c.W3CHttpResponseCodec.decode(W3CHttpResponseCodec.java:50)\r\n\tat org.openqa.selenium.remote.HttpCommandExecutor.execute(HttpCommandExecutor.java:190)\r\n\tat org.openqa.selenium.remote.service.DriverCommandExecutor.invokeExecute(DriverCommandExecutor.java:216)\r\n\tat org.openqa.selenium.remote.service.DriverCommandExecutor.execute(DriverCommandExecutor.java:174)\r\n\tat org.openqa.selenium.remote.RemoteWebDriver.execute(RemoteWebDriver.java:519)\r\n\tat org.openqa.selenium.remote.RemoteWebElement.execute(RemoteWebElement.java:223)\r\n\tat org.openqa.selenium.remote.RemoteWebElement.click(RemoteWebElement.java:76)\r\n\tat java.base/jdk.internal.reflect.DirectMethodHandleAccessor.invoke(DirectMethodHandleAccessor.java:103)\r\n\tat java.base/java.lang.reflect.Method.invoke(Method.java:580)\r\n\tat org.openqa.selenium.support.pagefactory.internal.LocatingElementHandler.invoke(LocatingElementHandler.java:51)\r\n\tat jdk.proxy2/jdk.proxy2.$Proxy26.click(Unknown Source)\r\n\tat com.herokuapp.codebreakers.POM.ProgramPageObjects.validateMulDeleteNo(ProgramPageObjects.java:757)\r\n\tat com.herokuapp.codebreakers.stepDefinition.ProgramStepDefnition.admin_clicks_no_button_on_the_alert_with_multi_checkbox_select(ProgramStepDefnition.java:481)\r\n\tat ✽.Admin clicks <NO> button on the alert with multi checkbox select(file:///C:/Users/sudha/git/team10-lmsphase2-codebreakers/team10-lmsphase2-codebreakers/src/test/resources/features/program.feature:204)\r\n"},"stage":"finished","steps":[],"attachments":[],"parameters":[],"start":1714619534468,"stop":1714619535647},{"name":"Then  Admin should land on Manage Program page and can see the selected program is not deleted from the data table","status":"skipped","statusDetails":{"known":false,"muted":false,"flaky":false},"stage":"finished","steps":[],"attachments":[],"parameters":[],"start":1714619535648,"stop":1714619535648}],"attachments":[],"parameters":[],"start":1714619480654,"stop":1714619536019}