{"uuid":"b1a92029-fe54-4e1e-9806-d2536b925d02","historyId":"d83d11810ae5b46a5eacd03d93b0d2ac","fullName":"src/test/resources/features/program.feature:136","labels":[{"name":"host","value":"Sudha"},{"name":"thread","value":"162876@Sudha.TestNG-PoolService-4(51)"},{"name":"feature","value":"Manage Program Validation, Add, Edit and Delete Program with pagination and sorting validations"},{"name":"story","value":"Change Program Status"},{"name":"suite","value":"Manage Program Validation, Add, Edit and Delete Program with pagination and sorting validations"},{"name":"testClass","value":"Change Program Status"},{"name":"framework","value":"cucumber4jvm"},{"name":"language","value":"java"},{"name":"gherkin_uri","value":"file:///C:/Users/sudha/git/team10-lmsphase2-codebreakers/team10-lmsphase2-codebreakers/src/test/resources/features/program.feature"},{"name":"package","value":"src.test.resources.features.program_feature.Manage Program Validation, Add, Edit and Delete Program with pagination and sorting validations"}],"links":[],"name":"Change Program Status","status":"broken","statusDetails":{"known":false,"muted":false,"flaky":false,"message":"element click intercepted: Element <button type=\"button\" pripple=\"\" class=\"p-paginator-next p-paginator-element p-link p-ripple\">...</button> is not clickable at point (736, 851). Other element would receive the click: <div class=\"ng-tns-c132-3 p-dialog-mask p-component-overlay p-dialog-mask-scrollblocker ng-star-inserted\" style=\"z-index: 1000;\">...</div>\n  (Session info: chrome=124.0.6367.93)\nBuild info: version: '4.18.1', revision: 'b1d3319b48'\nSystem info: os.name: 'Windows 11', os.arch: 'amd64', os.version: '10.0', java.version: '21.0.2'\nDriver info: org.openqa.selenium.chrome.ChromeDriver\nCommand: [275791ac179a7522c64fa917a5f042c6, clickElement {id=f.115E165AB54EEE91039671CFC2ADBD70.d.45D738F4BE2EB7862603B41D7799AB6F.e.50}]\nCapabilities {acceptInsecureCerts: false, browserName: chrome, browserVersion: 124.0.6367.93, chrome: {chromedriverVersion: 124.0.6367.91 (51df0e5e17a8..., userDataDir: C:\\Users\\sudha\\AppData\\Loca...}, fedcm:accounts: true, goog:chromeOptions: {debuggerAddress: localhost:52578}, networkConnectionEnabled: false, pageLoadStrategy: normal, platformName: windows, proxy: Proxy(), se:cdp: ws://localhost:52578/devtoo..., se:cdpVersion: 124.0.6367.93, setWindowRect: true, strictFileInteractability: false, timeouts: {implicit: 0, pageLoad: 300000, script: 30000}, unhandledPromptBehavior: dismiss and notify, webauthn:extension:credBlob: true, webauthn:extension:largeBlob: true, webauthn:extension:minPinLength: true, webauthn:extension:prf: true, webauthn:virtualAuthenticators: true}\nElement: [[ChromeDriver: chrome on windows (275791ac179a7522c64fa917a5f042c6)] -> xpath: //button[@class=\"p-paginator-next p-paginator-element p-link p-ripple\"]]\nSession ID: 275791ac179a7522c64fa917a5f042c6","trace":"org.openqa.selenium.ElementClickInterceptedException: element click intercepted: Element <button type=\"button\" pripple=\"\" class=\"p-paginator-next p-paginator-element p-link p-ripple\">...</button> is not clickable at point (736, 851). Other element would receive the click: <div class=\"ng-tns-c132-3 p-dialog-mask p-component-overlay p-dialog-mask-scrollblocker ng-star-inserted\" style=\"z-index: 1000;\">...</div>\n  (Session info: chrome=124.0.6367.93)\nBuild info: version: '4.18.1', revision: 'b1d3319b48'\nSystem info: os.name: 'Windows 11', os.arch: 'amd64', os.version: '10.0', java.version: '21.0.2'\nDriver info: org.openqa.selenium.chrome.ChromeDriver\nCommand: [275791ac179a7522c64fa917a5f042c6, clickElement {id=f.115E165AB54EEE91039671CFC2ADBD70.d.45D738F4BE2EB7862603B41D7799AB6F.e.50}]\nCapabilities {acceptInsecureCerts: false, browserName: chrome, browserVersion: 124.0.6367.93, chrome: {chromedriverVersion: 124.0.6367.91 (51df0e5e17a8..., userDataDir: C:\\Users\\sudha\\AppData\\Loca...}, fedcm:accounts: true, goog:chromeOptions: {debuggerAddress: localhost:52578}, networkConnectionEnabled: false, pageLoadStrategy: normal, platformName: windows, proxy: Proxy(), se:cdp: ws://localhost:52578/devtoo..., se:cdpVersion: 124.0.6367.93, setWindowRect: true, strictFileInteractability: false, timeouts: {implicit: 0, pageLoad: 300000, script: 30000}, unhandledPromptBehavior: dismiss and notify, webauthn:extension:credBlob: true, webauthn:extension:largeBlob: true, webauthn:extension:minPinLength: true, webauthn:extension:prf: true, webauthn:virtualAuthenticators: true}\nElement: [[ChromeDriver: chrome on windows (275791ac179a7522c64fa917a5f042c6)] -> xpath: //button[@class=\"p-paginator-next p-paginator-element p-link p-ripple\"]]\nSession ID: 275791ac179a7522c64fa917a5f042c6\r\n\tat java.base/jdk.internal.reflect.DirectConstructorHandleAccessor.newInstance(DirectConstructorHandleAccessor.java:62)\r\n\tat java.base/java.lang.reflect.Constructor.newInstanceWithCaller(Constructor.java:502)\r\n\tat java.base/java.lang.reflect.Constructor.newInstance(Constructor.java:486)\r\n\tat org.openqa.selenium.remote.ErrorCodec.decode(ErrorCodec.java:167)\r\n\tat org.openqa.selenium.remote.codec.w3c.W3CHttpResponseCodec.decode(W3CHttpResponseCodec.java:138)\r\n\tat org.openqa.selenium.remote.codec.w3c.W3CHttpResponseCodec.decode(W3CHttpResponseCodec.java:50)\r\n\tat org.openqa.selenium.remote.HttpCommandExecutor.execute(HttpCommandExecutor.java:190)\r\n\tat org.openqa.selenium.remote.service.DriverCommandExecutor.invokeExecute(DriverCommandExecutor.java:216)\r\n\tat org.openqa.selenium.remote.service.DriverCommandExecutor.execute(DriverCommandExecutor.java:174)\r\n\tat org.openqa.selenium.remote.RemoteWebDriver.execute(RemoteWebDriver.java:519)\r\n\tat org.openqa.selenium.remote.RemoteWebElement.execute(RemoteWebElement.java:223)\r\n\tat org.openqa.selenium.remote.RemoteWebElement.click(RemoteWebElement.java:76)\r\n\tat java.base/jdk.internal.reflect.DirectMethodHandleAccessor.invoke(DirectMethodHandleAccessor.java:103)\r\n\tat java.base/java.lang.reflect.Method.invoke(Method.java:580)\r\n\tat org.openqa.selenium.support.pagefactory.internal.LocatingElementHandler.invoke(LocatingElementHandler.java:51)\r\n\tat jdk.proxy2/jdk.proxy2.$Proxy26.click(Unknown Source)\r\n\tat com.herokuapp.codebreakers.POM.ProgramPageObjects.programEdited(ProgramPageObjects.java:546)\r\n\tat com.herokuapp.codebreakers.POM.ProgramPageObjects.editPgmStatus(ProgramPageObjects.java:611)\r\n\tat com.herokuapp.codebreakers.stepDefinition.ProgramStepDefnition.admin_changes_the_status_and_clicks_save_button(ProgramStepDefnition.java:332)\r\n\tat ✽.Admin changes the Status and clicks save button(file:///C:/Users/sudha/git/team10-lmsphase2-codebreakers/team10-lmsphase2-codebreakers/src/test/resources/features/program.feature:137)\r\n"},"stage":"finished","steps":[{"name":"Given  User is on dashboard page after Login and clicks Program on the navigation bar","status":"passed","statusDetails":{"known":false,"muted":false,"flaky":false},"stage":"finished","steps":[],"attachments":[],"parameters":[],"start":1714619388492,"stop":1714619465947},{"name":"When  Admin changes the Status and clicks save button","status":"broken","statusDetails":{"known":false,"muted":false,"flaky":false,"message":"element click intercepted: Element <button type=\"button\" pripple=\"\" class=\"p-paginator-next p-paginator-element p-link p-ripple\">...</button> is not clickable at point (736, 851). Other element would receive the click: <div class=\"ng-tns-c132-3 p-dialog-mask p-component-overlay p-dialog-mask-scrollblocker ng-star-inserted\" style=\"z-index: 1000;\">...</div>\n  (Session info: chrome=124.0.6367.93)\nBuild info: version: '4.18.1', revision: 'b1d3319b48'\nSystem info: os.name: 'Windows 11', os.arch: 'amd64', os.version: '10.0', java.version: '21.0.2'\nDriver info: org.openqa.selenium.chrome.ChromeDriver\nCommand: [275791ac179a7522c64fa917a5f042c6, clickElement {id=f.115E165AB54EEE91039671CFC2ADBD70.d.45D738F4BE2EB7862603B41D7799AB6F.e.50}]\nCapabilities {acceptInsecureCerts: false, browserName: chrome, browserVersion: 124.0.6367.93, chrome: {chromedriverVersion: 124.0.6367.91 (51df0e5e17a8..., userDataDir: C:\\Users\\sudha\\AppData\\Loca...}, fedcm:accounts: true, goog:chromeOptions: {debuggerAddress: localhost:52578}, networkConnectionEnabled: false, pageLoadStrategy: normal, platformName: windows, proxy: Proxy(), se:cdp: ws://localhost:52578/devtoo..., se:cdpVersion: 124.0.6367.93, setWindowRect: true, strictFileInteractability: false, timeouts: {implicit: 0, pageLoad: 300000, script: 30000}, unhandledPromptBehavior: dismiss and notify, webauthn:extension:credBlob: true, webauthn:extension:largeBlob: true, webauthn:extension:minPinLength: true, webauthn:extension:prf: true, webauthn:virtualAuthenticators: true}\nElement: [[ChromeDriver: chrome on windows (275791ac179a7522c64fa917a5f042c6)] -> xpath: //button[@class=\"p-paginator-next p-paginator-element p-link p-ripple\"]]\nSession ID: 275791ac179a7522c64fa917a5f042c6","trace":"org.openqa.selenium.ElementClickInterceptedException: element click intercepted: Element <button type=\"button\" pripple=\"\" class=\"p-paginator-next p-paginator-element p-link p-ripple\">...</button> is not clickable at point (736, 851). Other element would receive the click: <div class=\"ng-tns-c132-3 p-dialog-mask p-component-overlay p-dialog-mask-scrollblocker ng-star-inserted\" style=\"z-index: 1000;\">...</div>\n  (Session info: chrome=124.0.6367.93)\nBuild info: version: '4.18.1', revision: 'b1d3319b48'\nSystem info: os.name: 'Windows 11', os.arch: 'amd64', os.version: '10.0', java.version: '21.0.2'\nDriver info: org.openqa.selenium.chrome.ChromeDriver\nCommand: [275791ac179a7522c64fa917a5f042c6, clickElement {id=f.115E165AB54EEE91039671CFC2ADBD70.d.45D738F4BE2EB7862603B41D7799AB6F.e.50}]\nCapabilities {acceptInsecureCerts: false, browserName: chrome, browserVersion: 124.0.6367.93, chrome: {chromedriverVersion: 124.0.6367.91 (51df0e5e17a8..., userDataDir: C:\\Users\\sudha\\AppData\\Loca...}, fedcm:accounts: true, goog:chromeOptions: {debuggerAddress: localhost:52578}, networkConnectionEnabled: false, pageLoadStrategy: normal, platformName: windows, proxy: Proxy(), se:cdp: ws://localhost:52578/devtoo..., se:cdpVersion: 124.0.6367.93, setWindowRect: true, strictFileInteractability: false, timeouts: {implicit: 0, pageLoad: 300000, script: 30000}, unhandledPromptBehavior: dismiss and notify, webauthn:extension:credBlob: true, webauthn:extension:largeBlob: true, webauthn:extension:minPinLength: true, webauthn:extension:prf: true, webauthn:virtualAuthenticators: true}\nElement: [[ChromeDriver: chrome on windows (275791ac179a7522c64fa917a5f042c6)] -> xpath: //button[@class=\"p-paginator-next p-paginator-element p-link p-ripple\"]]\nSession ID: 275791ac179a7522c64fa917a5f042c6\r\n\tat java.base/jdk.internal.reflect.DirectConstructorHandleAccessor.newInstance(DirectConstructorHandleAccessor.java:62)\r\n\tat java.base/java.lang.reflect.Constructor.newInstanceWithCaller(Constructor.java:502)\r\n\tat java.base/java.lang.reflect.Constructor.newInstance(Constructor.java:486)\r\n\tat org.openqa.selenium.remote.ErrorCodec.decode(ErrorCodec.java:167)\r\n\tat org.openqa.selenium.remote.codec.w3c.W3CHttpResponseCodec.decode(W3CHttpResponseCodec.java:138)\r\n\tat org.openqa.selenium.remote.codec.w3c.W3CHttpResponseCodec.decode(W3CHttpResponseCodec.java:50)\r\n\tat org.openqa.selenium.remote.HttpCommandExecutor.execute(HttpCommandExecutor.java:190)\r\n\tat org.openqa.selenium.remote.service.DriverCommandExecutor.invokeExecute(DriverCommandExecutor.java:216)\r\n\tat org.openqa.selenium.remote.service.DriverCommandExecutor.execute(DriverCommandExecutor.java:174)\r\n\tat org.openqa.selenium.remote.RemoteWebDriver.execute(RemoteWebDriver.java:519)\r\n\tat org.openqa.selenium.remote.RemoteWebElement.execute(RemoteWebElement.java:223)\r\n\tat org.openqa.selenium.remote.RemoteWebElement.click(RemoteWebElement.java:76)\r\n\tat java.base/jdk.internal.reflect.DirectMethodHandleAccessor.invoke(DirectMethodHandleAccessor.java:103)\r\n\tat java.base/java.lang.reflect.Method.invoke(Method.java:580)\r\n\tat org.openqa.selenium.support.pagefactory.internal.LocatingElementHandler.invoke(LocatingElementHandler.java:51)\r\n\tat jdk.proxy2/jdk.proxy2.$Proxy26.click(Unknown Source)\r\n\tat com.herokuapp.codebreakers.POM.ProgramPageObjects.programEdited(ProgramPageObjects.java:546)\r\n\tat com.herokuapp.codebreakers.POM.ProgramPageObjects.editPgmStatus(ProgramPageObjects.java:611)\r\n\tat com.herokuapp.codebreakers.stepDefinition.ProgramStepDefnition.admin_changes_the_status_and_clicks_save_button(ProgramStepDefnition.java:332)\r\n\tat ✽.Admin changes the Status and clicks save button(file:///C:/Users/sudha/git/team10-lmsphase2-codebreakers/team10-lmsphase2-codebreakers/src/test/resources/features/program.feature:137)\r\n"},"stage":"finished","steps":[],"attachments":[],"parameters":[],"start":1714619465947,"stop":1714619470353},{"name":"Then  Admin gets a message \"Successful Program Updated\" alert and able to see the updated status in the table for the particular program","status":"skipped","statusDetails":{"known":false,"muted":false,"flaky":false},"stage":"finished","steps":[],"attachments":[],"parameters":[],"start":1714619470354,"stop":1714619470355}],"attachments":[],"parameters":[],"start":1714619388491,"stop":1714619470781}