{"uuid":"b9c7ebcb-acdb-405c-ac20-0fc68ea163bc","historyId":"6ec3e89676a3f155863053560d3dd3a3","fullName":"src/test/resources/features/userAssignStaff.feature:71","labels":[{"name":"host","value":"Sudha"},{"name":"thread","value":"187320@Sudha.main(1)"},{"name":"feature","value":"Navigation to 'Manage User' and validating its 'Assign Staff'  functionality"},{"name":"story","value":"Form Submission by cancelling wihtout saving the Form"},{"name":"suite","value":"Navigation to 'Manage User' and validating its 'Assign Staff'  functionality"},{"name":"testClass","value":"Form Submission by cancelling wihtout saving the Form"},{"name":"framework","value":"cucumber4jvm"},{"name":"language","value":"java"},{"name":"gherkin_uri","value":"file:///C:/Users/sudha/git/team10-lmsphase2-codebreakers/team10-lmsphase2-codebreakers/src/test/resources/features/userAssignStaff.feature"},{"name":"package","value":"src.test.resources.features.userAssignStaff_feature.Navigation to 'Manage User' and validating its 'Assign Staff'  functionality"}],"links":[],"name":"Form Submission by cancelling wihtout saving the Form","status":"broken","statusDetails":{"known":false,"muted":false,"flaky":false,"message":"element click intercepted: Element <div role=\"button\" aria-haspopup=\"listbox\" class=\"p-dropdown-trigger ng-tns-c101-11\">...</div> is not clickable at point (670, 498). Other element would receive the click: <li role=\"option\" pripple=\"\" aria-label=\"mqgjjyrsssb@abc.com\" aria-selected=\"false\" class=\"p-dropdown-item p-ripple\">...</li>\n  (Session info: chrome=124.0.6367.93)\nBuild info: version: '4.18.1', revision: 'b1d3319b48'\nSystem info: os.name: 'Windows 11', os.arch: 'amd64', os.version: '10.0', java.version: '21.0.2'\nDriver info: org.openqa.selenium.chrome.ChromeDriver\nCommand: [b1219cf110ddaaa19ef07cc878861b0d, clickElement {id=f.3E6222F7676BED7626CDB329F002D2CC.d.3A595D0DF998F2311D42CB384C09AA62.e.207}]\nCapabilities {acceptInsecureCerts: false, browserName: chrome, browserVersion: 124.0.6367.93, chrome: {chromedriverVersion: 124.0.6367.91 (51df0e5e17a8..., userDataDir: C:\\Users\\sudha\\AppData\\Loca...}, fedcm:accounts: true, goog:chromeOptions: {debuggerAddress: localhost:65452}, networkConnectionEnabled: false, pageLoadStrategy: normal, platformName: windows, proxy: Proxy(), se:cdp: ws://localhost:65452/devtoo..., se:cdpVersion: 124.0.6367.93, setWindowRect: true, strictFileInteractability: false, timeouts: {implicit: 0, pageLoad: 300000, script: 30000}, unhandledPromptBehavior: dismiss and notify, webauthn:extension:credBlob: true, webauthn:extension:largeBlob: true, webauthn:extension:minPinLength: true, webauthn:extension:prf: true, webauthn:virtualAuthenticators: true}\nElement: [[ChromeDriver: chrome on windows (b1219cf110ddaaa19ef07cc878861b0d)] -> xpath: (//div[@role='button'])[2]]\nSession ID: b1219cf110ddaaa19ef07cc878861b0d","trace":"org.openqa.selenium.ElementClickInterceptedException: element click intercepted: Element <div role=\"button\" aria-haspopup=\"listbox\" class=\"p-dropdown-trigger ng-tns-c101-11\">...</div> is not clickable at point (670, 498). Other element would receive the click: <li role=\"option\" pripple=\"\" aria-label=\"mqgjjyrsssb@abc.com\" aria-selected=\"false\" class=\"p-dropdown-item p-ripple\">...</li>\n  (Session info: chrome=124.0.6367.93)\nBuild info: version: '4.18.1', revision: 'b1d3319b48'\nSystem info: os.name: 'Windows 11', os.arch: 'amd64', os.version: '10.0', java.version: '21.0.2'\nDriver info: org.openqa.selenium.chrome.ChromeDriver\nCommand: [b1219cf110ddaaa19ef07cc878861b0d, clickElement {id=f.3E6222F7676BED7626CDB329F002D2CC.d.3A595D0DF998F2311D42CB384C09AA62.e.207}]\nCapabilities {acceptInsecureCerts: false, browserName: chrome, browserVersion: 124.0.6367.93, chrome: {chromedriverVersion: 124.0.6367.91 (51df0e5e17a8..., userDataDir: C:\\Users\\sudha\\AppData\\Loca...}, fedcm:accounts: true, goog:chromeOptions: {debuggerAddress: localhost:65452}, networkConnectionEnabled: false, pageLoadStrategy: normal, platformName: windows, proxy: Proxy(), se:cdp: ws://localhost:65452/devtoo..., se:cdpVersion: 124.0.6367.93, setWindowRect: true, strictFileInteractability: false, timeouts: {implicit: 0, pageLoad: 300000, script: 30000}, unhandledPromptBehavior: dismiss and notify, webauthn:extension:credBlob: true, webauthn:extension:largeBlob: true, webauthn:extension:minPinLength: true, webauthn:extension:prf: true, webauthn:virtualAuthenticators: true}\nElement: [[ChromeDriver: chrome on windows (b1219cf110ddaaa19ef07cc878861b0d)] -> xpath: (//div[@role='button'])[2]]\nSession ID: b1219cf110ddaaa19ef07cc878861b0d\r\n\tat java.base/jdk.internal.reflect.DirectConstructorHandleAccessor.newInstance(DirectConstructorHandleAccessor.java:62)\r\n\tat java.base/java.lang.reflect.Constructor.newInstanceWithCaller(Constructor.java:502)\r\n\tat java.base/java.lang.reflect.Constructor.newInstance(Constructor.java:486)\r\n\tat org.openqa.selenium.remote.ErrorCodec.decode(ErrorCodec.java:167)\r\n\tat org.openqa.selenium.remote.codec.w3c.W3CHttpResponseCodec.decode(W3CHttpResponseCodec.java:138)\r\n\tat org.openqa.selenium.remote.codec.w3c.W3CHttpResponseCodec.decode(W3CHttpResponseCodec.java:50)\r\n\tat org.openqa.selenium.remote.HttpCommandExecutor.execute(HttpCommandExecutor.java:190)\r\n\tat org.openqa.selenium.remote.service.DriverCommandExecutor.invokeExecute(DriverCommandExecutor.java:216)\r\n\tat org.openqa.selenium.remote.service.DriverCommandExecutor.execute(DriverCommandExecutor.java:174)\r\n\tat org.openqa.selenium.remote.RemoteWebDriver.execute(RemoteWebDriver.java:519)\r\n\tat org.openqa.selenium.remote.RemoteWebElement.execute(RemoteWebElement.java:223)\r\n\tat org.openqa.selenium.remote.RemoteWebElement.click(RemoteWebElement.java:76)\r\n\tat java.base/jdk.internal.reflect.DirectMethodHandleAccessor.invoke(DirectMethodHandleAccessor.java:103)\r\n\tat java.base/java.lang.reflect.Method.invoke(Method.java:580)\r\n\tat org.openqa.selenium.support.pagefactory.internal.LocatingElementHandler.invoke(LocatingElementHandler.java:51)\r\n\tat jdk.proxy2/jdk.proxy2.$Proxy26.click(Unknown Source)\r\n\tat com.herokuapp.codebreakers.POM.UsersObjects.validateAssignStaffClickCloseBtn(UsersObjects.java:755)\r\n\tat com.herokuapp.codebreakers.stepDefinition.UserStepDefinition.admin_clicks_icon_on_assign_student_form_for(UserStepDefinition.java:279)\r\n\tat ✽.Admin clicks \"Cancel\" Icon on Assign Staff form for \"team@gmail.com\"(file:///C:/Users/sudha/git/team10-lmsphase2-codebreakers/team10-lmsphase2-codebreakers/src/test/resources/features/userAssignStaff.feature:67)\r\n"},"stage":"finished","description":"As a Admin\nI want to able to navigate to the 'Manage User' page \nSo that I can access its 'Assign Staff' functionality","steps":[{"name":"Given  Admin is on dashboard page after Login and clicks User on the navigation bar","status":"passed","statusDetails":{"known":false,"muted":false,"flaky":false},"stage":"finished","steps":[],"attachments":[],"parameters":[],"start":1714602264170,"stop":1714602267780},{"name":"Given  Admin is in Assign Staff details pop up page","status":"passed","statusDetails":{"known":false,"muted":false,"flaky":false},"stage":"finished","steps":[],"attachments":[],"parameters":[],"start":1714602267781,"stop":1714602269919},{"name":"When  Admin clicks \"Cancel\" Icon on Assign Staff form for \"team@gmail.com\"","status":"broken","statusDetails":{"known":false,"muted":false,"flaky":false,"message":"element click intercepted: Element <div role=\"button\" aria-haspopup=\"listbox\" class=\"p-dropdown-trigger ng-tns-c101-11\">...</div> is not clickable at point (670, 498). Other element would receive the click: <li role=\"option\" pripple=\"\" aria-label=\"mqgjjyrsssb@abc.com\" aria-selected=\"false\" class=\"p-dropdown-item p-ripple\">...</li>\n  (Session info: chrome=124.0.6367.93)\nBuild info: version: '4.18.1', revision: 'b1d3319b48'\nSystem info: os.name: 'Windows 11', os.arch: 'amd64', os.version: '10.0', java.version: '21.0.2'\nDriver info: org.openqa.selenium.chrome.ChromeDriver\nCommand: [b1219cf110ddaaa19ef07cc878861b0d, clickElement {id=f.3E6222F7676BED7626CDB329F002D2CC.d.3A595D0DF998F2311D42CB384C09AA62.e.207}]\nCapabilities {acceptInsecureCerts: false, browserName: chrome, browserVersion: 124.0.6367.93, chrome: {chromedriverVersion: 124.0.6367.91 (51df0e5e17a8..., userDataDir: C:\\Users\\sudha\\AppData\\Loca...}, fedcm:accounts: true, goog:chromeOptions: {debuggerAddress: localhost:65452}, networkConnectionEnabled: false, pageLoadStrategy: normal, platformName: windows, proxy: Proxy(), se:cdp: ws://localhost:65452/devtoo..., se:cdpVersion: 124.0.6367.93, setWindowRect: true, strictFileInteractability: false, timeouts: {implicit: 0, pageLoad: 300000, script: 30000}, unhandledPromptBehavior: dismiss and notify, webauthn:extension:credBlob: true, webauthn:extension:largeBlob: true, webauthn:extension:minPinLength: true, webauthn:extension:prf: true, webauthn:virtualAuthenticators: true}\nElement: [[ChromeDriver: chrome on windows (b1219cf110ddaaa19ef07cc878861b0d)] -> xpath: (//div[@role='button'])[2]]\nSession ID: b1219cf110ddaaa19ef07cc878861b0d","trace":"org.openqa.selenium.ElementClickInterceptedException: element click intercepted: Element <div role=\"button\" aria-haspopup=\"listbox\" class=\"p-dropdown-trigger ng-tns-c101-11\">...</div> is not clickable at point (670, 498). Other element would receive the click: <li role=\"option\" pripple=\"\" aria-label=\"mqgjjyrsssb@abc.com\" aria-selected=\"false\" class=\"p-dropdown-item p-ripple\">...</li>\n  (Session info: chrome=124.0.6367.93)\nBuild info: version: '4.18.1', revision: 'b1d3319b48'\nSystem info: os.name: 'Windows 11', os.arch: 'amd64', os.version: '10.0', java.version: '21.0.2'\nDriver info: org.openqa.selenium.chrome.ChromeDriver\nCommand: [b1219cf110ddaaa19ef07cc878861b0d, clickElement {id=f.3E6222F7676BED7626CDB329F002D2CC.d.3A595D0DF998F2311D42CB384C09AA62.e.207}]\nCapabilities {acceptInsecureCerts: false, browserName: chrome, browserVersion: 124.0.6367.93, chrome: {chromedriverVersion: 124.0.6367.91 (51df0e5e17a8..., userDataDir: C:\\Users\\sudha\\AppData\\Loca...}, fedcm:accounts: true, goog:chromeOptions: {debuggerAddress: localhost:65452}, networkConnectionEnabled: false, pageLoadStrategy: normal, platformName: windows, proxy: Proxy(), se:cdp: ws://localhost:65452/devtoo..., se:cdpVersion: 124.0.6367.93, setWindowRect: true, strictFileInteractability: false, timeouts: {implicit: 0, pageLoad: 300000, script: 30000}, unhandledPromptBehavior: dismiss and notify, webauthn:extension:credBlob: true, webauthn:extension:largeBlob: true, webauthn:extension:minPinLength: true, webauthn:extension:prf: true, webauthn:virtualAuthenticators: true}\nElement: [[ChromeDriver: chrome on windows (b1219cf110ddaaa19ef07cc878861b0d)] -> xpath: (//div[@role='button'])[2]]\nSession ID: b1219cf110ddaaa19ef07cc878861b0d\r\n\tat java.base/jdk.internal.reflect.DirectConstructorHandleAccessor.newInstance(DirectConstructorHandleAccessor.java:62)\r\n\tat java.base/java.lang.reflect.Constructor.newInstanceWithCaller(Constructor.java:502)\r\n\tat java.base/java.lang.reflect.Constructor.newInstance(Constructor.java:486)\r\n\tat org.openqa.selenium.remote.ErrorCodec.decode(ErrorCodec.java:167)\r\n\tat org.openqa.selenium.remote.codec.w3c.W3CHttpResponseCodec.decode(W3CHttpResponseCodec.java:138)\r\n\tat org.openqa.selenium.remote.codec.w3c.W3CHttpResponseCodec.decode(W3CHttpResponseCodec.java:50)\r\n\tat org.openqa.selenium.remote.HttpCommandExecutor.execute(HttpCommandExecutor.java:190)\r\n\tat org.openqa.selenium.remote.service.DriverCommandExecutor.invokeExecute(DriverCommandExecutor.java:216)\r\n\tat org.openqa.selenium.remote.service.DriverCommandExecutor.execute(DriverCommandExecutor.java:174)\r\n\tat org.openqa.selenium.remote.RemoteWebDriver.execute(RemoteWebDriver.java:519)\r\n\tat org.openqa.selenium.remote.RemoteWebElement.execute(RemoteWebElement.java:223)\r\n\tat org.openqa.selenium.remote.RemoteWebElement.click(RemoteWebElement.java:76)\r\n\tat java.base/jdk.internal.reflect.DirectMethodHandleAccessor.invoke(DirectMethodHandleAccessor.java:103)\r\n\tat java.base/java.lang.reflect.Method.invoke(Method.java:580)\r\n\tat org.openqa.selenium.support.pagefactory.internal.LocatingElementHandler.invoke(LocatingElementHandler.java:51)\r\n\tat jdk.proxy2/jdk.proxy2.$Proxy26.click(Unknown Source)\r\n\tat com.herokuapp.codebreakers.POM.UsersObjects.validateAssignStaffClickCloseBtn(UsersObjects.java:755)\r\n\tat com.herokuapp.codebreakers.stepDefinition.UserStepDefinition.admin_clicks_icon_on_assign_student_form_for(UserStepDefinition.java:279)\r\n\tat ✽.Admin clicks \"Cancel\" Icon on Assign Staff form for \"team@gmail.com\"(file:///C:/Users/sudha/git/team10-lmsphase2-codebreakers/team10-lmsphase2-codebreakers/src/test/resources/features/userAssignStaff.feature:67)\r\n"},"stage":"finished","steps":[],"attachments":[],"parameters":[],"start":1714602269920,"stop":1714602272462},{"name":"Then  Assign Student popup window should be closed without saving","status":"skipped","statusDetails":{"known":false,"muted":false,"flaky":false},"stage":"finished","steps":[],"attachments":[],"parameters":[],"start":1714602272467,"stop":1714602272469}],"attachments":[],"parameters":[{"name":"student","value":"team@gmail.com"}],"start":1714602264169,"stop":1714602272636}