{"uuid":"d9155c14-2a99-41a9-a79c-97fc4f579b99","historyId":"6ec3e89676a3f155863053560d3dd3a3","fullName":"src/test/resources/features/userAssignStaff.feature:71","labels":[{"name":"host","value":"Sudha"},{"name":"thread","value":"162876@Sudha.TestNG-PoolService-2(49)"},{"name":"feature","value":"Navigation to 'Manage User' and validating its 'Assign Staff'  functionality"},{"name":"story","value":"Form Submission by cancelling wihtout saving the Form"},{"name":"suite","value":"Navigation to 'Manage User' and validating its 'Assign Staff'  functionality"},{"name":"testClass","value":"Form Submission by cancelling wihtout saving the Form"},{"name":"framework","value":"cucumber4jvm"},{"name":"language","value":"java"},{"name":"gherkin_uri","value":"file:///C:/Users/sudha/git/team10-lmsphase2-codebreakers/team10-lmsphase2-codebreakers/src/test/resources/features/userAssignStaff.feature"},{"name":"package","value":"src.test.resources.features.userAssignStaff_feature.Navigation to 'Manage User' and validating its 'Assign Staff'  functionality"}],"links":[],"name":"Form Submission by cancelling wihtout saving the Form","status":"broken","statusDetails":{"known":false,"muted":false,"flaky":false,"message":"element click intercepted: Element <p-multiselect _ngcontent-ayh-c153=\"\" id=\"batchName\" formcontrolname=\"batchName\" required=\"\" placeholder=\"Select Batch Name\" appendto=\"body\" optionlabel=\"batchName\" display=\"chip\" class=\"ng-tns-c152-12 ng-untouched ng-pristine ng-invalid\">...</p-multiselect> is not clickable at point (464, 535). Other element would receive the click: <li role=\"option\" pripple=\"\" aria-label=\"Vase\" aria-selected=\"false\" class=\"p-dropdown-item p-ripple\">...</li>\n  (Session info: chrome=124.0.6367.93)\nBuild info: version: '4.18.1', revision: 'b1d3319b48'\nSystem info: os.name: 'Windows 11', os.arch: 'amd64', os.version: '10.0', java.version: '21.0.2'\nDriver info: org.openqa.selenium.chrome.ChromeDriver\nCommand: [c4025905ef349ed25579e5bbf3f93543, clickElement {id=f.01CFD0FD8A3B7EE6CB8CF9A9DF79A5B0.d.5B9939E67DBF8BF0E02AFCAC838F39FC.e.198}]\nCapabilities {acceptInsecureCerts: false, browserName: chrome, browserVersion: 124.0.6367.93, chrome: {chromedriverVersion: 124.0.6367.91 (51df0e5e17a8..., userDataDir: C:\\Users\\sudha\\AppData\\Loca...}, fedcm:accounts: true, goog:chromeOptions: {debuggerAddress: localhost:53742}, networkConnectionEnabled: false, pageLoadStrategy: normal, platformName: windows, proxy: Proxy(), se:cdp: ws://localhost:53742/devtoo..., se:cdpVersion: 124.0.6367.93, setWindowRect: true, strictFileInteractability: false, timeouts: {implicit: 0, pageLoad: 300000, script: 30000}, unhandledPromptBehavior: dismiss and notify, webauthn:extension:credBlob: true, webauthn:extension:largeBlob: true, webauthn:extension:minPinLength: true, webauthn:extension:prf: true, webauthn:virtualAuthenticators: true}\nElement: [[ChromeDriver: chrome on windows (c4025905ef349ed25579e5bbf3f93543)] -> xpath: //*[@id='batchName']]\nSession ID: c4025905ef349ed25579e5bbf3f93543","trace":"org.openqa.selenium.ElementClickInterceptedException: element click intercepted: Element <p-multiselect _ngcontent-ayh-c153=\"\" id=\"batchName\" formcontrolname=\"batchName\" required=\"\" placeholder=\"Select Batch Name\" appendto=\"body\" optionlabel=\"batchName\" display=\"chip\" class=\"ng-tns-c152-12 ng-untouched ng-pristine ng-invalid\">...</p-multiselect> is not clickable at point (464, 535). Other element would receive the click: <li role=\"option\" pripple=\"\" aria-label=\"Vase\" aria-selected=\"false\" class=\"p-dropdown-item p-ripple\">...</li>\n  (Session info: chrome=124.0.6367.93)\nBuild info: version: '4.18.1', revision: 'b1d3319b48'\nSystem info: os.name: 'Windows 11', os.arch: 'amd64', os.version: '10.0', java.version: '21.0.2'\nDriver info: org.openqa.selenium.chrome.ChromeDriver\nCommand: [c4025905ef349ed25579e5bbf3f93543, clickElement {id=f.01CFD0FD8A3B7EE6CB8CF9A9DF79A5B0.d.5B9939E67DBF8BF0E02AFCAC838F39FC.e.198}]\nCapabilities {acceptInsecureCerts: false, browserName: chrome, browserVersion: 124.0.6367.93, chrome: {chromedriverVersion: 124.0.6367.91 (51df0e5e17a8..., userDataDir: C:\\Users\\sudha\\AppData\\Loca...}, fedcm:accounts: true, goog:chromeOptions: {debuggerAddress: localhost:53742}, networkConnectionEnabled: false, pageLoadStrategy: normal, platformName: windows, proxy: Proxy(), se:cdp: ws://localhost:53742/devtoo..., se:cdpVersion: 124.0.6367.93, setWindowRect: true, strictFileInteractability: false, timeouts: {implicit: 0, pageLoad: 300000, script: 30000}, unhandledPromptBehavior: dismiss and notify, webauthn:extension:credBlob: true, webauthn:extension:largeBlob: true, webauthn:extension:minPinLength: true, webauthn:extension:prf: true, webauthn:virtualAuthenticators: true}\nElement: [[ChromeDriver: chrome on windows (c4025905ef349ed25579e5bbf3f93543)] -> xpath: //*[@id='batchName']]\nSession ID: c4025905ef349ed25579e5bbf3f93543\r\n\tat java.base/jdk.internal.reflect.DirectConstructorHandleAccessor.newInstance(DirectConstructorHandleAccessor.java:62)\r\n\tat java.base/java.lang.reflect.Constructor.newInstanceWithCaller(Constructor.java:502)\r\n\tat java.base/java.lang.reflect.Constructor.newInstance(Constructor.java:486)\r\n\tat org.openqa.selenium.remote.ErrorCodec.decode(ErrorCodec.java:167)\r\n\tat org.openqa.selenium.remote.codec.w3c.W3CHttpResponseCodec.decode(W3CHttpResponseCodec.java:138)\r\n\tat org.openqa.selenium.remote.codec.w3c.W3CHttpResponseCodec.decode(W3CHttpResponseCodec.java:50)\r\n\tat org.openqa.selenium.remote.HttpCommandExecutor.execute(HttpCommandExecutor.java:190)\r\n\tat org.openqa.selenium.remote.service.DriverCommandExecutor.invokeExecute(DriverCommandExecutor.java:216)\r\n\tat org.openqa.selenium.remote.service.DriverCommandExecutor.execute(DriverCommandExecutor.java:174)\r\n\tat org.openqa.selenium.remote.RemoteWebDriver.execute(RemoteWebDriver.java:519)\r\n\tat org.openqa.selenium.remote.RemoteWebElement.execute(RemoteWebElement.java:223)\r\n\tat org.openqa.selenium.remote.RemoteWebElement.click(RemoteWebElement.java:76)\r\n\tat java.base/jdk.internal.reflect.DirectMethodHandleAccessor.invoke(DirectMethodHandleAccessor.java:103)\r\n\tat java.base/java.lang.reflect.Method.invoke(Method.java:580)\r\n\tat org.openqa.selenium.support.pagefactory.internal.LocatingElementHandler.invoke(LocatingElementHandler.java:51)\r\n\tat jdk.proxy2/jdk.proxy2.$Proxy26.click(Unknown Source)\r\n\tat com.herokuapp.codebreakers.POM.UsersObjects.validateAssignStaffClickCloseBtn(UsersObjects.java:758)\r\n\tat com.herokuapp.codebreakers.stepDefinition.UserStepDefinition.admin_clicks_icon_on_assign_student_form_for(UserStepDefinition.java:276)\r\n\tat ✽.Admin clicks \"Cancel\" Icon on Assign Staff form for \"team@gmail.com\"(file:///C:/Users/sudha/git/team10-lmsphase2-codebreakers/team10-lmsphase2-codebreakers/src/test/resources/features/userAssignStaff.feature:67)\r\n"},"stage":"finished","description":"As a Admin\nI want to able to navigate to the 'Manage User' page \nSo that I can access its 'Assign Staff' functionality","steps":[{"name":"Given  Admin is on dashboard page after Login and clicks User on the navigation bar","status":"passed","statusDetails":{"known":false,"muted":false,"flaky":false},"stage":"finished","steps":[],"attachments":[],"parameters":[],"start":1714619635212,"stop":1714619702094},{"name":"Given  Admin is in Assign Staff details pop up page","status":"passed","statusDetails":{"known":false,"muted":false,"flaky":false},"stage":"finished","steps":[],"attachments":[],"parameters":[],"start":1714619702095,"stop":1714619704295},{"name":"When  Admin clicks \"Cancel\" Icon on Assign Staff form for \"team@gmail.com\"","status":"broken","statusDetails":{"known":false,"muted":false,"flaky":false,"message":"element click intercepted: Element <p-multiselect _ngcontent-ayh-c153=\"\" id=\"batchName\" formcontrolname=\"batchName\" required=\"\" placeholder=\"Select Batch Name\" appendto=\"body\" optionlabel=\"batchName\" display=\"chip\" class=\"ng-tns-c152-12 ng-untouched ng-pristine ng-invalid\">...</p-multiselect> is not clickable at point (464, 535). Other element would receive the click: <li role=\"option\" pripple=\"\" aria-label=\"Vase\" aria-selected=\"false\" class=\"p-dropdown-item p-ripple\">...</li>\n  (Session info: chrome=124.0.6367.93)\nBuild info: version: '4.18.1', revision: 'b1d3319b48'\nSystem info: os.name: 'Windows 11', os.arch: 'amd64', os.version: '10.0', java.version: '21.0.2'\nDriver info: org.openqa.selenium.chrome.ChromeDriver\nCommand: [c4025905ef349ed25579e5bbf3f93543, clickElement {id=f.01CFD0FD8A3B7EE6CB8CF9A9DF79A5B0.d.5B9939E67DBF8BF0E02AFCAC838F39FC.e.198}]\nCapabilities {acceptInsecureCerts: false, browserName: chrome, browserVersion: 124.0.6367.93, chrome: {chromedriverVersion: 124.0.6367.91 (51df0e5e17a8..., userDataDir: C:\\Users\\sudha\\AppData\\Loca...}, fedcm:accounts: true, goog:chromeOptions: {debuggerAddress: localhost:53742}, networkConnectionEnabled: false, pageLoadStrategy: normal, platformName: windows, proxy: Proxy(), se:cdp: ws://localhost:53742/devtoo..., se:cdpVersion: 124.0.6367.93, setWindowRect: true, strictFileInteractability: false, timeouts: {implicit: 0, pageLoad: 300000, script: 30000}, unhandledPromptBehavior: dismiss and notify, webauthn:extension:credBlob: true, webauthn:extension:largeBlob: true, webauthn:extension:minPinLength: true, webauthn:extension:prf: true, webauthn:virtualAuthenticators: true}\nElement: [[ChromeDriver: chrome on windows (c4025905ef349ed25579e5bbf3f93543)] -> xpath: //*[@id='batchName']]\nSession ID: c4025905ef349ed25579e5bbf3f93543","trace":"org.openqa.selenium.ElementClickInterceptedException: element click intercepted: Element <p-multiselect _ngcontent-ayh-c153=\"\" id=\"batchName\" formcontrolname=\"batchName\" required=\"\" placeholder=\"Select Batch Name\" appendto=\"body\" optionlabel=\"batchName\" display=\"chip\" class=\"ng-tns-c152-12 ng-untouched ng-pristine ng-invalid\">...</p-multiselect> is not clickable at point (464, 535). Other element would receive the click: <li role=\"option\" pripple=\"\" aria-label=\"Vase\" aria-selected=\"false\" class=\"p-dropdown-item p-ripple\">...</li>\n  (Session info: chrome=124.0.6367.93)\nBuild info: version: '4.18.1', revision: 'b1d3319b48'\nSystem info: os.name: 'Windows 11', os.arch: 'amd64', os.version: '10.0', java.version: '21.0.2'\nDriver info: org.openqa.selenium.chrome.ChromeDriver\nCommand: [c4025905ef349ed25579e5bbf3f93543, clickElement {id=f.01CFD0FD8A3B7EE6CB8CF9A9DF79A5B0.d.5B9939E67DBF8BF0E02AFCAC838F39FC.e.198}]\nCapabilities {acceptInsecureCerts: false, browserName: chrome, browserVersion: 124.0.6367.93, chrome: {chromedriverVersion: 124.0.6367.91 (51df0e5e17a8..., userDataDir: C:\\Users\\sudha\\AppData\\Loca...}, fedcm:accounts: true, goog:chromeOptions: {debuggerAddress: localhost:53742}, networkConnectionEnabled: false, pageLoadStrategy: normal, platformName: windows, proxy: Proxy(), se:cdp: ws://localhost:53742/devtoo..., se:cdpVersion: 124.0.6367.93, setWindowRect: true, strictFileInteractability: false, timeouts: {implicit: 0, pageLoad: 300000, script: 30000}, unhandledPromptBehavior: dismiss and notify, webauthn:extension:credBlob: true, webauthn:extension:largeBlob: true, webauthn:extension:minPinLength: true, webauthn:extension:prf: true, webauthn:virtualAuthenticators: true}\nElement: [[ChromeDriver: chrome on windows (c4025905ef349ed25579e5bbf3f93543)] -> xpath: //*[@id='batchName']]\nSession ID: c4025905ef349ed25579e5bbf3f93543\r\n\tat java.base/jdk.internal.reflect.DirectConstructorHandleAccessor.newInstance(DirectConstructorHandleAccessor.java:62)\r\n\tat java.base/java.lang.reflect.Constructor.newInstanceWithCaller(Constructor.java:502)\r\n\tat java.base/java.lang.reflect.Constructor.newInstance(Constructor.java:486)\r\n\tat org.openqa.selenium.remote.ErrorCodec.decode(ErrorCodec.java:167)\r\n\tat org.openqa.selenium.remote.codec.w3c.W3CHttpResponseCodec.decode(W3CHttpResponseCodec.java:138)\r\n\tat org.openqa.selenium.remote.codec.w3c.W3CHttpResponseCodec.decode(W3CHttpResponseCodec.java:50)\r\n\tat org.openqa.selenium.remote.HttpCommandExecutor.execute(HttpCommandExecutor.java:190)\r\n\tat org.openqa.selenium.remote.service.DriverCommandExecutor.invokeExecute(DriverCommandExecutor.java:216)\r\n\tat org.openqa.selenium.remote.service.DriverCommandExecutor.execute(DriverCommandExecutor.java:174)\r\n\tat org.openqa.selenium.remote.RemoteWebDriver.execute(RemoteWebDriver.java:519)\r\n\tat org.openqa.selenium.remote.RemoteWebElement.execute(RemoteWebElement.java:223)\r\n\tat org.openqa.selenium.remote.RemoteWebElement.click(RemoteWebElement.java:76)\r\n\tat java.base/jdk.internal.reflect.DirectMethodHandleAccessor.invoke(DirectMethodHandleAccessor.java:103)\r\n\tat java.base/java.lang.reflect.Method.invoke(Method.java:580)\r\n\tat org.openqa.selenium.support.pagefactory.internal.LocatingElementHandler.invoke(LocatingElementHandler.java:51)\r\n\tat jdk.proxy2/jdk.proxy2.$Proxy26.click(Unknown Source)\r\n\tat com.herokuapp.codebreakers.POM.UsersObjects.validateAssignStaffClickCloseBtn(UsersObjects.java:758)\r\n\tat com.herokuapp.codebreakers.stepDefinition.UserStepDefinition.admin_clicks_icon_on_assign_student_form_for(UserStepDefinition.java:276)\r\n\tat ✽.Admin clicks \"Cancel\" Icon on Assign Staff form for \"team@gmail.com\"(file:///C:/Users/sudha/git/team10-lmsphase2-codebreakers/team10-lmsphase2-codebreakers/src/test/resources/features/userAssignStaff.feature:67)\r\n"},"stage":"finished","steps":[],"attachments":[],"parameters":[],"start":1714619704296,"stop":1714619705990},{"name":"Then  Assign Student popup window should be closed without saving","status":"skipped","statusDetails":{"known":false,"muted":false,"flaky":false},"stage":"finished","steps":[],"attachments":[],"parameters":[],"start":1714619705991,"stop":1714619705991}],"attachments":[],"parameters":[{"name":"student","value":"team@gmail.com"}],"start":1714619635212,"stop":1714619706462}