{"uuid":"e9e81af1-b3e8-453a-87dd-876f6c9403f2","historyId":"4a0ab7ac03042f44dcbde6b5cd42c00b","fullName":"src/test/resources/features/userAssignStaff.feature:55","labels":[{"name":"host","value":"Sudha"},{"name":"thread","value":"162876@Sudha.TestNG-PoolService-3(50)"},{"name":"feature","value":"Navigation to 'Manage User' and validating its 'Assign Staff'  functionality"},{"name":"story","value":"Validate the Assign Staff form page without selecting status"},{"name":"suite","value":"Navigation to 'Manage User' and validating its 'Assign Staff'  functionality"},{"name":"testClass","value":"Validate the Assign Staff form page without selecting status"},{"name":"framework","value":"cucumber4jvm"},{"name":"language","value":"java"},{"name":"gherkin_uri","value":"file:///C:/Users/sudha/git/team10-lmsphase2-codebreakers/team10-lmsphase2-codebreakers/src/test/resources/features/userAssignStaff.feature"},{"name":"package","value":"src.test.resources.features.userAssignStaff_feature.Navigation to 'Manage User' and validating its 'Assign Staff'  functionality"}],"links":[],"name":"Validate the Assign Staff form page without selecting status","status":"broken","statusDetails":{"known":false,"muted":false,"flaky":false,"message":"element click intercepted: Element <p-multiselect _ngcontent-mud-c153=\"\" id=\"batchName\" formcontrolname=\"batchName\" required=\"\" placeholder=\"Select Batch Name\" appendto=\"body\" optionlabel=\"batchName\" display=\"chip\" class=\"ng-tns-c152-12 ng-untouched ng-pristine ng-invalid\">...</p-multiselect> is not clickable at point (464, 535). Other element would receive the click: <li role=\"option\" pripple=\"\" aria-label=\"Vase\" aria-selected=\"false\" class=\"p-dropdown-item p-ripple\">...</li>\n  (Session info: chrome=124.0.6367.93)\nBuild info: version: '4.18.1', revision: 'b1d3319b48'\nSystem info: os.name: 'Windows 11', os.arch: 'amd64', os.version: '10.0', java.version: '21.0.2'\nDriver info: org.openqa.selenium.chrome.ChromeDriver\nCommand: [5bc58b51fbce8a62c00f7e0190f88d47, clickElement {id=f.4DC122D3F345B72B3D465E874A3ECE16.d.3E4BAB998B427F8690A884223B271C45.e.197}]\nCapabilities {acceptInsecureCerts: false, browserName: chrome, browserVersion: 124.0.6367.93, chrome: {chromedriverVersion: 124.0.6367.91 (51df0e5e17a8..., userDataDir: C:\\Users\\sudha\\AppData\\Loca...}, fedcm:accounts: true, goog:chromeOptions: {debuggerAddress: localhost:53677}, networkConnectionEnabled: false, pageLoadStrategy: normal, platformName: windows, proxy: Proxy(), se:cdp: ws://localhost:53677/devtoo..., se:cdpVersion: 124.0.6367.93, setWindowRect: true, strictFileInteractability: false, timeouts: {implicit: 0, pageLoad: 300000, script: 30000}, unhandledPromptBehavior: dismiss and notify, webauthn:extension:credBlob: true, webauthn:extension:largeBlob: true, webauthn:extension:minPinLength: true, webauthn:extension:prf: true, webauthn:virtualAuthenticators: true}\nElement: [[ChromeDriver: chrome on windows (5bc58b51fbce8a62c00f7e0190f88d47)] -> xpath: //*[@id='batchName']]\nSession ID: 5bc58b51fbce8a62c00f7e0190f88d47","trace":"org.openqa.selenium.ElementClickInterceptedException: element click intercepted: Element <p-multiselect _ngcontent-mud-c153=\"\" id=\"batchName\" formcontrolname=\"batchName\" required=\"\" placeholder=\"Select Batch Name\" appendto=\"body\" optionlabel=\"batchName\" display=\"chip\" class=\"ng-tns-c152-12 ng-untouched ng-pristine ng-invalid\">...</p-multiselect> is not clickable at point (464, 535). Other element would receive the click: <li role=\"option\" pripple=\"\" aria-label=\"Vase\" aria-selected=\"false\" class=\"p-dropdown-item p-ripple\">...</li>\n  (Session info: chrome=124.0.6367.93)\nBuild info: version: '4.18.1', revision: 'b1d3319b48'\nSystem info: os.name: 'Windows 11', os.arch: 'amd64', os.version: '10.0', java.version: '21.0.2'\nDriver info: org.openqa.selenium.chrome.ChromeDriver\nCommand: [5bc58b51fbce8a62c00f7e0190f88d47, clickElement {id=f.4DC122D3F345B72B3D465E874A3ECE16.d.3E4BAB998B427F8690A884223B271C45.e.197}]\nCapabilities {acceptInsecureCerts: false, browserName: chrome, browserVersion: 124.0.6367.93, chrome: {chromedriverVersion: 124.0.6367.91 (51df0e5e17a8..., userDataDir: C:\\Users\\sudha\\AppData\\Loca...}, fedcm:accounts: true, goog:chromeOptions: {debuggerAddress: localhost:53677}, networkConnectionEnabled: false, pageLoadStrategy: normal, platformName: windows, proxy: Proxy(), se:cdp: ws://localhost:53677/devtoo..., se:cdpVersion: 124.0.6367.93, setWindowRect: true, strictFileInteractability: false, timeouts: {implicit: 0, pageLoad: 300000, script: 30000}, unhandledPromptBehavior: dismiss and notify, webauthn:extension:credBlob: true, webauthn:extension:largeBlob: true, webauthn:extension:minPinLength: true, webauthn:extension:prf: true, webauthn:virtualAuthenticators: true}\nElement: [[ChromeDriver: chrome on windows (5bc58b51fbce8a62c00f7e0190f88d47)] -> xpath: //*[@id='batchName']]\nSession ID: 5bc58b51fbce8a62c00f7e0190f88d47\r\n\tat java.base/jdk.internal.reflect.DirectConstructorHandleAccessor.newInstance(DirectConstructorHandleAccessor.java:62)\r\n\tat java.base/java.lang.reflect.Constructor.newInstanceWithCaller(Constructor.java:502)\r\n\tat java.base/java.lang.reflect.Constructor.newInstance(Constructor.java:486)\r\n\tat org.openqa.selenium.remote.ErrorCodec.decode(ErrorCodec.java:167)\r\n\tat org.openqa.selenium.remote.codec.w3c.W3CHttpResponseCodec.decode(W3CHttpResponseCodec.java:138)\r\n\tat org.openqa.selenium.remote.codec.w3c.W3CHttpResponseCodec.decode(W3CHttpResponseCodec.java:50)\r\n\tat org.openqa.selenium.remote.HttpCommandExecutor.execute(HttpCommandExecutor.java:190)\r\n\tat org.openqa.selenium.remote.service.DriverCommandExecutor.invokeExecute(DriverCommandExecutor.java:216)\r\n\tat org.openqa.selenium.remote.service.DriverCommandExecutor.execute(DriverCommandExecutor.java:174)\r\n\tat org.openqa.selenium.remote.RemoteWebDriver.execute(RemoteWebDriver.java:519)\r\n\tat org.openqa.selenium.remote.RemoteWebElement.execute(RemoteWebElement.java:223)\r\n\tat org.openqa.selenium.remote.RemoteWebElement.click(RemoteWebElement.java:76)\r\n\tat java.base/jdk.internal.reflect.DirectMethodHandleAccessor.invoke(DirectMethodHandleAccessor.java:103)\r\n\tat java.base/java.lang.reflect.Method.invoke(Method.java:580)\r\n\tat org.openqa.selenium.support.pagefactory.internal.LocatingElementHandler.invoke(LocatingElementHandler.java:51)\r\n\tat jdk.proxy2/jdk.proxy2.$Proxy26.click(Unknown Source)\r\n\tat com.herokuapp.codebreakers.POM.UsersObjects.validateAssignStafftWithOutStatus(UsersObjects.java:653)\r\n\tat com.herokuapp.codebreakers.stepDefinition.UserStepDefinition.admin_clicks_save_button_without_giving_status_for(UserStepDefinition.java:270)\r\n\tat ✽.Admin clicks Save button without giving Status for \"team@gmail.com\"(file:///C:/Users/sudha/git/team10-lmsphase2-codebreakers/team10-lmsphase2-codebreakers/src/test/resources/features/userAssignStaff.feature:51)\r\n"},"stage":"finished","description":"As a Admin\nI want to able to navigate to the 'Manage User' page \nSo that I can access its 'Assign Staff' functionality","steps":[{"name":"Given  Admin is on dashboard page after Login and clicks User on the navigation bar","status":"passed","statusDetails":{"known":false,"muted":false,"flaky":false},"stage":"finished","steps":[],"attachments":[],"parameters":[],"start":1714619623356,"stop":1714619682719},{"name":"Given  Admin is in Assign Staff details pop up page","status":"passed","statusDetails":{"known":false,"muted":false,"flaky":false},"stage":"finished","steps":[],"attachments":[],"parameters":[],"start":1714619682719,"stop":1714619685177},{"name":"When  Admin clicks Save button without giving Status for \"team@gmail.com\"","status":"broken","statusDetails":{"known":false,"muted":false,"flaky":false,"message":"element click intercepted: Element <p-multiselect _ngcontent-mud-c153=\"\" id=\"batchName\" formcontrolname=\"batchName\" required=\"\" placeholder=\"Select Batch Name\" appendto=\"body\" optionlabel=\"batchName\" display=\"chip\" class=\"ng-tns-c152-12 ng-untouched ng-pristine ng-invalid\">...</p-multiselect> is not clickable at point (464, 535). Other element would receive the click: <li role=\"option\" pripple=\"\" aria-label=\"Vase\" aria-selected=\"false\" class=\"p-dropdown-item p-ripple\">...</li>\n  (Session info: chrome=124.0.6367.93)\nBuild info: version: '4.18.1', revision: 'b1d3319b48'\nSystem info: os.name: 'Windows 11', os.arch: 'amd64', os.version: '10.0', java.version: '21.0.2'\nDriver info: org.openqa.selenium.chrome.ChromeDriver\nCommand: [5bc58b51fbce8a62c00f7e0190f88d47, clickElement {id=f.4DC122D3F345B72B3D465E874A3ECE16.d.3E4BAB998B427F8690A884223B271C45.e.197}]\nCapabilities {acceptInsecureCerts: false, browserName: chrome, browserVersion: 124.0.6367.93, chrome: {chromedriverVersion: 124.0.6367.91 (51df0e5e17a8..., userDataDir: C:\\Users\\sudha\\AppData\\Loca...}, fedcm:accounts: true, goog:chromeOptions: {debuggerAddress: localhost:53677}, networkConnectionEnabled: false, pageLoadStrategy: normal, platformName: windows, proxy: Proxy(), se:cdp: ws://localhost:53677/devtoo..., se:cdpVersion: 124.0.6367.93, setWindowRect: true, strictFileInteractability: false, timeouts: {implicit: 0, pageLoad: 300000, script: 30000}, unhandledPromptBehavior: dismiss and notify, webauthn:extension:credBlob: true, webauthn:extension:largeBlob: true, webauthn:extension:minPinLength: true, webauthn:extension:prf: true, webauthn:virtualAuthenticators: true}\nElement: [[ChromeDriver: chrome on windows (5bc58b51fbce8a62c00f7e0190f88d47)] -> xpath: //*[@id='batchName']]\nSession ID: 5bc58b51fbce8a62c00f7e0190f88d47","trace":"org.openqa.selenium.ElementClickInterceptedException: element click intercepted: Element <p-multiselect _ngcontent-mud-c153=\"\" id=\"batchName\" formcontrolname=\"batchName\" required=\"\" placeholder=\"Select Batch Name\" appendto=\"body\" optionlabel=\"batchName\" display=\"chip\" class=\"ng-tns-c152-12 ng-untouched ng-pristine ng-invalid\">...</p-multiselect> is not clickable at point (464, 535). Other element would receive the click: <li role=\"option\" pripple=\"\" aria-label=\"Vase\" aria-selected=\"false\" class=\"p-dropdown-item p-ripple\">...</li>\n  (Session info: chrome=124.0.6367.93)\nBuild info: version: '4.18.1', revision: 'b1d3319b48'\nSystem info: os.name: 'Windows 11', os.arch: 'amd64', os.version: '10.0', java.version: '21.0.2'\nDriver info: org.openqa.selenium.chrome.ChromeDriver\nCommand: [5bc58b51fbce8a62c00f7e0190f88d47, clickElement {id=f.4DC122D3F345B72B3D465E874A3ECE16.d.3E4BAB998B427F8690A884223B271C45.e.197}]\nCapabilities {acceptInsecureCerts: false, browserName: chrome, browserVersion: 124.0.6367.93, chrome: {chromedriverVersion: 124.0.6367.91 (51df0e5e17a8..., userDataDir: C:\\Users\\sudha\\AppData\\Loca...}, fedcm:accounts: true, goog:chromeOptions: {debuggerAddress: localhost:53677}, networkConnectionEnabled: false, pageLoadStrategy: normal, platformName: windows, proxy: Proxy(), se:cdp: ws://localhost:53677/devtoo..., se:cdpVersion: 124.0.6367.93, setWindowRect: true, strictFileInteractability: false, timeouts: {implicit: 0, pageLoad: 300000, script: 30000}, unhandledPromptBehavior: dismiss and notify, webauthn:extension:credBlob: true, webauthn:extension:largeBlob: true, webauthn:extension:minPinLength: true, webauthn:extension:prf: true, webauthn:virtualAuthenticators: true}\nElement: [[ChromeDriver: chrome on windows (5bc58b51fbce8a62c00f7e0190f88d47)] -> xpath: //*[@id='batchName']]\nSession ID: 5bc58b51fbce8a62c00f7e0190f88d47\r\n\tat java.base/jdk.internal.reflect.DirectConstructorHandleAccessor.newInstance(DirectConstructorHandleAccessor.java:62)\r\n\tat java.base/java.lang.reflect.Constructor.newInstanceWithCaller(Constructor.java:502)\r\n\tat java.base/java.lang.reflect.Constructor.newInstance(Constructor.java:486)\r\n\tat org.openqa.selenium.remote.ErrorCodec.decode(ErrorCodec.java:167)\r\n\tat org.openqa.selenium.remote.codec.w3c.W3CHttpResponseCodec.decode(W3CHttpResponseCodec.java:138)\r\n\tat org.openqa.selenium.remote.codec.w3c.W3CHttpResponseCodec.decode(W3CHttpResponseCodec.java:50)\r\n\tat org.openqa.selenium.remote.HttpCommandExecutor.execute(HttpCommandExecutor.java:190)\r\n\tat org.openqa.selenium.remote.service.DriverCommandExecutor.invokeExecute(DriverCommandExecutor.java:216)\r\n\tat org.openqa.selenium.remote.service.DriverCommandExecutor.execute(DriverCommandExecutor.java:174)\r\n\tat org.openqa.selenium.remote.RemoteWebDriver.execute(RemoteWebDriver.java:519)\r\n\tat org.openqa.selenium.remote.RemoteWebElement.execute(RemoteWebElement.java:223)\r\n\tat org.openqa.selenium.remote.RemoteWebElement.click(RemoteWebElement.java:76)\r\n\tat java.base/jdk.internal.reflect.DirectMethodHandleAccessor.invoke(DirectMethodHandleAccessor.java:103)\r\n\tat java.base/java.lang.reflect.Method.invoke(Method.java:580)\r\n\tat org.openqa.selenium.support.pagefactory.internal.LocatingElementHandler.invoke(LocatingElementHandler.java:51)\r\n\tat jdk.proxy2/jdk.proxy2.$Proxy26.click(Unknown Source)\r\n\tat com.herokuapp.codebreakers.POM.UsersObjects.validateAssignStafftWithOutStatus(UsersObjects.java:653)\r\n\tat com.herokuapp.codebreakers.stepDefinition.UserStepDefinition.admin_clicks_save_button_without_giving_status_for(UserStepDefinition.java:270)\r\n\tat ✽.Admin clicks Save button without giving Status for \"team@gmail.com\"(file:///C:/Users/sudha/git/team10-lmsphase2-codebreakers/team10-lmsphase2-codebreakers/src/test/resources/features/userAssignStaff.feature:51)\r\n"},"stage":"finished","steps":[],"attachments":[],"parameters":[],"start":1714619685177,"stop":1714619687670},{"name":"Then  Admin gets a Error message alert as Status is required","status":"skipped","statusDetails":{"known":false,"muted":false,"flaky":false},"stage":"finished","steps":[],"attachments":[],"parameters":[],"start":1714619687672,"stop":1714619687672}],"attachments":[],"parameters":[{"name":"student","value":"team@gmail.com"}],"start":1714619623355,"stop":1714619688237}