{"uuid":"ea480721-d053-423a-be5d-fc0dc8e39c84","historyId":"26e7e875f94978b2e8c07b6fb7bda6e3","fullName":"src/test/resources/features/batch.feature:78","labels":[{"name":"host","value":"Sudha"},{"name":"thread","value":"162876@Sudha.TestNG-PoolService-2(49)"},{"name":"feature","value":"Batch Page Validation"},{"name":"story","value":"Check for error messages for invalid fields"},{"name":"suite","value":"Batch Page Validation"},{"name":"testClass","value":"Check for error messages for invalid fields"},{"name":"framework","value":"cucumber4jvm"},{"name":"language","value":"java"},{"name":"gherkin_uri","value":"file:///C:/Users/sudha/git/team10-lmsphase2-codebreakers/team10-lmsphase2-codebreakers/src/test/resources/features/batch.feature"},{"name":"package","value":"src.test.resources.features.batch_feature.Batch Page Validation"}],"links":[],"name":"Check for error messages for invalid fields","status":"broken","statusDetails":{"known":false,"muted":false,"flaky":false,"message":"element click intercepted: Element <div class=\"p-radiobutton-box\">...</div> is not clickable at point (425, 500). Other element would receive the click: <li role=\"option\" pripple=\"\" aria-label=\"SDETT1420240501003827420\" aria-selected=\"false\" class=\"p-dropdown-item p-ripple\">...</li>\n  (Session info: chrome=124.0.6367.93)\nBuild info: version: '4.18.1', revision: 'b1d3319b48'\nSystem info: os.name: 'Windows 11', os.arch: 'amd64', os.version: '10.0', java.version: '21.0.2'\nDriver info: org.openqa.selenium.chrome.ChromeDriver\nCommand: [42ac14f72278aeea74e9eb0bb042479c, clickElement {id=f.CE6D30E317119FCAFE68D6819C7858C2.d.A2FFA2B8BCD2986F22B718ECCF4B575C.e.46}]\nCapabilities {acceptInsecureCerts: false, browserName: chrome, browserVersion: 124.0.6367.93, chrome: {chromedriverVersion: 124.0.6367.91 (51df0e5e17a8..., userDataDir: C:\\Users\\sudha\\AppData\\Loca...}, fedcm:accounts: true, goog:chromeOptions: {debuggerAddress: localhost:50246}, networkConnectionEnabled: false, pageLoadStrategy: normal, platformName: windows, proxy: Proxy(), se:cdp: ws://localhost:50246/devtoo..., se:cdpVersion: 124.0.6367.93, setWindowRect: true, strictFileInteractability: false, timeouts: {implicit: 0, pageLoad: 300000, script: 30000}, unhandledPromptBehavior: dismiss and notify, webauthn:extension:credBlob: true, webauthn:extension:largeBlob: true, webauthn:extension:minPinLength: true, webauthn:extension:prf: true, webauthn:virtualAuthenticators: true}\nElement: [[ChromeDriver: chrome on windows (42ac14f72278aeea74e9eb0bb042479c)] -> xpath: //*[@id=\"batchStatus\"]/div/div[2]]\nSession ID: 42ac14f72278aeea74e9eb0bb042479c","trace":"org.openqa.selenium.ElementClickInterceptedException: element click intercepted: Element <div class=\"p-radiobutton-box\">...</div> is not clickable at point (425, 500). Other element would receive the click: <li role=\"option\" pripple=\"\" aria-label=\"SDETT1420240501003827420\" aria-selected=\"false\" class=\"p-dropdown-item p-ripple\">...</li>\n  (Session info: chrome=124.0.6367.93)\nBuild info: version: '4.18.1', revision: 'b1d3319b48'\nSystem info: os.name: 'Windows 11', os.arch: 'amd64', os.version: '10.0', java.version: '21.0.2'\nDriver info: org.openqa.selenium.chrome.ChromeDriver\nCommand: [42ac14f72278aeea74e9eb0bb042479c, clickElement {id=f.CE6D30E317119FCAFE68D6819C7858C2.d.A2FFA2B8BCD2986F22B718ECCF4B575C.e.46}]\nCapabilities {acceptInsecureCerts: false, browserName: chrome, browserVersion: 124.0.6367.93, chrome: {chromedriverVersion: 124.0.6367.91 (51df0e5e17a8..., userDataDir: C:\\Users\\sudha\\AppData\\Loca...}, fedcm:accounts: true, goog:chromeOptions: {debuggerAddress: localhost:50246}, networkConnectionEnabled: false, pageLoadStrategy: normal, platformName: windows, proxy: Proxy(), se:cdp: ws://localhost:50246/devtoo..., se:cdpVersion: 124.0.6367.93, setWindowRect: true, strictFileInteractability: false, timeouts: {implicit: 0, pageLoad: 300000, script: 30000}, unhandledPromptBehavior: dismiss and notify, webauthn:extension:credBlob: true, webauthn:extension:largeBlob: true, webauthn:extension:minPinLength: true, webauthn:extension:prf: true, webauthn:virtualAuthenticators: true}\nElement: [[ChromeDriver: chrome on windows (42ac14f72278aeea74e9eb0bb042479c)] -> xpath: //*[@id=\"batchStatus\"]/div/div[2]]\nSession ID: 42ac14f72278aeea74e9eb0bb042479c\r\n\tat java.base/jdk.internal.reflect.DirectConstructorHandleAccessor.newInstance(DirectConstructorHandleAccessor.java:62)\r\n\tat java.base/java.lang.reflect.Constructor.newInstanceWithCaller(Constructor.java:502)\r\n\tat java.base/java.lang.reflect.Constructor.newInstance(Constructor.java:486)\r\n\tat org.openqa.selenium.remote.ErrorCodec.decode(ErrorCodec.java:167)\r\n\tat org.openqa.selenium.remote.codec.w3c.W3CHttpResponseCodec.decode(W3CHttpResponseCodec.java:138)\r\n\tat org.openqa.selenium.remote.codec.w3c.W3CHttpResponseCodec.decode(W3CHttpResponseCodec.java:50)\r\n\tat org.openqa.selenium.remote.HttpCommandExecutor.execute(HttpCommandExecutor.java:190)\r\n\tat org.openqa.selenium.remote.service.DriverCommandExecutor.invokeExecute(DriverCommandExecutor.java:216)\r\n\tat org.openqa.selenium.remote.service.DriverCommandExecutor.execute(DriverCommandExecutor.java:174)\r\n\tat org.openqa.selenium.remote.RemoteWebDriver.execute(RemoteWebDriver.java:519)\r\n\tat org.openqa.selenium.remote.RemoteWebElement.execute(RemoteWebElement.java:223)\r\n\tat org.openqa.selenium.remote.RemoteWebElement.click(RemoteWebElement.java:76)\r\n\tat java.base/jdk.internal.reflect.DirectMethodHandleAccessor.invoke(DirectMethodHandleAccessor.java:103)\r\n\tat java.base/java.lang.reflect.Method.invoke(Method.java:580)\r\n\tat org.openqa.selenium.support.pagefactory.internal.LocatingElementHandler.invoke(LocatingElementHandler.java:51)\r\n\tat jdk.proxy2/jdk.proxy2.$Proxy26.click(Unknown Source)\r\n\tat com.herokuapp.codebreakers.POM.BatchPageObjects.enterBatchDetails(BatchPageObjects.java:323)\r\n\tat com.herokuapp.codebreakers.stepDefinition.BatchStepDefinition.fill_in_any_of_the_fields_with_invalid_values_from_and_row_number_and_click_save(BatchStepDefinition.java:197)\r\n\tat ✽.Fill in any of the fields with invalid values from \"Batch\" and RowNumber 2 and click save(file:///C:/Users/sudha/git/team10-lmsphase2-codebreakers/team10-lmsphase2-codebreakers/src/test/resources/features/batch.feature:73)\r\n"},"stage":"finished","steps":[{"name":"Given  Logged on the LMS portal","status":"passed","statusDetails":{"known":false,"muted":false,"flaky":false},"stage":"finished","steps":[],"attachments":[],"parameters":[],"start":1714618973644,"stop":1714619052189},{"name":"Given  Admin is on dashboard page and admin clicks on batch and then admin clicks on A New Batch then A new pop up with Batch details appears","status":"passed","statusDetails":{"known":false,"muted":false,"flaky":false},"stage":"finished","steps":[],"attachments":[],"parameters":[],"start":1714619052191,"stop":1714619053048},{"name":"When  Fill in any of the fields with invalid values from \"Batch\" and RowNumber 2 and click save","status":"broken","statusDetails":{"known":false,"muted":false,"flaky":false,"message":"element click intercepted: Element <div class=\"p-radiobutton-box\">...</div> is not clickable at point (425, 500). Other element would receive the click: <li role=\"option\" pripple=\"\" aria-label=\"SDETT1420240501003827420\" aria-selected=\"false\" class=\"p-dropdown-item p-ripple\">...</li>\n  (Session info: chrome=124.0.6367.93)\nBuild info: version: '4.18.1', revision: 'b1d3319b48'\nSystem info: os.name: 'Windows 11', os.arch: 'amd64', os.version: '10.0', java.version: '21.0.2'\nDriver info: org.openqa.selenium.chrome.ChromeDriver\nCommand: [42ac14f72278aeea74e9eb0bb042479c, clickElement {id=f.CE6D30E317119FCAFE68D6819C7858C2.d.A2FFA2B8BCD2986F22B718ECCF4B575C.e.46}]\nCapabilities {acceptInsecureCerts: false, browserName: chrome, browserVersion: 124.0.6367.93, chrome: {chromedriverVersion: 124.0.6367.91 (51df0e5e17a8..., userDataDir: C:\\Users\\sudha\\AppData\\Loca...}, fedcm:accounts: true, goog:chromeOptions: {debuggerAddress: localhost:50246}, networkConnectionEnabled: false, pageLoadStrategy: normal, platformName: windows, proxy: Proxy(), se:cdp: ws://localhost:50246/devtoo..., se:cdpVersion: 124.0.6367.93, setWindowRect: true, strictFileInteractability: false, timeouts: {implicit: 0, pageLoad: 300000, script: 30000}, unhandledPromptBehavior: dismiss and notify, webauthn:extension:credBlob: true, webauthn:extension:largeBlob: true, webauthn:extension:minPinLength: true, webauthn:extension:prf: true, webauthn:virtualAuthenticators: true}\nElement: [[ChromeDriver: chrome on windows (42ac14f72278aeea74e9eb0bb042479c)] -> xpath: //*[@id=\"batchStatus\"]/div/div[2]]\nSession ID: 42ac14f72278aeea74e9eb0bb042479c","trace":"org.openqa.selenium.ElementClickInterceptedException: element click intercepted: Element <div class=\"p-radiobutton-box\">...</div> is not clickable at point (425, 500). Other element would receive the click: <li role=\"option\" pripple=\"\" aria-label=\"SDETT1420240501003827420\" aria-selected=\"false\" class=\"p-dropdown-item p-ripple\">...</li>\n  (Session info: chrome=124.0.6367.93)\nBuild info: version: '4.18.1', revision: 'b1d3319b48'\nSystem info: os.name: 'Windows 11', os.arch: 'amd64', os.version: '10.0', java.version: '21.0.2'\nDriver info: org.openqa.selenium.chrome.ChromeDriver\nCommand: [42ac14f72278aeea74e9eb0bb042479c, clickElement {id=f.CE6D30E317119FCAFE68D6819C7858C2.d.A2FFA2B8BCD2986F22B718ECCF4B575C.e.46}]\nCapabilities {acceptInsecureCerts: false, browserName: chrome, browserVersion: 124.0.6367.93, chrome: {chromedriverVersion: 124.0.6367.91 (51df0e5e17a8..., userDataDir: C:\\Users\\sudha\\AppData\\Loca...}, fedcm:accounts: true, goog:chromeOptions: {debuggerAddress: localhost:50246}, networkConnectionEnabled: false, pageLoadStrategy: normal, platformName: windows, proxy: Proxy(), se:cdp: ws://localhost:50246/devtoo..., se:cdpVersion: 124.0.6367.93, setWindowRect: true, strictFileInteractability: false, timeouts: {implicit: 0, pageLoad: 300000, script: 30000}, unhandledPromptBehavior: dismiss and notify, webauthn:extension:credBlob: true, webauthn:extension:largeBlob: true, webauthn:extension:minPinLength: true, webauthn:extension:prf: true, webauthn:virtualAuthenticators: true}\nElement: [[ChromeDriver: chrome on windows (42ac14f72278aeea74e9eb0bb042479c)] -> xpath: //*[@id=\"batchStatus\"]/div/div[2]]\nSession ID: 42ac14f72278aeea74e9eb0bb042479c\r\n\tat java.base/jdk.internal.reflect.DirectConstructorHandleAccessor.newInstance(DirectConstructorHandleAccessor.java:62)\r\n\tat java.base/java.lang.reflect.Constructor.newInstanceWithCaller(Constructor.java:502)\r\n\tat java.base/java.lang.reflect.Constructor.newInstance(Constructor.java:486)\r\n\tat org.openqa.selenium.remote.ErrorCodec.decode(ErrorCodec.java:167)\r\n\tat org.openqa.selenium.remote.codec.w3c.W3CHttpResponseCodec.decode(W3CHttpResponseCodec.java:138)\r\n\tat org.openqa.selenium.remote.codec.w3c.W3CHttpResponseCodec.decode(W3CHttpResponseCodec.java:50)\r\n\tat org.openqa.selenium.remote.HttpCommandExecutor.execute(HttpCommandExecutor.java:190)\r\n\tat org.openqa.selenium.remote.service.DriverCommandExecutor.invokeExecute(DriverCommandExecutor.java:216)\r\n\tat org.openqa.selenium.remote.service.DriverCommandExecutor.execute(DriverCommandExecutor.java:174)\r\n\tat org.openqa.selenium.remote.RemoteWebDriver.execute(RemoteWebDriver.java:519)\r\n\tat org.openqa.selenium.remote.RemoteWebElement.execute(RemoteWebElement.java:223)\r\n\tat org.openqa.selenium.remote.RemoteWebElement.click(RemoteWebElement.java:76)\r\n\tat java.base/jdk.internal.reflect.DirectMethodHandleAccessor.invoke(DirectMethodHandleAccessor.java:103)\r\n\tat java.base/java.lang.reflect.Method.invoke(Method.java:580)\r\n\tat org.openqa.selenium.support.pagefactory.internal.LocatingElementHandler.invoke(LocatingElementHandler.java:51)\r\n\tat jdk.proxy2/jdk.proxy2.$Proxy26.click(Unknown Source)\r\n\tat com.herokuapp.codebreakers.POM.BatchPageObjects.enterBatchDetails(BatchPageObjects.java:323)\r\n\tat com.herokuapp.codebreakers.stepDefinition.BatchStepDefinition.fill_in_any_of_the_fields_with_invalid_values_from_and_row_number_and_click_save(BatchStepDefinition.java:197)\r\n\tat ✽.Fill in any of the fields with invalid values from \"Batch\" and RowNumber 2 and click save(file:///C:/Users/sudha/git/team10-lmsphase2-codebreakers/team10-lmsphase2-codebreakers/src/test/resources/features/batch.feature:73)\r\n"},"stage":"finished","steps":[],"attachments":[],"parameters":[],"start":1714619053048,"stop":1714619056425},{"name":"Then  Error message should appear","status":"skipped","statusDetails":{"known":false,"muted":false,"flaky":false},"stage":"finished","steps":[],"attachments":[],"parameters":[],"start":1714619056426,"stop":1714619056427}],"attachments":[],"parameters":[{"name":"SheetName","value":"Batch"},{"name":"RowNumber","value":"2"}],"start":1714618973643,"stop":1714619056887}