{"uuid":"f6bb456f-ef39-481e-90a9-5b45fceadc8b","historyId":"59a11c35e05b2ff7b14468988bc46d2b","fullName":"src/test/resources/features/userDelete.feature:13","labels":[{"name":"host","value":"Sudha"},{"name":"thread","value":"162876@Sudha.TestNG-PoolService-2(49)"},{"name":"feature","value":"Navigation to 'Manage User' and validating its deleting functionality"},{"name":"story","value":"Validate No on Confirm Deletion Window"},{"name":"suite","value":"Navigation to 'Manage User' and validating its deleting functionality"},{"name":"testClass","value":"Validate No on Confirm Deletion Window"},{"name":"framework","value":"cucumber4jvm"},{"name":"language","value":"java"},{"name":"gherkin_uri","value":"file:///C:/Users/sudha/git/team10-lmsphase2-codebreakers/team10-lmsphase2-codebreakers/src/test/resources/features/userDelete.feature"},{"name":"package","value":"src.test.resources.features.userDelete_feature.Navigation to 'Manage User' and validating its deleting functionality"}],"links":[],"name":"Validate No on Confirm Deletion Window","status":"broken","statusDetails":{"known":false,"muted":false,"flaky":false,"message":"element click intercepted: Element <td _ngcontent-rvx-c153=\"\">...</td> is not clickable at point (132, 750). Other element would receive the click: <div class=\"ng-tns-c133-9 ng-star-inserted p-dialog-mask p-component-overlay p-dialog-mask-scrollblocker\" style=\"z-index: 1001;\">...</div>\n  (Session info: chrome=124.0.6367.93)\nBuild info: version: '4.18.1', revision: 'b1d3319b48'\nSystem info: os.name: 'Windows 11', os.arch: 'amd64', os.version: '10.0', java.version: '21.0.2'\nDriver info: org.openqa.selenium.chrome.ChromeDriver\nCommand: [1d84ca8495769e0b603d67e57e89d368, clickElement {id=f.78B22E0589185D35543B0D81257DC6D7.d.EAB402346383E4829D7EDCAC3663546B.e.791}]\nCapabilities {acceptInsecureCerts: false, browserName: chrome, browserVersion: 124.0.6367.93, chrome: {chromedriverVersion: 124.0.6367.91 (51df0e5e17a8..., userDataDir: C:\\Users\\sudha\\AppData\\Loca...}, fedcm:accounts: true, goog:chromeOptions: {debuggerAddress: localhost:54128}, networkConnectionEnabled: false, pageLoadStrategy: normal, platformName: windows, proxy: Proxy(), se:cdp: ws://localhost:54128/devtoo..., se:cdpVersion: 124.0.6367.93, setWindowRect: true, strictFileInteractability: false, timeouts: {implicit: 0, pageLoad: 300000, script: 30000}, unhandledPromptBehavior: dismiss and notify, webauthn:extension:credBlob: true, webauthn:extension:largeBlob: true, webauthn:extension:minPinLength: true, webauthn:extension:prf: true, webauthn:virtualAuthenticators: true}\nElement: [[ChromeDriver: chrome on windows (1d84ca8495769e0b603d67e57e89d368)] -> xpath: //tr/td[contains(text(),'U100')]//preceding-sibling::td[1]]\nSession ID: 1d84ca8495769e0b603d67e57e89d368","trace":"org.openqa.selenium.ElementClickInterceptedException: element click intercepted: Element <td _ngcontent-rvx-c153=\"\">...</td> is not clickable at point (132, 750). Other element would receive the click: <div class=\"ng-tns-c133-9 ng-star-inserted p-dialog-mask p-component-overlay p-dialog-mask-scrollblocker\" style=\"z-index: 1001;\">...</div>\n  (Session info: chrome=124.0.6367.93)\nBuild info: version: '4.18.1', revision: 'b1d3319b48'\nSystem info: os.name: 'Windows 11', os.arch: 'amd64', os.version: '10.0', java.version: '21.0.2'\nDriver info: org.openqa.selenium.chrome.ChromeDriver\nCommand: [1d84ca8495769e0b603d67e57e89d368, clickElement {id=f.78B22E0589185D35543B0D81257DC6D7.d.EAB402346383E4829D7EDCAC3663546B.e.791}]\nCapabilities {acceptInsecureCerts: false, browserName: chrome, browserVersion: 124.0.6367.93, chrome: {chromedriverVersion: 124.0.6367.91 (51df0e5e17a8..., userDataDir: C:\\Users\\sudha\\AppData\\Loca...}, fedcm:accounts: true, goog:chromeOptions: {debuggerAddress: localhost:54128}, networkConnectionEnabled: false, pageLoadStrategy: normal, platformName: windows, proxy: Proxy(), se:cdp: ws://localhost:54128/devtoo..., se:cdpVersion: 124.0.6367.93, setWindowRect: true, strictFileInteractability: false, timeouts: {implicit: 0, pageLoad: 300000, script: 30000}, unhandledPromptBehavior: dismiss and notify, webauthn:extension:credBlob: true, webauthn:extension:largeBlob: true, webauthn:extension:minPinLength: true, webauthn:extension:prf: true, webauthn:virtualAuthenticators: true}\nElement: [[ChromeDriver: chrome on windows (1d84ca8495769e0b603d67e57e89d368)] -> xpath: //tr/td[contains(text(),'U100')]//preceding-sibling::td[1]]\nSession ID: 1d84ca8495769e0b603d67e57e89d368\r\n\tat java.base/jdk.internal.reflect.DirectConstructorHandleAccessor.newInstance(DirectConstructorHandleAccessor.java:62)\r\n\tat java.base/java.lang.reflect.Constructor.newInstanceWithCaller(Constructor.java:502)\r\n\tat java.base/java.lang.reflect.Constructor.newInstance(Constructor.java:486)\r\n\tat org.openqa.selenium.remote.ErrorCodec.decode(ErrorCodec.java:167)\r\n\tat org.openqa.selenium.remote.codec.w3c.W3CHttpResponseCodec.decode(W3CHttpResponseCodec.java:138)\r\n\tat org.openqa.selenium.remote.codec.w3c.W3CHttpResponseCodec.decode(W3CHttpResponseCodec.java:50)\r\n\tat org.openqa.selenium.remote.HttpCommandExecutor.execute(HttpCommandExecutor.java:190)\r\n\tat org.openqa.selenium.remote.service.DriverCommandExecutor.invokeExecute(DriverCommandExecutor.java:216)\r\n\tat org.openqa.selenium.remote.service.DriverCommandExecutor.execute(DriverCommandExecutor.java:174)\r\n\tat org.openqa.selenium.remote.RemoteWebDriver.execute(RemoteWebDriver.java:519)\r\n\tat org.openqa.selenium.remote.RemoteWebElement.execute(RemoteWebElement.java:223)\r\n\tat org.openqa.selenium.remote.RemoteWebElement.click(RemoteWebElement.java:76)\r\n\tat com.herokuapp.codebreakers.POM.UsersObjects.singleUserDeleteInRow(UsersObjects.java:189)\r\n\tat com.herokuapp.codebreakers.stepDefinition.UserStepDefinition.admin_clicks_the_row_level_delete_icon_after_selecting_the_users_and_clicks_option(UserStepDefinition.java:102)\r\n\tat ✽.Admin clicks the row level delete icon after selecting the user and clicks \"no\" option(file:///C:/Users/sudha/git/team10-lmsphase2-codebreakers/team10-lmsphase2-codebreakers/src/test/resources/features/userDelete.feature:14)\r\n"},"stage":"finished","description":"As a Admin\nI want to able to navigate to the 'Manage User' page \nSo that I can access its deleting functionality","steps":[{"name":"Given  Admin is on dashboard page after Login and clicks User on the navigation bar","status":"passed","statusDetails":{"known":false,"muted":false,"flaky":false},"stage":"finished","steps":[],"attachments":[],"parameters":[],"start":1714619706497,"stop":1714619781145},{"name":"When  Admin clicks the row level delete icon after selecting the user and clicks \"no\" option","status":"broken","statusDetails":{"known":false,"muted":false,"flaky":false,"message":"element click intercepted: Element <td _ngcontent-rvx-c153=\"\">...</td> is not clickable at point (132, 750). Other element would receive the click: <div class=\"ng-tns-c133-9 ng-star-inserted p-dialog-mask p-component-overlay p-dialog-mask-scrollblocker\" style=\"z-index: 1001;\">...</div>\n  (Session info: chrome=124.0.6367.93)\nBuild info: version: '4.18.1', revision: 'b1d3319b48'\nSystem info: os.name: 'Windows 11', os.arch: 'amd64', os.version: '10.0', java.version: '21.0.2'\nDriver info: org.openqa.selenium.chrome.ChromeDriver\nCommand: [1d84ca8495769e0b603d67e57e89d368, clickElement {id=f.78B22E0589185D35543B0D81257DC6D7.d.EAB402346383E4829D7EDCAC3663546B.e.791}]\nCapabilities {acceptInsecureCerts: false, browserName: chrome, browserVersion: 124.0.6367.93, chrome: {chromedriverVersion: 124.0.6367.91 (51df0e5e17a8..., userDataDir: C:\\Users\\sudha\\AppData\\Loca...}, fedcm:accounts: true, goog:chromeOptions: {debuggerAddress: localhost:54128}, networkConnectionEnabled: false, pageLoadStrategy: normal, platformName: windows, proxy: Proxy(), se:cdp: ws://localhost:54128/devtoo..., se:cdpVersion: 124.0.6367.93, setWindowRect: true, strictFileInteractability: false, timeouts: {implicit: 0, pageLoad: 300000, script: 30000}, unhandledPromptBehavior: dismiss and notify, webauthn:extension:credBlob: true, webauthn:extension:largeBlob: true, webauthn:extension:minPinLength: true, webauthn:extension:prf: true, webauthn:virtualAuthenticators: true}\nElement: [[ChromeDriver: chrome on windows (1d84ca8495769e0b603d67e57e89d368)] -> xpath: //tr/td[contains(text(),'U100')]//preceding-sibling::td[1]]\nSession ID: 1d84ca8495769e0b603d67e57e89d368","trace":"org.openqa.selenium.ElementClickInterceptedException: element click intercepted: Element <td _ngcontent-rvx-c153=\"\">...</td> is not clickable at point (132, 750). Other element would receive the click: <div class=\"ng-tns-c133-9 ng-star-inserted p-dialog-mask p-component-overlay p-dialog-mask-scrollblocker\" style=\"z-index: 1001;\">...</div>\n  (Session info: chrome=124.0.6367.93)\nBuild info: version: '4.18.1', revision: 'b1d3319b48'\nSystem info: os.name: 'Windows 11', os.arch: 'amd64', os.version: '10.0', java.version: '21.0.2'\nDriver info: org.openqa.selenium.chrome.ChromeDriver\nCommand: [1d84ca8495769e0b603d67e57e89d368, clickElement {id=f.78B22E0589185D35543B0D81257DC6D7.d.EAB402346383E4829D7EDCAC3663546B.e.791}]\nCapabilities {acceptInsecureCerts: false, browserName: chrome, browserVersion: 124.0.6367.93, chrome: {chromedriverVersion: 124.0.6367.91 (51df0e5e17a8..., userDataDir: C:\\Users\\sudha\\AppData\\Loca...}, fedcm:accounts: true, goog:chromeOptions: {debuggerAddress: localhost:54128}, networkConnectionEnabled: false, pageLoadStrategy: normal, platformName: windows, proxy: Proxy(), se:cdp: ws://localhost:54128/devtoo..., se:cdpVersion: 124.0.6367.93, setWindowRect: true, strictFileInteractability: false, timeouts: {implicit: 0, pageLoad: 300000, script: 30000}, unhandledPromptBehavior: dismiss and notify, webauthn:extension:credBlob: true, webauthn:extension:largeBlob: true, webauthn:extension:minPinLength: true, webauthn:extension:prf: true, webauthn:virtualAuthenticators: true}\nElement: [[ChromeDriver: chrome on windows (1d84ca8495769e0b603d67e57e89d368)] -> xpath: //tr/td[contains(text(),'U100')]//preceding-sibling::td[1]]\nSession ID: 1d84ca8495769e0b603d67e57e89d368\r\n\tat java.base/jdk.internal.reflect.DirectConstructorHandleAccessor.newInstance(DirectConstructorHandleAccessor.java:62)\r\n\tat java.base/java.lang.reflect.Constructor.newInstanceWithCaller(Constructor.java:502)\r\n\tat java.base/java.lang.reflect.Constructor.newInstance(Constructor.java:486)\r\n\tat org.openqa.selenium.remote.ErrorCodec.decode(ErrorCodec.java:167)\r\n\tat org.openqa.selenium.remote.codec.w3c.W3CHttpResponseCodec.decode(W3CHttpResponseCodec.java:138)\r\n\tat org.openqa.selenium.remote.codec.w3c.W3CHttpResponseCodec.decode(W3CHttpResponseCodec.java:50)\r\n\tat org.openqa.selenium.remote.HttpCommandExecutor.execute(HttpCommandExecutor.java:190)\r\n\tat org.openqa.selenium.remote.service.DriverCommandExecutor.invokeExecute(DriverCommandExecutor.java:216)\r\n\tat org.openqa.selenium.remote.service.DriverCommandExecutor.execute(DriverCommandExecutor.java:174)\r\n\tat org.openqa.selenium.remote.RemoteWebDriver.execute(RemoteWebDriver.java:519)\r\n\tat org.openqa.selenium.remote.RemoteWebElement.execute(RemoteWebElement.java:223)\r\n\tat org.openqa.selenium.remote.RemoteWebElement.click(RemoteWebElement.java:76)\r\n\tat com.herokuapp.codebreakers.POM.UsersObjects.singleUserDeleteInRow(UsersObjects.java:189)\r\n\tat com.herokuapp.codebreakers.stepDefinition.UserStepDefinition.admin_clicks_the_row_level_delete_icon_after_selecting_the_users_and_clicks_option(UserStepDefinition.java:102)\r\n\tat ✽.Admin clicks the row level delete icon after selecting the user and clicks \"no\" option(file:///C:/Users/sudha/git/team10-lmsphase2-codebreakers/team10-lmsphase2-codebreakers/src/test/resources/features/userDelete.feature:14)\r\n"},"stage":"finished","steps":[],"attachments":[{"name":"Data table","source":"baac3d35-de16-46ee-b9c3-bc2abab563bc-attachment.csv","type":"text/tab-separated-values"}],"parameters":[],"start":1714619781145,"stop":1714619807544},{"name":"Then  Admin can see the deletion alert disappears without deleting user","status":"skipped","statusDetails":{"known":false,"muted":false,"flaky":false},"stage":"finished","steps":[],"attachments":[],"parameters":[],"start":1714619807545,"stop":1714619807545}],"attachments":[],"parameters":[],"start":1714619706496,"stop":1714619807981}