<?xml version="1.0" encoding="UTF-8"?>
<testng-results ignored="0" total="135" passed="70" failed="65" skipped="0">
  <reporter-output>
  </reporter-output>
  <suite started-at="2024-05-01T23:01:31 EDT" name="Default suite" finished-at="2024-05-01T23:18:24 EDT" duration-ms="1013291">
    <groups>
      <group name="cucumber">
        <method signature="AbstractTestNGCucumberTests.runScenario(io.cucumber.testng.PickleWrapper,io.cucumber.testng.FeatureWrapper)[pri:0, instance:com.herokuapp.codebreakers.testRunner.TestRunner@7905a0b8]" name="runScenario" class="io.cucumber.testng.AbstractTestNGCucumberTests"/>
      </group> <!-- cucumber -->
    </groups>
    <test started-at="2024-05-01T23:01:31 EDT" name="Default test" finished-at="2024-05-01T23:18:24 EDT" duration-ms="1013291">
      <class name="com.herokuapp.codebreakers.testRunner.TestRunner">
        <test-method is-config="true" signature="setUpClass(org.testng.ITestContext)[pri:0, instance:com.herokuapp.codebreakers.testRunner.TestRunner@7905a0b8]" started-at="2024-05-01T23:01:31 EDT" name="setUpClass" finished-at="2024-05-01T23:01:32 EDT" duration-ms="1263" status="PASS">
          <params>
            <param index="0">
              <value>
                <![CDATA[org.testng.TestRunner@7ab2ba47]]>
              </value>
            </param>
          </params>
          <reporter-output>
          </reporter-output>
        </test-method> <!-- setUpClass -->
        <test-method signature="runScenario(io.cucumber.testng.PickleWrapper,io.cucumber.testng.FeatureWrapper)[pri:0, instance:com.herokuapp.codebreakers.testRunner.TestRunner@7905a0b8]" started-at="2024-05-01T23:01:32 EDT" name="runScenario" description="Runs Cucumber Scenarios" data-provider="scenarios" finished-at="2024-05-01T23:02:49 EDT" duration-ms="76968" status="PASS">
          <params>
            <param index="0">
              <value>
                <![CDATA["Validate pagination in the Batch Page"]]>
              </value>
            </param>
            <param index="1">
              <value>
                <![CDATA["Batch Page Validation"]]>
              </value>
            </param>
          </params>
          <reporter-output>
          </reporter-output>
        </test-method> <!-- runScenario -->
        <test-method signature="runScenario(io.cucumber.testng.PickleWrapper,io.cucumber.testng.FeatureWrapper)[pri:0, instance:com.herokuapp.codebreakers.testRunner.TestRunner@7905a0b8]" started-at="2024-05-01T23:01:32 EDT" name="runScenario" description="Runs Cucumber Scenarios" data-provider="scenarios" finished-at="2024-05-01T23:02:58 EDT" duration-ms="86298" status="PASS">
          <params>
            <param index="0">
              <value>
                <![CDATA["Validate data rows"]]>
              </value>
            </param>
            <param index="1">
              <value>
                <![CDATA["Batch Page Validation"]]>
              </value>
            </param>
          </params>
          <reporter-output>
          </reporter-output>
        </test-method> <!-- runScenario -->
        <test-method signature="runScenario(io.cucumber.testng.PickleWrapper,io.cucumber.testng.FeatureWrapper)[pri:0, instance:com.herokuapp.codebreakers.testRunner.TestRunner@7905a0b8]" started-at="2024-05-01T23:01:32 EDT" name="runScenario" description="Runs Cucumber Scenarios" data-provider="scenarios" finished-at="2024-05-01T23:02:48 EDT" duration-ms="76004" status="PASS">
          <params>
            <param index="0">
              <value>
                <![CDATA["Validate data table headers in the Batch Page"]]>
              </value>
            </param>
            <param index="1">
              <value>
                <![CDATA["Batch Page Validation"]]>
              </value>
            </param>
          </params>
          <reporter-output>
          </reporter-output>
        </test-method> <!-- runScenario -->
        <test-method signature="runScenario(io.cucumber.testng.PickleWrapper,io.cucumber.testng.FeatureWrapper)[pri:0, instance:com.herokuapp.codebreakers.testRunner.TestRunner@7905a0b8]" started-at="2024-05-01T23:01:32 EDT" name="runScenario" description="Runs Cucumber Scenarios" data-provider="scenarios" finished-at="2024-05-01T23:02:53 EDT" duration-ms="81081" status="PASS">
          <params>
            <param index="0">
              <value>
                <![CDATA["Validate header in the Batch Page"]]>
              </value>
            </param>
            <param index="1">
              <value>
                <![CDATA["Batch Page Validation"]]>
              </value>
            </param>
          </params>
          <reporter-output>
          </reporter-output>
        </test-method> <!-- runScenario -->
        <test-method signature="runScenario(io.cucumber.testng.PickleWrapper,io.cucumber.testng.FeatureWrapper)[pri:0, instance:com.herokuapp.codebreakers.testRunner.TestRunner@7905a0b8]" started-at="2024-05-01T23:01:32 EDT" name="runScenario" description="Runs Cucumber Scenarios" data-provider="scenarios" finished-at="2024-05-01T23:02:29 EDT" duration-ms="57197" status="PASS">
          <params>
            <param index="0">
              <value>
                <![CDATA["Validate data rows"]]>
              </value>
            </param>
            <param index="1">
              <value>
                <![CDATA["Batch Page Validation"]]>
              </value>
            </param>
          </params>
          <reporter-output>
          </reporter-output>
        </test-method> <!-- runScenario -->
        <test-method signature="runScenario(io.cucumber.testng.PickleWrapper,io.cucumber.testng.FeatureWrapper)[pri:0, instance:com.herokuapp.codebreakers.testRunner.TestRunner@7905a0b8]" started-at="2024-05-01T23:01:32 EDT" name="runScenario" description="Runs Cucumber Scenarios" data-provider="scenarios" finished-at="2024-05-01T23:03:00 EDT" duration-ms="87763" status="PASS">
          <params>
            <param index="0">
              <value>
                <![CDATA["Validate Delete button in Batch Page"]]>
              </value>
            </param>
            <param index="1">
              <value>
                <![CDATA["Batch Page Validation"]]>
              </value>
            </param>
          </params>
          <reporter-output>
          </reporter-output>
        </test-method> <!-- runScenario -->
        <test-method signature="runScenario(io.cucumber.testng.PickleWrapper,io.cucumber.testng.FeatureWrapper)[pri:0, instance:com.herokuapp.codebreakers.testRunner.TestRunner@7905a0b8]" started-at="2024-05-01T23:01:32 EDT" name="runScenario" description="Runs Cucumber Scenarios" data-provider="scenarios" finished-at="2024-05-01T23:03:10 EDT" duration-ms="98450" status="FAIL">
          <params>
            <param index="0">
              <value>
                <![CDATA["Validate landing in Batch page"]]>
              </value>
            </param>
            <param index="1">
              <value>
                <![CDATA["Batch Page Validation"]]>
              </value>
            </param>
          </params>
          <exception class="java.lang.AssertionError">
            <message>
              <![CDATA[expected [true] but found [false]]]>
            </message>
            <full-stacktrace>
              <![CDATA[java.lang.AssertionError: expected [true] but found [false]
at org.testng.Assert.fail(Assert.java:111)
at org.testng.Assert.failNotEquals(Assert.java:1578)
at org.testng.Assert.assertTrue(Assert.java:57)
at org.testng.Assert.assertTrue(Assert.java:67)
at com.herokuapp.codebreakers.stepDefinition.BatchStepDefinition.admin_should_see_the_in_the_url(BatchStepDefinition.java:54)
at ✽.Admin should see the "Manage Batch" in the URL(file:///C:/Users/sudha/git/team10-lmsphase2-codebreakers/team10-lmsphase2-codebreakers/src/test/resources/features/batch.feature:9)
]]>
            </full-stacktrace>
          </exception> <!-- java.lang.AssertionError -->
          <reporter-output>
          </reporter-output>
        </test-method> <!-- runScenario -->
        <test-method signature="runScenario(io.cucumber.testng.PickleWrapper,io.cucumber.testng.FeatureWrapper)[pri:0, instance:com.herokuapp.codebreakers.testRunner.TestRunner@7905a0b8]" started-at="2024-05-01T23:01:32 EDT" name="runScenario" description="Runs Cucumber Scenarios" data-provider="scenarios" finished-at="2024-05-01T23:02:56 EDT" duration-ms="83748" status="PASS">
          <params>
            <param index="0">
              <value>
                <![CDATA["Validate "+ A New batch" in Batch Page"]]>
              </value>
            </param>
            <param index="1">
              <value>
                <![CDATA["Batch Page Validation"]]>
              </value>
            </param>
          </params>
          <reporter-output>
          </reporter-output>
        </test-method> <!-- runScenario -->
        <test-method signature="runScenario(io.cucumber.testng.PickleWrapper,io.cucumber.testng.FeatureWrapper)[pri:0, instance:com.herokuapp.codebreakers.testRunner.TestRunner@7905a0b8]" started-at="2024-05-01T23:01:32 EDT" name="runScenario" description="Runs Cucumber Scenarios" data-provider="scenarios" finished-at="2024-05-01T23:02:53 EDT" duration-ms="81410" status="PASS">
          <params>
            <param index="0">
              <value>
                <![CDATA["Validate data rows"]]>
              </value>
            </param>
            <param index="1">
              <value>
                <![CDATA["Batch Page Validation"]]>
              </value>
            </param>
          </params>
          <reporter-output>
          </reporter-output>
        </test-method> <!-- runScenario -->
        <test-method signature="runScenario(io.cucumber.testng.PickleWrapper,io.cucumber.testng.FeatureWrapper)[pri:0, instance:com.herokuapp.codebreakers.testRunner.TestRunner@7905a0b8]" started-at="2024-05-01T23:01:32 EDT" name="runScenario" description="Runs Cucumber Scenarios" data-provider="scenarios" finished-at="2024-05-01T23:03:06 EDT" duration-ms="94427" status="FAIL">
          <params>
            <param index="0">
              <value>
                <![CDATA["Validate pop up for adding batch"]]>
              </value>
            </param>
            <param index="1">
              <value>
                <![CDATA["Batch Page Validation"]]>
              </value>
            </param>
          </params>
          <exception class="java.lang.AssertionError">
            <message>
              <![CDATA[expected [Batch Details] but found []]]>
            </message>
            <full-stacktrace>
              <![CDATA[java.lang.AssertionError: expected [Batch Details] but found []
at org.testng.Assert.fail(Assert.java:111)
at org.testng.Assert.failNotEquals(Assert.java:1578)
at org.testng.Assert.assertEqualsImpl(Assert.java:150)
at org.testng.Assert.assertEquals(Assert.java:132)
at org.testng.Assert.assertEquals(Assert.java:656)
at org.testng.Assert.assertEquals(Assert.java:666)
at com.herokuapp.codebreakers.stepDefinition.BatchStepDefinition.a_new_pop_up_with_batch_details_appears(BatchStepDefinition.java:123)
at ✽.A new pop up with Batch details appears(file:///C:/Users/sudha/git/team10-lmsphase2-codebreakers/team10-lmsphase2-codebreakers/src/test/resources/features/batch.feature:51)
]]>
            </full-stacktrace>
          </exception> <!-- java.lang.AssertionError -->
          <reporter-output>
          </reporter-output>
        </test-method> <!-- runScenario -->
        <test-method signature="runScenario(io.cucumber.testng.PickleWrapper,io.cucumber.testng.FeatureWrapper)[pri:0, instance:com.herokuapp.codebreakers.testRunner.TestRunner@7905a0b8]" started-at="2024-05-01T23:02:29 EDT" name="runScenario" description="Runs Cucumber Scenarios" data-provider="scenarios" finished-at="2024-05-01T23:03:42 EDT" duration-ms="72632" status="PASS">
          <params>
            <param index="0">
              <value>
                <![CDATA["Check if the fields exist in pop up"]]>
              </value>
            </param>
            <param index="1">
              <value>
                <![CDATA["Batch Page Validation"]]>
              </value>
            </param>
          </params>
          <reporter-output>
          </reporter-output>
        </test-method> <!-- runScenario -->
        <test-method signature="runScenario(io.cucumber.testng.PickleWrapper,io.cucumber.testng.FeatureWrapper)[pri:0, instance:com.herokuapp.codebreakers.testRunner.TestRunner@7905a0b8]" started-at="2024-05-01T23:02:48 EDT" name="runScenario" description="Runs Cucumber Scenarios" data-provider="scenarios" finished-at="2024-05-01T23:04:17 EDT" duration-ms="88899" status="FAIL">
          <params>
            <param index="0">
              <value>
                <![CDATA["Check if description is optional field"]]>
              </value>
            </param>
            <param index="1">
              <value>
                <![CDATA["Batch Page Validation"]]>
              </value>
            </param>
          </params>
          <exception class="org.openqa.selenium.ElementClickInterceptedException">
            <message>
              <![CDATA[element click intercepted: Element <div class="p-radiobutton-box">...</div> is not clickable at point (425, 500). Other element would receive the click: <li role="option" pripple="" aria-label="SDETT1420240501003827420" aria-selected="false" class="p-dropdown-item p-ripple">...</li>
  (Session info: chrome=124.0.6367.93)
Build info: version: '4.18.1', revision: 'b1d3319b48'
System info: os.name: 'Windows 11', os.arch: 'amd64', os.version: '10.0', java.version: '21.0.2'
Driver info: org.openqa.selenium.chrome.ChromeDriver
Command: [3b279b5fdf2e38ccd98b638bfb7a5515, clickElement {id=f.EE8C7748C67251F64ED189A3E1ABCC4E.d.FFD6F765BCDC68025EE6D22160645462.e.46}]
Capabilities {acceptInsecureCerts: false, browserName: chrome, browserVersion: 124.0.6367.93, chrome: {chromedriverVersion: 124.0.6367.91 (51df0e5e17a8..., userDataDir: C:\Users\sudha\AppData\Loca...}, fedcm:accounts: true, goog:chromeOptions: {debuggerAddress: localhost:50153}, networkConnectionEnabled: false, pageLoadStrategy: normal, platformName: windows, proxy: Proxy(), se:cdp: ws://localhost:50153/devtoo..., se:cdpVersion: 124.0.6367.93, setWindowRect: true, strictFileInteractability: false, timeouts: {implicit: 0, pageLoad: 300000, script: 30000}, unhandledPromptBehavior: dismiss and notify, webauthn:extension:credBlob: true, webauthn:extension:largeBlob: true, webauthn:extension:minPinLength: true, webauthn:extension:prf: true, webauthn:virtualAuthenticators: true}
Element: [[ChromeDriver: chrome on windows (3b279b5fdf2e38ccd98b638bfb7a5515)] -> xpath: //*[@id="batchStatus"]/div/div[2]]
Session ID: 3b279b5fdf2e38ccd98b638bfb7a5515]]>
            </message>
            <full-stacktrace>
              <![CDATA[org.openqa.selenium.ElementClickInterceptedException: element click intercepted: Element <div class="p-radiobutton-box">...</div> is not clickable at point (425, 500). Other element would receive the click: <li role="option" pripple="" aria-label="SDETT1420240501003827420" aria-selected="false" class="p-dropdown-item p-ripple">...</li>
  (Session info: chrome=124.0.6367.93)
Build info: version: '4.18.1', revision: 'b1d3319b48'
System info: os.name: 'Windows 11', os.arch: 'amd64', os.version: '10.0', java.version: '21.0.2'
Driver info: org.openqa.selenium.chrome.ChromeDriver
Command: [3b279b5fdf2e38ccd98b638bfb7a5515, clickElement {id=f.EE8C7748C67251F64ED189A3E1ABCC4E.d.FFD6F765BCDC68025EE6D22160645462.e.46}]
Capabilities {acceptInsecureCerts: false, browserName: chrome, browserVersion: 124.0.6367.93, chrome: {chromedriverVersion: 124.0.6367.91 (51df0e5e17a8..., userDataDir: C:\Users\sudha\AppData\Loca...}, fedcm:accounts: true, goog:chromeOptions: {debuggerAddress: localhost:50153}, networkConnectionEnabled: false, pageLoadStrategy: normal, platformName: windows, proxy: Proxy(), se:cdp: ws://localhost:50153/devtoo..., se:cdpVersion: 124.0.6367.93, setWindowRect: true, strictFileInteractability: false, timeouts: {implicit: 0, pageLoad: 300000, script: 30000}, unhandledPromptBehavior: dismiss and notify, webauthn:extension:credBlob: true, webauthn:extension:largeBlob: true, webauthn:extension:minPinLength: true, webauthn:extension:prf: true, webauthn:virtualAuthenticators: true}
Element: [[ChromeDriver: chrome on windows (3b279b5fdf2e38ccd98b638bfb7a5515)] -> xpath: //*[@id="batchStatus"]/div/div[2]]
Session ID: 3b279b5fdf2e38ccd98b638bfb7a5515
at java.base/jdk.internal.reflect.DirectConstructorHandleAccessor.newInstance(DirectConstructorHandleAccessor.java:62)
at java.base/java.lang.reflect.Constructor.newInstanceWithCaller(Constructor.java:502)
at java.base/java.lang.reflect.Constructor.newInstance(Constructor.java:486)
at org.openqa.selenium.remote.ErrorCodec.decode(ErrorCodec.java:167)
at org.openqa.selenium.remote.codec.w3c.W3CHttpResponseCodec.decode(W3CHttpResponseCodec.java:138)
at org.openqa.selenium.remote.codec.w3c.W3CHttpResponseCodec.decode(W3CHttpResponseCodec.java:50)
at org.openqa.selenium.remote.HttpCommandExecutor.execute(HttpCommandExecutor.java:190)
at org.openqa.selenium.remote.service.DriverCommandExecutor.invokeExecute(DriverCommandExecutor.java:216)
at org.openqa.selenium.remote.service.DriverCommandExecutor.execute(DriverCommandExecutor.java:174)
at org.openqa.selenium.remote.RemoteWebDriver.execute(RemoteWebDriver.java:519)
at org.openqa.selenium.remote.RemoteWebElement.execute(RemoteWebElement.java:223)
at org.openqa.selenium.remote.RemoteWebElement.click(RemoteWebElement.java:76)
at java.base/jdk.internal.reflect.DirectMethodHandleAccessor.invoke(DirectMethodHandleAccessor.java:103)
at java.base/java.lang.reflect.Method.invoke(Method.java:580)
at org.openqa.selenium.support.pagefactory.internal.LocatingElementHandler.invoke(LocatingElementHandler.java:51)
at jdk.proxy2/jdk.proxy2.$Proxy26.click(Unknown Source)
at com.herokuapp.codebreakers.POM.BatchPageObjects.enterBatchDetails(BatchPageObjects.java:323)
at com.herokuapp.codebreakers.stepDefinition.BatchStepDefinition.fill_in_all_the_fields_except_description_with_valid_values_from_and_row_number_and_click_close(BatchStepDefinition.java:151)
at ✽.Fill in all the fields except description with valid values from "Batch" and RowNumber 0 and click close(file:///C:/Users/sudha/git/team10-lmsphase2-codebreakers/team10-lmsphase2-codebreakers/src/test/resources/features/batch.feature:57)
]]>
            </full-stacktrace>
          </exception> <!-- org.openqa.selenium.ElementClickInterceptedException -->
          <reporter-output>
          </reporter-output>
        </test-method> <!-- runScenario -->
        <test-method signature="runScenario(io.cucumber.testng.PickleWrapper,io.cucumber.testng.FeatureWrapper)[pri:0, instance:com.herokuapp.codebreakers.testRunner.TestRunner@7905a0b8]" started-at="2024-05-01T23:02:49 EDT" name="runScenario" description="Runs Cucumber Scenarios" data-provider="scenarios" finished-at="2024-05-01T23:03:52 EDT" duration-ms="62544" status="FAIL">
          <params>
            <param index="0">
              <value>
                <![CDATA["Check if the program details are added in data table"]]>
              </value>
            </param>
            <param index="1">
              <value>
                <![CDATA["Batch Page Validation"]]>
              </value>
            </param>
          </params>
          <exception class="org.openqa.selenium.ElementClickInterceptedException">
            <message>
              <![CDATA[element click intercepted: Element <div class="p-radiobutton-box">...</div> is not clickable at point (425, 500). Other element would receive the click: <li role="option" pripple="" aria-label="SDETT1420240501003827420" aria-selected="false" class="p-dropdown-item p-ripple">...</li>
  (Session info: chrome=124.0.6367.93)
Build info: version: '4.18.1', revision: 'b1d3319b48'
System info: os.name: 'Windows 11', os.arch: 'amd64', os.version: '10.0', java.version: '21.0.2'
Driver info: org.openqa.selenium.chrome.ChromeDriver
Command: [00af05ccf3b09624f88c25daa766cc93, clickElement {id=f.FCBCDE4FCD9E3218171E331ABBBB0898.d.97D46D7BB08BCCFD210FDFF3B397F300.e.46}]
Capabilities {acceptInsecureCerts: false, browserName: chrome, browserVersion: 124.0.6367.93, chrome: {chromedriverVersion: 124.0.6367.91 (51df0e5e17a8..., userDataDir: C:\Users\sudha\AppData\Loca...}, fedcm:accounts: true, goog:chromeOptions: {debuggerAddress: localhost:50173}, networkConnectionEnabled: false, pageLoadStrategy: normal, platformName: windows, proxy: Proxy(), se:cdp: ws://localhost:50173/devtoo..., se:cdpVersion: 124.0.6367.93, setWindowRect: true, strictFileInteractability: false, timeouts: {implicit: 0, pageLoad: 300000, script: 30000}, unhandledPromptBehavior: dismiss and notify, webauthn:extension:credBlob: true, webauthn:extension:largeBlob: true, webauthn:extension:minPinLength: true, webauthn:extension:prf: true, webauthn:virtualAuthenticators: true}
Element: [[ChromeDriver: chrome on windows (00af05ccf3b09624f88c25daa766cc93)] -> xpath: //*[@id="batchStatus"]/div/div[2]]
Session ID: 00af05ccf3b09624f88c25daa766cc93]]>
            </message>
            <full-stacktrace>
              <![CDATA[org.openqa.selenium.ElementClickInterceptedException: element click intercepted: Element <div class="p-radiobutton-box">...</div> is not clickable at point (425, 500). Other element would receive the click: <li role="option" pripple="" aria-label="SDETT1420240501003827420" aria-selected="false" class="p-dropdown-item p-ripple">...</li>
  (Session info: chrome=124.0.6367.93)
Build info: version: '4.18.1', revision: 'b1d3319b48'
System info: os.name: 'Windows 11', os.arch: 'amd64', os.version: '10.0', java.version: '21.0.2'
Driver info: org.openqa.selenium.chrome.ChromeDriver
Command: [00af05ccf3b09624f88c25daa766cc93, clickElement {id=f.FCBCDE4FCD9E3218171E331ABBBB0898.d.97D46D7BB08BCCFD210FDFF3B397F300.e.46}]
Capabilities {acceptInsecureCerts: false, browserName: chrome, browserVersion: 124.0.6367.93, chrome: {chromedriverVersion: 124.0.6367.91 (51df0e5e17a8..., userDataDir: C:\Users\sudha\AppData\Loca...}, fedcm:accounts: true, goog:chromeOptions: {debuggerAddress: localhost:50173}, networkConnectionEnabled: false, pageLoadStrategy: normal, platformName: windows, proxy: Proxy(), se:cdp: ws://localhost:50173/devtoo..., se:cdpVersion: 124.0.6367.93, setWindowRect: true, strictFileInteractability: false, timeouts: {implicit: 0, pageLoad: 300000, script: 30000}, unhandledPromptBehavior: dismiss and notify, webauthn:extension:credBlob: true, webauthn:extension:largeBlob: true, webauthn:extension:minPinLength: true, webauthn:extension:prf: true, webauthn:virtualAuthenticators: true}
Element: [[ChromeDriver: chrome on windows (00af05ccf3b09624f88c25daa766cc93)] -> xpath: //*[@id="batchStatus"]/div/div[2]]
Session ID: 00af05ccf3b09624f88c25daa766cc93
at java.base/jdk.internal.reflect.DirectConstructorHandleAccessor.newInstance(DirectConstructorHandleAccessor.java:62)
at java.base/java.lang.reflect.Constructor.newInstanceWithCaller(Constructor.java:502)
at java.base/java.lang.reflect.Constructor.newInstance(Constructor.java:486)
at org.openqa.selenium.remote.ErrorCodec.decode(ErrorCodec.java:167)
at org.openqa.selenium.remote.codec.w3c.W3CHttpResponseCodec.decode(W3CHttpResponseCodec.java:138)
at org.openqa.selenium.remote.codec.w3c.W3CHttpResponseCodec.decode(W3CHttpResponseCodec.java:50)
at org.openqa.selenium.remote.HttpCommandExecutor.execute(HttpCommandExecutor.java:190)
at org.openqa.selenium.remote.service.DriverCommandExecutor.invokeExecute(DriverCommandExecutor.java:216)
at org.openqa.selenium.remote.service.DriverCommandExecutor.execute(DriverCommandExecutor.java:174)
at org.openqa.selenium.remote.RemoteWebDriver.execute(RemoteWebDriver.java:519)
at org.openqa.selenium.remote.RemoteWebElement.execute(RemoteWebElement.java:223)
at org.openqa.selenium.remote.RemoteWebElement.click(RemoteWebElement.java:76)
at java.base/jdk.internal.reflect.DirectMethodHandleAccessor.invoke(DirectMethodHandleAccessor.java:103)
at java.base/java.lang.reflect.Method.invoke(Method.java:580)
at org.openqa.selenium.support.pagefactory.internal.LocatingElementHandler.invoke(LocatingElementHandler.java:51)
at jdk.proxy2/jdk.proxy2.$Proxy26.click(Unknown Source)
at com.herokuapp.codebreakers.POM.BatchPageObjects.enterBatchDetails(BatchPageObjects.java:323)
at com.herokuapp.codebreakers.stepDefinition.BatchStepDefinition.fill_in_all_the_fields_except_description_with_valid_values_from_and_row_number_and_click_save(BatchStepDefinition.java:174)
at ✽.Fill in all the fields except description with valid values from "Batch" and RowNumber 1 and click save(file:///C:/Users/sudha/git/team10-lmsphase2-codebreakers/team10-lmsphase2-codebreakers/src/test/resources/features/batch.feature:65)
]]>
            </full-stacktrace>
          </exception> <!-- org.openqa.selenium.ElementClickInterceptedException -->
          <reporter-output>
          </reporter-output>
        </test-method> <!-- runScenario -->
        <test-method signature="runScenario(io.cucumber.testng.PickleWrapper,io.cucumber.testng.FeatureWrapper)[pri:0, instance:com.herokuapp.codebreakers.testRunner.TestRunner@7905a0b8]" started-at="2024-05-01T23:02:53 EDT" name="runScenario" description="Runs Cucumber Scenarios" data-provider="scenarios" finished-at="2024-05-01T23:04:16 EDT" duration-ms="83302" status="FAIL">
          <params>
            <param index="0">
              <value>
                <![CDATA["Check for error messages for invalid fields"]]>
              </value>
            </param>
            <param index="1">
              <value>
                <![CDATA["Batch Page Validation"]]>
              </value>
            </param>
          </params>
          <exception class="org.openqa.selenium.ElementClickInterceptedException">
            <message>
              <![CDATA[element click intercepted: Element <div class="p-radiobutton-box">...</div> is not clickable at point (425, 500). Other element would receive the click: <li role="option" pripple="" aria-label="SDETT1420240501003827420" aria-selected="false" class="p-dropdown-item p-ripple">...</li>
  (Session info: chrome=124.0.6367.93)
Build info: version: '4.18.1', revision: 'b1d3319b48'
System info: os.name: 'Windows 11', os.arch: 'amd64', os.version: '10.0', java.version: '21.0.2'
Driver info: org.openqa.selenium.chrome.ChromeDriver
Command: [42ac14f72278aeea74e9eb0bb042479c, clickElement {id=f.CE6D30E317119FCAFE68D6819C7858C2.d.A2FFA2B8BCD2986F22B718ECCF4B575C.e.46}]
Capabilities {acceptInsecureCerts: false, browserName: chrome, browserVersion: 124.0.6367.93, chrome: {chromedriverVersion: 124.0.6367.91 (51df0e5e17a8..., userDataDir: C:\Users\sudha\AppData\Loca...}, fedcm:accounts: true, goog:chromeOptions: {debuggerAddress: localhost:50246}, networkConnectionEnabled: false, pageLoadStrategy: normal, platformName: windows, proxy: Proxy(), se:cdp: ws://localhost:50246/devtoo..., se:cdpVersion: 124.0.6367.93, setWindowRect: true, strictFileInteractability: false, timeouts: {implicit: 0, pageLoad: 300000, script: 30000}, unhandledPromptBehavior: dismiss and notify, webauthn:extension:credBlob: true, webauthn:extension:largeBlob: true, webauthn:extension:minPinLength: true, webauthn:extension:prf: true, webauthn:virtualAuthenticators: true}
Element: [[ChromeDriver: chrome on windows (42ac14f72278aeea74e9eb0bb042479c)] -> xpath: //*[@id="batchStatus"]/div/div[2]]
Session ID: 42ac14f72278aeea74e9eb0bb042479c]]>
            </message>
            <full-stacktrace>
              <![CDATA[org.openqa.selenium.ElementClickInterceptedException: element click intercepted: Element <div class="p-radiobutton-box">...</div> is not clickable at point (425, 500). Other element would receive the click: <li role="option" pripple="" aria-label="SDETT1420240501003827420" aria-selected="false" class="p-dropdown-item p-ripple">...</li>
  (Session info: chrome=124.0.6367.93)
Build info: version: '4.18.1', revision: 'b1d3319b48'
System info: os.name: 'Windows 11', os.arch: 'amd64', os.version: '10.0', java.version: '21.0.2'
Driver info: org.openqa.selenium.chrome.ChromeDriver
Command: [42ac14f72278aeea74e9eb0bb042479c, clickElement {id=f.CE6D30E317119FCAFE68D6819C7858C2.d.A2FFA2B8BCD2986F22B718ECCF4B575C.e.46}]
Capabilities {acceptInsecureCerts: false, browserName: chrome, browserVersion: 124.0.6367.93, chrome: {chromedriverVersion: 124.0.6367.91 (51df0e5e17a8..., userDataDir: C:\Users\sudha\AppData\Loca...}, fedcm:accounts: true, goog:chromeOptions: {debuggerAddress: localhost:50246}, networkConnectionEnabled: false, pageLoadStrategy: normal, platformName: windows, proxy: Proxy(), se:cdp: ws://localhost:50246/devtoo..., se:cdpVersion: 124.0.6367.93, setWindowRect: true, strictFileInteractability: false, timeouts: {implicit: 0, pageLoad: 300000, script: 30000}, unhandledPromptBehavior: dismiss and notify, webauthn:extension:credBlob: true, webauthn:extension:largeBlob: true, webauthn:extension:minPinLength: true, webauthn:extension:prf: true, webauthn:virtualAuthenticators: true}
Element: [[ChromeDriver: chrome on windows (42ac14f72278aeea74e9eb0bb042479c)] -> xpath: //*[@id="batchStatus"]/div/div[2]]
Session ID: 42ac14f72278aeea74e9eb0bb042479c
at java.base/jdk.internal.reflect.DirectConstructorHandleAccessor.newInstance(DirectConstructorHandleAccessor.java:62)
at java.base/java.lang.reflect.Constructor.newInstanceWithCaller(Constructor.java:502)
at java.base/java.lang.reflect.Constructor.newInstance(Constructor.java:486)
at org.openqa.selenium.remote.ErrorCodec.decode(ErrorCodec.java:167)
at org.openqa.selenium.remote.codec.w3c.W3CHttpResponseCodec.decode(W3CHttpResponseCodec.java:138)
at org.openqa.selenium.remote.codec.w3c.W3CHttpResponseCodec.decode(W3CHttpResponseCodec.java:50)
at org.openqa.selenium.remote.HttpCommandExecutor.execute(HttpCommandExecutor.java:190)
at org.openqa.selenium.remote.service.DriverCommandExecutor.invokeExecute(DriverCommandExecutor.java:216)
at org.openqa.selenium.remote.service.DriverCommandExecutor.execute(DriverCommandExecutor.java:174)
at org.openqa.selenium.remote.RemoteWebDriver.execute(RemoteWebDriver.java:519)
at org.openqa.selenium.remote.RemoteWebElement.execute(RemoteWebElement.java:223)
at org.openqa.selenium.remote.RemoteWebElement.click(RemoteWebElement.java:76)
at java.base/jdk.internal.reflect.DirectMethodHandleAccessor.invoke(DirectMethodHandleAccessor.java:103)
at java.base/java.lang.reflect.Method.invoke(Method.java:580)
at org.openqa.selenium.support.pagefactory.internal.LocatingElementHandler.invoke(LocatingElementHandler.java:51)
at jdk.proxy2/jdk.proxy2.$Proxy26.click(Unknown Source)
at com.herokuapp.codebreakers.POM.BatchPageObjects.enterBatchDetails(BatchPageObjects.java:323)
at com.herokuapp.codebreakers.stepDefinition.BatchStepDefinition.fill_in_any_of_the_fields_with_invalid_values_from_and_row_number_and_click_save(BatchStepDefinition.java:197)
at ✽.Fill in any of the fields with invalid values from "Batch" and RowNumber 2 and click save(file:///C:/Users/sudha/git/team10-lmsphase2-codebreakers/team10-lmsphase2-codebreakers/src/test/resources/features/batch.feature:73)
]]>
            </full-stacktrace>
          </exception> <!-- org.openqa.selenium.ElementClickInterceptedException -->
          <reporter-output>
          </reporter-output>
        </test-method> <!-- runScenario -->
        <test-method signature="runScenario(io.cucumber.testng.PickleWrapper,io.cucumber.testng.FeatureWrapper)[pri:0, instance:com.herokuapp.codebreakers.testRunner.TestRunner@7905a0b8]" started-at="2024-05-01T23:02:53 EDT" name="runScenario" description="Runs Cucumber Scenarios" data-provider="scenarios" finished-at="2024-05-01T23:04:05 EDT" duration-ms="71963" status="FAIL">
          <params>
            <param index="0">
              <value>
                <![CDATA["Check for error messages for mandatory fields"]]>
              </value>
            </param>
            <param index="1">
              <value>
                <![CDATA["Batch Page Validation"]]>
              </value>
            </param>
          </params>
          <exception class="org.openqa.selenium.ElementClickInterceptedException">
            <message>
              <![CDATA[element click intercepted: Element <div class="p-radiobutton-box">...</div> is not clickable at point (425, 493). Other element would receive the click: <li role="option" pripple="" aria-label="SDETT1420240501003827420" aria-selected="false" class="p-dropdown-item p-ripple">...</li>
  (Session info: chrome=124.0.6367.93)
Build info: version: '4.18.1', revision: 'b1d3319b48'
System info: os.name: 'Windows 11', os.arch: 'amd64', os.version: '10.0', java.version: '21.0.2'
Driver info: org.openqa.selenium.chrome.ChromeDriver
Command: [cdc190cf553ee17b99d3fb33972dc9e5, clickElement {id=f.9F2D7FFC78D58A762608ACD8175CCB78.d.63574F0180562E714E10404A8BD51637.e.46}]
Capabilities {acceptInsecureCerts: false, browserName: chrome, browserVersion: 124.0.6367.93, chrome: {chromedriverVersion: 124.0.6367.91 (51df0e5e17a8..., userDataDir: C:\Users\sudha\AppData\Loca...}, fedcm:accounts: true, goog:chromeOptions: {debuggerAddress: localhost:50261}, networkConnectionEnabled: false, pageLoadStrategy: normal, platformName: windows, proxy: Proxy(), se:cdp: ws://localhost:50261/devtoo..., se:cdpVersion: 124.0.6367.93, setWindowRect: true, strictFileInteractability: false, timeouts: {implicit: 0, pageLoad: 300000, script: 30000}, unhandledPromptBehavior: dismiss and notify, webauthn:extension:credBlob: true, webauthn:extension:largeBlob: true, webauthn:extension:minPinLength: true, webauthn:extension:prf: true, webauthn:virtualAuthenticators: true}
Element: [[ChromeDriver: chrome on windows (cdc190cf553ee17b99d3fb33972dc9e5)] -> xpath: //*[@id="batchStatus"]/div/div[2]]
Session ID: cdc190cf553ee17b99d3fb33972dc9e5]]>
            </message>
            <full-stacktrace>
              <![CDATA[org.openqa.selenium.ElementClickInterceptedException: element click intercepted: Element <div class="p-radiobutton-box">...</div> is not clickable at point (425, 493). Other element would receive the click: <li role="option" pripple="" aria-label="SDETT1420240501003827420" aria-selected="false" class="p-dropdown-item p-ripple">...</li>
  (Session info: chrome=124.0.6367.93)
Build info: version: '4.18.1', revision: 'b1d3319b48'
System info: os.name: 'Windows 11', os.arch: 'amd64', os.version: '10.0', java.version: '21.0.2'
Driver info: org.openqa.selenium.chrome.ChromeDriver
Command: [cdc190cf553ee17b99d3fb33972dc9e5, clickElement {id=f.9F2D7FFC78D58A762608ACD8175CCB78.d.63574F0180562E714E10404A8BD51637.e.46}]
Capabilities {acceptInsecureCerts: false, browserName: chrome, browserVersion: 124.0.6367.93, chrome: {chromedriverVersion: 124.0.6367.91 (51df0e5e17a8..., userDataDir: C:\Users\sudha\AppData\Loca...}, fedcm:accounts: true, goog:chromeOptions: {debuggerAddress: localhost:50261}, networkConnectionEnabled: false, pageLoadStrategy: normal, platformName: windows, proxy: Proxy(), se:cdp: ws://localhost:50261/devtoo..., se:cdpVersion: 124.0.6367.93, setWindowRect: true, strictFileInteractability: false, timeouts: {implicit: 0, pageLoad: 300000, script: 30000}, unhandledPromptBehavior: dismiss and notify, webauthn:extension:credBlob: true, webauthn:extension:largeBlob: true, webauthn:extension:minPinLength: true, webauthn:extension:prf: true, webauthn:virtualAuthenticators: true}
Element: [[ChromeDriver: chrome on windows (cdc190cf553ee17b99d3fb33972dc9e5)] -> xpath: //*[@id="batchStatus"]/div/div[2]]
Session ID: cdc190cf553ee17b99d3fb33972dc9e5
at java.base/jdk.internal.reflect.DirectConstructorHandleAccessor.newInstance(DirectConstructorHandleAccessor.java:62)
at java.base/java.lang.reflect.Constructor.newInstanceWithCaller(Constructor.java:502)
at java.base/java.lang.reflect.Constructor.newInstance(Constructor.java:486)
at org.openqa.selenium.remote.ErrorCodec.decode(ErrorCodec.java:167)
at org.openqa.selenium.remote.codec.w3c.W3CHttpResponseCodec.decode(W3CHttpResponseCodec.java:138)
at org.openqa.selenium.remote.codec.w3c.W3CHttpResponseCodec.decode(W3CHttpResponseCodec.java:50)
at org.openqa.selenium.remote.HttpCommandExecutor.execute(HttpCommandExecutor.java:190)
at org.openqa.selenium.remote.service.DriverCommandExecutor.invokeExecute(DriverCommandExecutor.java:216)
at org.openqa.selenium.remote.service.DriverCommandExecutor.execute(DriverCommandExecutor.java:174)
at org.openqa.selenium.remote.RemoteWebDriver.execute(RemoteWebDriver.java:519)
at org.openqa.selenium.remote.RemoteWebElement.execute(RemoteWebElement.java:223)
at org.openqa.selenium.remote.RemoteWebElement.click(RemoteWebElement.java:76)
at java.base/jdk.internal.reflect.DirectMethodHandleAccessor.invoke(DirectMethodHandleAccessor.java:103)
at java.base/java.lang.reflect.Method.invoke(Method.java:580)
at org.openqa.selenium.support.pagefactory.internal.LocatingElementHandler.invoke(LocatingElementHandler.java:51)
at jdk.proxy2/jdk.proxy2.$Proxy26.click(Unknown Source)
at com.herokuapp.codebreakers.POM.BatchPageObjects.enterBatchDetails(BatchPageObjects.java:323)
at com.herokuapp.codebreakers.stepDefinition.BatchStepDefinition.fill_in_any_of_the_mandatory_fields_with_blank_from_and_row_number_and_click_save(BatchStepDefinition.java:216)
at ✽.Fill in any of the mandatory fields with blank from "Batch" and RowNumber 3 and click save(file:///C:/Users/sudha/git/team10-lmsphase2-codebreakers/team10-lmsphase2-codebreakers/src/test/resources/features/batch.feature:81)
]]>
            </full-stacktrace>
          </exception> <!-- org.openqa.selenium.ElementClickInterceptedException -->
          <reporter-output>
          </reporter-output>
        </test-method> <!-- runScenario -->
        <test-method signature="runScenario(io.cucumber.testng.PickleWrapper,io.cucumber.testng.FeatureWrapper)[pri:0, instance:com.herokuapp.codebreakers.testRunner.TestRunner@7905a0b8]" started-at="2024-05-01T23:02:56 EDT" name="runScenario" description="Runs Cucumber Scenarios" data-provider="scenarios" finished-at="2024-05-01T23:04:08 EDT" duration-ms="72482" status="FAIL">
          <params>
            <param index="0">
              <value>
                <![CDATA["Validate row level edit icon"]]>
              </value>
            </param>
            <param index="1">
              <value>
                <![CDATA["Batch Page Validation"]]>
              </value>
            </param>
          </params>
          <exception class="java.lang.AssertionError">
            <message>
              <![CDATA[expected [Batch Details] but found []]]>
            </message>
            <full-stacktrace>
              <![CDATA[java.lang.AssertionError: expected [Batch Details] but found []
at org.testng.Assert.fail(Assert.java:111)
at org.testng.Assert.failNotEquals(Assert.java:1578)
at org.testng.Assert.assertEqualsImpl(Assert.java:150)
at org.testng.Assert.assertEquals(Assert.java:132)
at org.testng.Assert.assertEquals(Assert.java:656)
at org.testng.Assert.assertEquals(Assert.java:666)
at com.herokuapp.codebreakers.stepDefinition.BatchStepDefinition.a_new_pop_up_with_batch_details_appears(BatchStepDefinition.java:123)
at ✽.A new pop up with Batch details appears(file:///C:/Users/sudha/git/team10-lmsphase2-codebreakers/team10-lmsphase2-codebreakers/src/test/resources/features/batch.feature:90)
]]>
            </full-stacktrace>
          </exception> <!-- java.lang.AssertionError -->
          <reporter-output>
          </reporter-output>
        </test-method> <!-- runScenario -->
        <test-method signature="runScenario(io.cucumber.testng.PickleWrapper,io.cucumber.testng.FeatureWrapper)[pri:0, instance:com.herokuapp.codebreakers.testRunner.TestRunner@7905a0b8]" started-at="2024-05-01T23:02:58 EDT" name="runScenario" description="Runs Cucumber Scenarios" data-provider="scenarios" finished-at="2024-05-01T23:04:16 EDT" duration-ms="77700" status="FAIL">
          <params>
            <param index="0">
              <value>
                <![CDATA["Check if the fields are updated"]]>
              </value>
            </param>
            <param index="1">
              <value>
                <![CDATA["Batch Page Validation"]]>
              </value>
            </param>
          </params>
          <exception class="java.lang.AssertionError">
            <message>
              <![CDATA[expected [Successful] but found []]]>
            </message>
            <full-stacktrace>
              <![CDATA[java.lang.AssertionError: expected [Successful] but found []
at org.testng.Assert.fail(Assert.java:111)
at org.testng.Assert.failNotEquals(Assert.java:1578)
at org.testng.Assert.assertEqualsImpl(Assert.java:150)
at org.testng.Assert.assertEquals(Assert.java:132)
at org.testng.Assert.assertEquals(Assert.java:656)
at org.testng.Assert.assertEquals(Assert.java:666)
at com.herokuapp.codebreakers.stepDefinition.BatchStepDefinition.the_updated_batch_details_from_and_row_number_should_appear_on_the_data_table(BatchStepDefinition.java:269)
at ✽.The updated batch details from "Batch" and RowNumber 1 should appear on the data table and gets "Successful" message(file:///C:/Users/sudha/git/team10-lmsphase2-codebreakers/team10-lmsphase2-codebreakers/src/test/resources/features/batch.feature:98)
]]>
            </full-stacktrace>
          </exception> <!-- java.lang.AssertionError -->
          <reporter-output>
          </reporter-output>
        </test-method> <!-- runScenario -->
        <test-method signature="runScenario(io.cucumber.testng.PickleWrapper,io.cucumber.testng.FeatureWrapper)[pri:0, instance:com.herokuapp.codebreakers.testRunner.TestRunner@7905a0b8]" started-at="2024-05-01T23:03:00 EDT" name="runScenario" description="Runs Cucumber Scenarios" data-provider="scenarios" finished-at="2024-05-01T23:04:15 EDT" duration-ms="75281" status="FAIL">
          <params>
            <param index="0">
              <value>
                <![CDATA["Check if the update throws error with invalid values"]]>
              </value>
            </param>
            <param index="1">
              <value>
                <![CDATA["Batch Page Validation"]]>
              </value>
            </param>
          </params>
          <exception class="org.openqa.selenium.NoSuchElementException">
            <message>
              <![CDATA[no such element: Unable to locate element: {"method":"xpath","selector":"//span[@class='p-button-icon pi pi-pencil']"}
  (Session info: chrome=124.0.6367.93)
For documentation on this error, please visit: https://www.selenium.dev/documentation/webdriver/troubleshooting/errors#no-such-element-exception
Build info: version: '4.18.1', revision: 'b1d3319b48'
System info: os.name: 'Windows 11', os.arch: 'amd64', os.version: '10.0', java.version: '21.0.2'
Driver info: org.openqa.selenium.chrome.ChromeDriver
Command: [a5c462e9698fa774579365313a427280, findElement {using=xpath, value=//span[@class='p-button-icon pi pi-pencil']}]
Capabilities {acceptInsecureCerts: false, browserName: chrome, browserVersion: 124.0.6367.93, chrome: {chromedriverVersion: 124.0.6367.91 (51df0e5e17a8..., userDataDir: C:\Users\sudha\AppData\Loca...}, fedcm:accounts: true, goog:chromeOptions: {debuggerAddress: localhost:50350}, networkConnectionEnabled: false, pageLoadStrategy: normal, platformName: windows, proxy: Proxy(), se:cdp: ws://localhost:50350/devtoo..., se:cdpVersion: 124.0.6367.93, setWindowRect: true, strictFileInteractability: false, timeouts: {implicit: 0, pageLoad: 300000, script: 30000}, unhandledPromptBehavior: dismiss and notify, webauthn:extension:credBlob: true, webauthn:extension:largeBlob: true, webauthn:extension:minPinLength: true, webauthn:extension:prf: true, webauthn:virtualAuthenticators: true}
Session ID: a5c462e9698fa774579365313a427280]]>
            </message>
            <full-stacktrace>
              <![CDATA[org.openqa.selenium.NoSuchElementException: no such element: Unable to locate element: {"method":"xpath","selector":"//span[@class='p-button-icon pi pi-pencil']"}
  (Session info: chrome=124.0.6367.93)
For documentation on this error, please visit: https://www.selenium.dev/documentation/webdriver/troubleshooting/errors#no-such-element-exception
Build info: version: '4.18.1', revision: 'b1d3319b48'
System info: os.name: 'Windows 11', os.arch: 'amd64', os.version: '10.0', java.version: '21.0.2'
Driver info: org.openqa.selenium.chrome.ChromeDriver
Command: [a5c462e9698fa774579365313a427280, findElement {using=xpath, value=//span[@class='p-button-icon pi pi-pencil']}]
Capabilities {acceptInsecureCerts: false, browserName: chrome, browserVersion: 124.0.6367.93, chrome: {chromedriverVersion: 124.0.6367.91 (51df0e5e17a8..., userDataDir: C:\Users\sudha\AppData\Loca...}, fedcm:accounts: true, goog:chromeOptions: {debuggerAddress: localhost:50350}, networkConnectionEnabled: false, pageLoadStrategy: normal, platformName: windows, proxy: Proxy(), se:cdp: ws://localhost:50350/devtoo..., se:cdpVersion: 124.0.6367.93, setWindowRect: true, strictFileInteractability: false, timeouts: {implicit: 0, pageLoad: 300000, script: 30000}, unhandledPromptBehavior: dismiss and notify, webauthn:extension:credBlob: true, webauthn:extension:largeBlob: true, webauthn:extension:minPinLength: true, webauthn:extension:prf: true, webauthn:virtualAuthenticators: true}
Session ID: a5c462e9698fa774579365313a427280
at java.base/jdk.internal.reflect.DirectConstructorHandleAccessor.newInstance(DirectConstructorHandleAccessor.java:62)
at java.base/java.lang.reflect.Constructor.newInstanceWithCaller(Constructor.java:502)
at java.base/java.lang.reflect.Constructor.newInstance(Constructor.java:486)
at org.openqa.selenium.remote.ErrorCodec.decode(ErrorCodec.java:167)
at org.openqa.selenium.remote.codec.w3c.W3CHttpResponseCodec.decode(W3CHttpResponseCodec.java:138)
at org.openqa.selenium.remote.codec.w3c.W3CHttpResponseCodec.decode(W3CHttpResponseCodec.java:50)
at org.openqa.selenium.remote.HttpCommandExecutor.execute(HttpCommandExecutor.java:190)
at org.openqa.selenium.remote.service.DriverCommandExecutor.invokeExecute(DriverCommandExecutor.java:216)
at org.openqa.selenium.remote.service.DriverCommandExecutor.execute(DriverCommandExecutor.java:174)
at org.openqa.selenium.remote.RemoteWebDriver.execute(RemoteWebDriver.java:519)
at org.openqa.selenium.remote.ElementLocation$ElementFinder$2.findElement(ElementLocation.java:165)
at org.openqa.selenium.remote.ElementLocation.findElement(ElementLocation.java:59)
at org.openqa.selenium.remote.RemoteWebDriver.findElement(RemoteWebDriver.java:356)
at org.openqa.selenium.remote.RemoteWebDriver.findElement(RemoteWebDriver.java:350)
at org.openqa.selenium.support.pagefactory.DefaultElementLocator.findElement(DefaultElementLocator.java:68)
at org.openqa.selenium.support.pagefactory.internal.LocatingElementHandler.invoke(LocatingElementHandler.java:38)
at jdk.proxy2/jdk.proxy2.$Proxy26.click(Unknown Source)
at com.herokuapp.codebreakers.POM.BatchPageObjects.clickOnEdit(BatchPageObjects.java:441)
at com.herokuapp.codebreakers.stepDefinition.BatchStepDefinition.update_the_fields_with_invalid_values_from_and_row_number_and_click_save(BatchStepDefinition.java:284)
at ✽.Update the fields with invalid values from "Batch" and RowNumber 4 and click save(file:///C:/Users/sudha/git/team10-lmsphase2-codebreakers/team10-lmsphase2-codebreakers/src/test/resources/features/batch.feature:105)
]]>
            </full-stacktrace>
          </exception> <!-- org.openqa.selenium.NoSuchElementException -->
          <reporter-output>
          </reporter-output>
        </test-method> <!-- runScenario -->
        <test-method signature="runScenario(io.cucumber.testng.PickleWrapper,io.cucumber.testng.FeatureWrapper)[pri:0, instance:com.herokuapp.codebreakers.testRunner.TestRunner@7905a0b8]" started-at="2024-05-01T23:03:06 EDT" name="runScenario" description="Runs Cucumber Scenarios" data-provider="scenarios" finished-at="2024-05-01T23:04:09 EDT" duration-ms="62449" status="FAIL">
          <params>
            <param index="0">
              <value>
                <![CDATA["Check if you get error message when mandatory fields are erased"]]>
              </value>
            </param>
            <param index="1">
              <value>
                <![CDATA["Batch Page Validation"]]>
              </value>
            </param>
          </params>
          <exception class="org.openqa.selenium.NoSuchElementException">
            <message>
              <![CDATA[no such element: Unable to locate element: {"method":"xpath","selector":"//span[@class='p-button-icon pi pi-pencil']"}
  (Session info: chrome=124.0.6367.93)
For documentation on this error, please visit: https://www.selenium.dev/documentation/webdriver/troubleshooting/errors#no-such-element-exception
Build info: version: '4.18.1', revision: 'b1d3319b48'
System info: os.name: 'Windows 11', os.arch: 'amd64', os.version: '10.0', java.version: '21.0.2'
Driver info: org.openqa.selenium.chrome.ChromeDriver
Command: [b2e6310029b8611d9a908120fa363c3d, findElement {using=xpath, value=//span[@class='p-button-icon pi pi-pencil']}]
Capabilities {acceptInsecureCerts: false, browserName: chrome, browserVersion: 124.0.6367.93, chrome: {chromedriverVersion: 124.0.6367.91 (51df0e5e17a8..., userDataDir: C:\Users\sudha\AppData\Loca...}, fedcm:accounts: true, goog:chromeOptions: {debuggerAddress: localhost:50391}, networkConnectionEnabled: false, pageLoadStrategy: normal, platformName: windows, proxy: Proxy(), se:cdp: ws://localhost:50391/devtoo..., se:cdpVersion: 124.0.6367.93, setWindowRect: true, strictFileInteractability: false, timeouts: {implicit: 0, pageLoad: 300000, script: 30000}, unhandledPromptBehavior: dismiss and notify, webauthn:extension:credBlob: true, webauthn:extension:largeBlob: true, webauthn:extension:minPinLength: true, webauthn:extension:prf: true, webauthn:virtualAuthenticators: true}
Session ID: b2e6310029b8611d9a908120fa363c3d]]>
            </message>
            <full-stacktrace>
              <![CDATA[org.openqa.selenium.NoSuchElementException: no such element: Unable to locate element: {"method":"xpath","selector":"//span[@class='p-button-icon pi pi-pencil']"}
  (Session info: chrome=124.0.6367.93)
For documentation on this error, please visit: https://www.selenium.dev/documentation/webdriver/troubleshooting/errors#no-such-element-exception
Build info: version: '4.18.1', revision: 'b1d3319b48'
System info: os.name: 'Windows 11', os.arch: 'amd64', os.version: '10.0', java.version: '21.0.2'
Driver info: org.openqa.selenium.chrome.ChromeDriver
Command: [b2e6310029b8611d9a908120fa363c3d, findElement {using=xpath, value=//span[@class='p-button-icon pi pi-pencil']}]
Capabilities {acceptInsecureCerts: false, browserName: chrome, browserVersion: 124.0.6367.93, chrome: {chromedriverVersion: 124.0.6367.91 (51df0e5e17a8..., userDataDir: C:\Users\sudha\AppData\Loca...}, fedcm:accounts: true, goog:chromeOptions: {debuggerAddress: localhost:50391}, networkConnectionEnabled: false, pageLoadStrategy: normal, platformName: windows, proxy: Proxy(), se:cdp: ws://localhost:50391/devtoo..., se:cdpVersion: 124.0.6367.93, setWindowRect: true, strictFileInteractability: false, timeouts: {implicit: 0, pageLoad: 300000, script: 30000}, unhandledPromptBehavior: dismiss and notify, webauthn:extension:credBlob: true, webauthn:extension:largeBlob: true, webauthn:extension:minPinLength: true, webauthn:extension:prf: true, webauthn:virtualAuthenticators: true}
Session ID: b2e6310029b8611d9a908120fa363c3d
at java.base/jdk.internal.reflect.DirectConstructorHandleAccessor.newInstance(DirectConstructorHandleAccessor.java:62)
at java.base/java.lang.reflect.Constructor.newInstanceWithCaller(Constructor.java:502)
at java.base/java.lang.reflect.Constructor.newInstance(Constructor.java:486)
at org.openqa.selenium.remote.ErrorCodec.decode(ErrorCodec.java:167)
at org.openqa.selenium.remote.codec.w3c.W3CHttpResponseCodec.decode(W3CHttpResponseCodec.java:138)
at org.openqa.selenium.remote.codec.w3c.W3CHttpResponseCodec.decode(W3CHttpResponseCodec.java:50)
at org.openqa.selenium.remote.HttpCommandExecutor.execute(HttpCommandExecutor.java:190)
at org.openqa.selenium.remote.service.DriverCommandExecutor.invokeExecute(DriverCommandExecutor.java:216)
at org.openqa.selenium.remote.service.DriverCommandExecutor.execute(DriverCommandExecutor.java:174)
at org.openqa.selenium.remote.RemoteWebDriver.execute(RemoteWebDriver.java:519)
at org.openqa.selenium.remote.ElementLocation$ElementFinder$2.findElement(ElementLocation.java:165)
at org.openqa.selenium.remote.ElementLocation.findElement(ElementLocation.java:59)
at org.openqa.selenium.remote.RemoteWebDriver.findElement(RemoteWebDriver.java:356)
at org.openqa.selenium.remote.RemoteWebDriver.findElement(RemoteWebDriver.java:350)
at org.openqa.selenium.support.pagefactory.DefaultElementLocator.findElement(DefaultElementLocator.java:68)
at org.openqa.selenium.support.pagefactory.internal.LocatingElementHandler.invoke(LocatingElementHandler.java:38)
at jdk.proxy2/jdk.proxy2.$Proxy26.click(Unknown Source)
at com.herokuapp.codebreakers.POM.BatchPageObjects.clickOnEdit(BatchPageObjects.java:441)
at com.herokuapp.codebreakers.stepDefinition.BatchStepDefinition.admin_enters_the_batch_name_from_and_row_number_row_number_to_erase_data_from_mandatory_field(BatchStepDefinition.java:306)
at ✽.admin enters the batch name from "Batch" and RowNumber 4 to Erase data from mandatory field(file:///C:/Users/sudha/git/team10-lmsphase2-codebreakers/team10-lmsphase2-codebreakers/src/test/resources/features/batch.feature:113)
]]>
            </full-stacktrace>
          </exception> <!-- org.openqa.selenium.NoSuchElementException -->
          <reporter-output>
          </reporter-output>
        </test-method> <!-- runScenario -->
        <test-method signature="runScenario(io.cucumber.testng.PickleWrapper,io.cucumber.testng.FeatureWrapper)[pri:0, instance:com.herokuapp.codebreakers.testRunner.TestRunner@7905a0b8]" started-at="2024-05-01T23:03:10 EDT" name="runScenario" description="Runs Cucumber Scenarios" data-provider="scenarios" finished-at="2024-05-01T23:04:12 EDT" duration-ms="61996" status="FAIL">
          <params>
            <param index="0">
              <value>
                <![CDATA["Check if description field is optional in update"]]>
              </value>
            </param>
            <param index="1">
              <value>
                <![CDATA["Batch Page Validation"]]>
              </value>
            </param>
          </params>
          <exception class="org.openqa.selenium.NoSuchElementException">
            <message>
              <![CDATA[no such element: Unable to locate element: {"method":"xpath","selector":"//span[@class='p-button-icon pi pi-pencil']"}
  (Session info: chrome=124.0.6367.93)
For documentation on this error, please visit: https://www.selenium.dev/documentation/webdriver/troubleshooting/errors#no-such-element-exception
Build info: version: '4.18.1', revision: 'b1d3319b48'
System info: os.name: 'Windows 11', os.arch: 'amd64', os.version: '10.0', java.version: '21.0.2'
Driver info: org.openqa.selenium.chrome.ChromeDriver
Command: [6450e1b33fab9881647d0e1ba2ba7bf9, findElement {using=xpath, value=//span[@class='p-button-icon pi pi-pencil']}]
Capabilities {acceptInsecureCerts: false, browserName: chrome, browserVersion: 124.0.6367.93, chrome: {chromedriverVersion: 124.0.6367.91 (51df0e5e17a8..., userDataDir: C:\Users\sudha\AppData\Loca...}, fedcm:accounts: true, goog:chromeOptions: {debuggerAddress: localhost:50425}, networkConnectionEnabled: false, pageLoadStrategy: normal, platformName: windows, proxy: Proxy(), se:cdp: ws://localhost:50425/devtoo..., se:cdpVersion: 124.0.6367.93, setWindowRect: true, strictFileInteractability: false, timeouts: {implicit: 0, pageLoad: 300000, script: 30000}, unhandledPromptBehavior: dismiss and notify, webauthn:extension:credBlob: true, webauthn:extension:largeBlob: true, webauthn:extension:minPinLength: true, webauthn:extension:prf: true, webauthn:virtualAuthenticators: true}
Session ID: 6450e1b33fab9881647d0e1ba2ba7bf9]]>
            </message>
            <full-stacktrace>
              <![CDATA[org.openqa.selenium.NoSuchElementException: no such element: Unable to locate element: {"method":"xpath","selector":"//span[@class='p-button-icon pi pi-pencil']"}
  (Session info: chrome=124.0.6367.93)
For documentation on this error, please visit: https://www.selenium.dev/documentation/webdriver/troubleshooting/errors#no-such-element-exception
Build info: version: '4.18.1', revision: 'b1d3319b48'
System info: os.name: 'Windows 11', os.arch: 'amd64', os.version: '10.0', java.version: '21.0.2'
Driver info: org.openqa.selenium.chrome.ChromeDriver
Command: [6450e1b33fab9881647d0e1ba2ba7bf9, findElement {using=xpath, value=//span[@class='p-button-icon pi pi-pencil']}]
Capabilities {acceptInsecureCerts: false, browserName: chrome, browserVersion: 124.0.6367.93, chrome: {chromedriverVersion: 124.0.6367.91 (51df0e5e17a8..., userDataDir: C:\Users\sudha\AppData\Loca...}, fedcm:accounts: true, goog:chromeOptions: {debuggerAddress: localhost:50425}, networkConnectionEnabled: false, pageLoadStrategy: normal, platformName: windows, proxy: Proxy(), se:cdp: ws://localhost:50425/devtoo..., se:cdpVersion: 124.0.6367.93, setWindowRect: true, strictFileInteractability: false, timeouts: {implicit: 0, pageLoad: 300000, script: 30000}, unhandledPromptBehavior: dismiss and notify, webauthn:extension:credBlob: true, webauthn:extension:largeBlob: true, webauthn:extension:minPinLength: true, webauthn:extension:prf: true, webauthn:virtualAuthenticators: true}
Session ID: 6450e1b33fab9881647d0e1ba2ba7bf9
at java.base/jdk.internal.reflect.DirectConstructorHandleAccessor.newInstance(DirectConstructorHandleAccessor.java:62)
at java.base/java.lang.reflect.Constructor.newInstanceWithCaller(Constructor.java:502)
at java.base/java.lang.reflect.Constructor.newInstance(Constructor.java:486)
at org.openqa.selenium.remote.ErrorCodec.decode(ErrorCodec.java:167)
at org.openqa.selenium.remote.codec.w3c.W3CHttpResponseCodec.decode(W3CHttpResponseCodec.java:138)
at org.openqa.selenium.remote.codec.w3c.W3CHttpResponseCodec.decode(W3CHttpResponseCodec.java:50)
at org.openqa.selenium.remote.HttpCommandExecutor.execute(HttpCommandExecutor.java:190)
at org.openqa.selenium.remote.service.DriverCommandExecutor.invokeExecute(DriverCommandExecutor.java:216)
at org.openqa.selenium.remote.service.DriverCommandExecutor.execute(DriverCommandExecutor.java:174)
at org.openqa.selenium.remote.RemoteWebDriver.execute(RemoteWebDriver.java:519)
at org.openqa.selenium.remote.ElementLocation$ElementFinder$2.findElement(ElementLocation.java:165)
at org.openqa.selenium.remote.ElementLocation.findElement(ElementLocation.java:59)
at org.openqa.selenium.remote.RemoteWebDriver.findElement(RemoteWebDriver.java:356)
at org.openqa.selenium.remote.RemoteWebDriver.findElement(RemoteWebDriver.java:350)
at org.openqa.selenium.support.pagefactory.DefaultElementLocator.findElement(DefaultElementLocator.java:68)
at org.openqa.selenium.support.pagefactory.internal.LocatingElementHandler.invoke(LocatingElementHandler.java:38)
at jdk.proxy2/jdk.proxy2.$Proxy26.click(Unknown Source)
at com.herokuapp.codebreakers.POM.BatchPageObjects.clickOnEdit(BatchPageObjects.java:441)
at com.herokuapp.codebreakers.stepDefinition.BatchStepDefinition.erase_data_from_description_field_passed_through_and_row_number(BatchStepDefinition.java:324)
at ✽.Erase data from description field passed through "Batch" and RowNumber 4(file:///C:/Users/sudha/git/team10-lmsphase2-codebreakers/team10-lmsphase2-codebreakers/src/test/resources/features/batch.feature:121)
]]>
            </full-stacktrace>
          </exception> <!-- org.openqa.selenium.NoSuchElementException -->
          <reporter-output>
          </reporter-output>
        </test-method> <!-- runScenario -->
        <test-method signature="runScenario(io.cucumber.testng.PickleWrapper,io.cucumber.testng.FeatureWrapper)[pri:0, instance:com.herokuapp.codebreakers.testRunner.TestRunner@7905a0b8]" started-at="2024-05-01T23:03:42 EDT" name="runScenario" description="Runs Cucumber Scenarios" data-provider="scenarios" finished-at="2024-05-01T23:04:39 EDT" duration-ms="57259" status="FAIL">
          <params>
            <param index="0">
              <value>
                <![CDATA["Validate row level delete icon"]]>
              </value>
            </param>
            <param index="1">
              <value>
                <![CDATA["Batch Page Validation"]]>
              </value>
            </param>
          </params>
          <exception class="org.openqa.selenium.StaleElementReferenceException">
            <message>
              <![CDATA[stale element reference: stale element not found in the current frame
  (Session info: chrome=124.0.6367.93)
For documentation on this error, please visit: https://www.selenium.dev/documentation/webdriver/troubleshooting/errors#stale-element-reference-exception
Build info: version: '4.18.1', revision: 'b1d3319b48'
System info: os.name: 'Windows 11', os.arch: 'amd64', os.version: '10.0', java.version: '21.0.2'
Driver info: org.openqa.selenium.chrome.ChromeDriver
Command: [7f98cf0107fc5d8c1470f36ffcdaeb4a, clickElement {id=f.A44711AB2A3E42E9A7EBE6894CCED1B6.d.C99369F209671FDADB4462F2EA289ACD.e.26}]
Capabilities {acceptInsecureCerts: false, browserName: chrome, browserVersion: 124.0.6367.93, chrome: {chromedriverVersion: 124.0.6367.91 (51df0e5e17a8..., userDataDir: C:\Users\sudha\AppData\Loca...}, fedcm:accounts: true, goog:chromeOptions: {debuggerAddress: localhost:50475}, networkConnectionEnabled: false, pageLoadStrategy: normal, platformName: windows, proxy: Proxy(), se:cdp: ws://localhost:50475/devtoo..., se:cdpVersion: 124.0.6367.93, setWindowRect: true, strictFileInteractability: false, timeouts: {implicit: 0, pageLoad: 300000, script: 30000}, unhandledPromptBehavior: dismiss and notify, webauthn:extension:credBlob: true, webauthn:extension:largeBlob: true, webauthn:extension:minPinLength: true, webauthn:extension:prf: true, webauthn:virtualAuthenticators: true}
Element: [[ChromeDriver: chrome on windows (7f98cf0107fc5d8c1470f36ffcdaeb4a)] -> xpath: //tr//span[@class='p-button-icon pi pi-trash']]
Session ID: 7f98cf0107fc5d8c1470f36ffcdaeb4a]]>
            </message>
            <full-stacktrace>
              <![CDATA[org.openqa.selenium.StaleElementReferenceException: stale element reference: stale element not found in the current frame
  (Session info: chrome=124.0.6367.93)
For documentation on this error, please visit: https://www.selenium.dev/documentation/webdriver/troubleshooting/errors#stale-element-reference-exception
Build info: version: '4.18.1', revision: 'b1d3319b48'
System info: os.name: 'Windows 11', os.arch: 'amd64', os.version: '10.0', java.version: '21.0.2'
Driver info: org.openqa.selenium.chrome.ChromeDriver
Command: [7f98cf0107fc5d8c1470f36ffcdaeb4a, clickElement {id=f.A44711AB2A3E42E9A7EBE6894CCED1B6.d.C99369F209671FDADB4462F2EA289ACD.e.26}]
Capabilities {acceptInsecureCerts: false, browserName: chrome, browserVersion: 124.0.6367.93, chrome: {chromedriverVersion: 124.0.6367.91 (51df0e5e17a8..., userDataDir: C:\Users\sudha\AppData\Loca...}, fedcm:accounts: true, goog:chromeOptions: {debuggerAddress: localhost:50475}, networkConnectionEnabled: false, pageLoadStrategy: normal, platformName: windows, proxy: Proxy(), se:cdp: ws://localhost:50475/devtoo..., se:cdpVersion: 124.0.6367.93, setWindowRect: true, strictFileInteractability: false, timeouts: {implicit: 0, pageLoad: 300000, script: 30000}, unhandledPromptBehavior: dismiss and notify, webauthn:extension:credBlob: true, webauthn:extension:largeBlob: true, webauthn:extension:minPinLength: true, webauthn:extension:prf: true, webauthn:virtualAuthenticators: true}
Element: [[ChromeDriver: chrome on windows (7f98cf0107fc5d8c1470f36ffcdaeb4a)] -> xpath: //tr//span[@class='p-button-icon pi pi-trash']]
Session ID: 7f98cf0107fc5d8c1470f36ffcdaeb4a
at java.base/jdk.internal.reflect.DirectConstructorHandleAccessor.newInstance(DirectConstructorHandleAccessor.java:62)
at java.base/java.lang.reflect.Constructor.newInstanceWithCaller(Constructor.java:502)
at java.base/java.lang.reflect.Constructor.newInstance(Constructor.java:486)
at org.openqa.selenium.remote.ErrorCodec.decode(ErrorCodec.java:167)
at org.openqa.selenium.remote.codec.w3c.W3CHttpResponseCodec.decode(W3CHttpResponseCodec.java:138)
at org.openqa.selenium.remote.codec.w3c.W3CHttpResponseCodec.decode(W3CHttpResponseCodec.java:50)
at org.openqa.selenium.remote.HttpCommandExecutor.execute(HttpCommandExecutor.java:190)
at org.openqa.selenium.remote.service.DriverCommandExecutor.invokeExecute(DriverCommandExecutor.java:216)
at org.openqa.selenium.remote.service.DriverCommandExecutor.execute(DriverCommandExecutor.java:174)
at org.openqa.selenium.remote.RemoteWebDriver.execute(RemoteWebDriver.java:519)
at org.openqa.selenium.remote.RemoteWebElement.execute(RemoteWebElement.java:223)
at org.openqa.selenium.remote.RemoteWebElement.click(RemoteWebElement.java:76)
at java.base/jdk.internal.reflect.DirectMethodHandleAccessor.invoke(DirectMethodHandleAccessor.java:103)
at java.base/java.lang.reflect.Method.invoke(Method.java:580)
at org.openqa.selenium.support.pagefactory.internal.LocatingElementHandler.invoke(LocatingElementHandler.java:51)
at jdk.proxy2/jdk.proxy2.$Proxy26.click(Unknown Source)
at com.herokuapp.codebreakers.POM.BatchPageObjects.clickOnDelete(BatchPageObjects.java:524)
at com.herokuapp.codebreakers.stepDefinition.BatchStepDefinition.admin_enters_data_from_and_row_number_and_clicks_the_delete_icon(BatchStepDefinition.java:357)
at ✽.Admin enters data  from "Batch" and RowNumber 4 and clicks the delete icon(file:///C:/Users/sudha/git/team10-lmsphase2-codebreakers/team10-lmsphase2-codebreakers/src/test/resources/features/batch.feature:129)
]]>
            </full-stacktrace>
          </exception> <!-- org.openqa.selenium.StaleElementReferenceException -->
          <reporter-output>
          </reporter-output>
        </test-method> <!-- runScenario -->
        <test-method signature="runScenario(io.cucumber.testng.PickleWrapper,io.cucumber.testng.FeatureWrapper)[pri:0, instance:com.herokuapp.codebreakers.testRunner.TestRunner@7905a0b8]" started-at="2024-05-01T23:03:52 EDT" name="runScenario" description="Runs Cucumber Scenarios" data-provider="scenarios" finished-at="2024-05-01T23:05:08 EDT" duration-ms="76433" status="FAIL">
          <params>
            <param index="0">
              <value>
                <![CDATA["Validate accept alert"]]>
              </value>
            </param>
            <param index="1">
              <value>
                <![CDATA["Batch Page Validation"]]>
              </value>
            </param>
          </params>
          <exception class="org.openqa.selenium.NoSuchElementException">
            <message>
              <![CDATA[no such element: Unable to locate element: {"method":"xpath","selector":"//tr//span[@class='p-button-icon pi pi-trash']"}
  (Session info: chrome=124.0.6367.93)
For documentation on this error, please visit: https://www.selenium.dev/documentation/webdriver/troubleshooting/errors#no-such-element-exception
Build info: version: '4.18.1', revision: 'b1d3319b48'
System info: os.name: 'Windows 11', os.arch: 'amd64', os.version: '10.0', java.version: '21.0.2'
Driver info: org.openqa.selenium.chrome.ChromeDriver
Command: [3d426b29c2050c8de1d3ad1730edaf92, findElement {using=xpath, value=//tr//span[@class='p-button-icon pi pi-trash']}]
Capabilities {acceptInsecureCerts: false, browserName: chrome, browserVersion: 124.0.6367.93, chrome: {chromedriverVersion: 124.0.6367.91 (51df0e5e17a8..., userDataDir: C:\Users\sudha\AppData\Loca...}, fedcm:accounts: true, goog:chromeOptions: {debuggerAddress: localhost:50506}, networkConnectionEnabled: false, pageLoadStrategy: normal, platformName: windows, proxy: Proxy(), se:cdp: ws://localhost:50506/devtoo..., se:cdpVersion: 124.0.6367.93, setWindowRect: true, strictFileInteractability: false, timeouts: {implicit: 0, pageLoad: 300000, script: 30000}, unhandledPromptBehavior: dismiss and notify, webauthn:extension:credBlob: true, webauthn:extension:largeBlob: true, webauthn:extension:minPinLength: true, webauthn:extension:prf: true, webauthn:virtualAuthenticators: true}
Session ID: 3d426b29c2050c8de1d3ad1730edaf92]]>
            </message>
            <full-stacktrace>
              <![CDATA[org.openqa.selenium.NoSuchElementException: no such element: Unable to locate element: {"method":"xpath","selector":"//tr//span[@class='p-button-icon pi pi-trash']"}
  (Session info: chrome=124.0.6367.93)
For documentation on this error, please visit: https://www.selenium.dev/documentation/webdriver/troubleshooting/errors#no-such-element-exception
Build info: version: '4.18.1', revision: 'b1d3319b48'
System info: os.name: 'Windows 11', os.arch: 'amd64', os.version: '10.0', java.version: '21.0.2'
Driver info: org.openqa.selenium.chrome.ChromeDriver
Command: [3d426b29c2050c8de1d3ad1730edaf92, findElement {using=xpath, value=//tr//span[@class='p-button-icon pi pi-trash']}]
Capabilities {acceptInsecureCerts: false, browserName: chrome, browserVersion: 124.0.6367.93, chrome: {chromedriverVersion: 124.0.6367.91 (51df0e5e17a8..., userDataDir: C:\Users\sudha\AppData\Loca...}, fedcm:accounts: true, goog:chromeOptions: {debuggerAddress: localhost:50506}, networkConnectionEnabled: false, pageLoadStrategy: normal, platformName: windows, proxy: Proxy(), se:cdp: ws://localhost:50506/devtoo..., se:cdpVersion: 124.0.6367.93, setWindowRect: true, strictFileInteractability: false, timeouts: {implicit: 0, pageLoad: 300000, script: 30000}, unhandledPromptBehavior: dismiss and notify, webauthn:extension:credBlob: true, webauthn:extension:largeBlob: true, webauthn:extension:minPinLength: true, webauthn:extension:prf: true, webauthn:virtualAuthenticators: true}
Session ID: 3d426b29c2050c8de1d3ad1730edaf92
at java.base/jdk.internal.reflect.DirectConstructorHandleAccessor.newInstance(DirectConstructorHandleAccessor.java:62)
at java.base/java.lang.reflect.Constructor.newInstanceWithCaller(Constructor.java:502)
at java.base/java.lang.reflect.Constructor.newInstance(Constructor.java:486)
at org.openqa.selenium.remote.ErrorCodec.decode(ErrorCodec.java:167)
at org.openqa.selenium.remote.codec.w3c.W3CHttpResponseCodec.decode(W3CHttpResponseCodec.java:138)
at org.openqa.selenium.remote.codec.w3c.W3CHttpResponseCodec.decode(W3CHttpResponseCodec.java:50)
at org.openqa.selenium.remote.HttpCommandExecutor.execute(HttpCommandExecutor.java:190)
at org.openqa.selenium.remote.service.DriverCommandExecutor.invokeExecute(DriverCommandExecutor.java:216)
at org.openqa.selenium.remote.service.DriverCommandExecutor.execute(DriverCommandExecutor.java:174)
at org.openqa.selenium.remote.RemoteWebDriver.execute(RemoteWebDriver.java:519)
at org.openqa.selenium.remote.ElementLocation$ElementFinder$2.findElement(ElementLocation.java:165)
at org.openqa.selenium.remote.ElementLocation.findElement(ElementLocation.java:59)
at org.openqa.selenium.remote.RemoteWebDriver.findElement(RemoteWebDriver.java:356)
at org.openqa.selenium.remote.RemoteWebDriver.findElement(RemoteWebDriver.java:350)
at org.openqa.selenium.support.pagefactory.DefaultElementLocator.findElement(DefaultElementLocator.java:68)
at org.openqa.selenium.support.pagefactory.internal.LocatingElementHandler.invoke(LocatingElementHandler.java:38)
at jdk.proxy2/jdk.proxy2.$Proxy26.click(Unknown Source)
at com.herokuapp.codebreakers.POM.BatchPageObjects.clickOnDelete(BatchPageObjects.java:524)
at com.herokuapp.codebreakers.stepDefinition.BatchStepDefinition.admin_enters_the_data_from_and_row_number_and_clicks_the_delete_icon(BatchStepDefinition.java:375)
at ✽.Admin enters the data from "Batch" and RowNumber 4 and clicks the delete icon(file:///C:/Users/sudha/git/team10-lmsphase2-codebreakers/team10-lmsphase2-codebreakers/src/test/resources/features/batch.feature:136)
]]>
            </full-stacktrace>
          </exception> <!-- org.openqa.selenium.NoSuchElementException -->
          <reporter-output>
          </reporter-output>
        </test-method> <!-- runScenario -->
        <test-method signature="runScenario(io.cucumber.testng.PickleWrapper,io.cucumber.testng.FeatureWrapper)[pri:0, instance:com.herokuapp.codebreakers.testRunner.TestRunner@7905a0b8]" started-at="2024-05-01T23:04:05 EDT" name="runScenario" description="Runs Cucumber Scenarios" data-provider="scenarios" finished-at="2024-05-01T23:05:33 EDT" duration-ms="87508" status="FAIL">
          <params>
            <param index="0">
              <value>
                <![CDATA["Validate reject alert"]]>
              </value>
            </param>
            <param index="1">
              <value>
                <![CDATA["Batch Page Validation"]]>
              </value>
            </param>
          </params>
          <exception class="org.openqa.selenium.NoSuchElementException">
            <message>
              <![CDATA[no such element: Unable to locate element: {"method":"xpath","selector":"//tr//span[@class='p-button-icon pi pi-trash']"}
  (Session info: chrome=124.0.6367.93)
For documentation on this error, please visit: https://www.selenium.dev/documentation/webdriver/troubleshooting/errors#no-such-element-exception
Build info: version: '4.18.1', revision: 'b1d3319b48'
System info: os.name: 'Windows 11', os.arch: 'amd64', os.version: '10.0', java.version: '21.0.2'
Driver info: org.openqa.selenium.chrome.ChromeDriver
Command: [ba792c69d905bb4e920587ec3ea228b6, findElement {using=xpath, value=//tr//span[@class='p-button-icon pi pi-trash']}]
Capabilities {acceptInsecureCerts: false, browserName: chrome, browserVersion: 124.0.6367.93, chrome: {chromedriverVersion: 124.0.6367.91 (51df0e5e17a8..., userDataDir: C:\Users\sudha\AppData\Loca...}, fedcm:accounts: true, goog:chromeOptions: {debuggerAddress: localhost:50562}, networkConnectionEnabled: false, pageLoadStrategy: normal, platformName: windows, proxy: Proxy(), se:cdp: ws://localhost:50562/devtoo..., se:cdpVersion: 124.0.6367.93, setWindowRect: true, strictFileInteractability: false, timeouts: {implicit: 0, pageLoad: 300000, script: 30000}, unhandledPromptBehavior: dismiss and notify, webauthn:extension:credBlob: true, webauthn:extension:largeBlob: true, webauthn:extension:minPinLength: true, webauthn:extension:prf: true, webauthn:virtualAuthenticators: true}
Session ID: ba792c69d905bb4e920587ec3ea228b6]]>
            </message>
            <full-stacktrace>
              <![CDATA[org.openqa.selenium.NoSuchElementException: no such element: Unable to locate element: {"method":"xpath","selector":"//tr//span[@class='p-button-icon pi pi-trash']"}
  (Session info: chrome=124.0.6367.93)
For documentation on this error, please visit: https://www.selenium.dev/documentation/webdriver/troubleshooting/errors#no-such-element-exception
Build info: version: '4.18.1', revision: 'b1d3319b48'
System info: os.name: 'Windows 11', os.arch: 'amd64', os.version: '10.0', java.version: '21.0.2'
Driver info: org.openqa.selenium.chrome.ChromeDriver
Command: [ba792c69d905bb4e920587ec3ea228b6, findElement {using=xpath, value=//tr//span[@class='p-button-icon pi pi-trash']}]
Capabilities {acceptInsecureCerts: false, browserName: chrome, browserVersion: 124.0.6367.93, chrome: {chromedriverVersion: 124.0.6367.91 (51df0e5e17a8..., userDataDir: C:\Users\sudha\AppData\Loca...}, fedcm:accounts: true, goog:chromeOptions: {debuggerAddress: localhost:50562}, networkConnectionEnabled: false, pageLoadStrategy: normal, platformName: windows, proxy: Proxy(), se:cdp: ws://localhost:50562/devtoo..., se:cdpVersion: 124.0.6367.93, setWindowRect: true, strictFileInteractability: false, timeouts: {implicit: 0, pageLoad: 300000, script: 30000}, unhandledPromptBehavior: dismiss and notify, webauthn:extension:credBlob: true, webauthn:extension:largeBlob: true, webauthn:extension:minPinLength: true, webauthn:extension:prf: true, webauthn:virtualAuthenticators: true}
Session ID: ba792c69d905bb4e920587ec3ea228b6
at java.base/jdk.internal.reflect.DirectConstructorHandleAccessor.newInstance(DirectConstructorHandleAccessor.java:62)
at java.base/java.lang.reflect.Constructor.newInstanceWithCaller(Constructor.java:502)
at java.base/java.lang.reflect.Constructor.newInstance(Constructor.java:486)
at org.openqa.selenium.remote.ErrorCodec.decode(ErrorCodec.java:167)
at org.openqa.selenium.remote.codec.w3c.W3CHttpResponseCodec.decode(W3CHttpResponseCodec.java:138)
at org.openqa.selenium.remote.codec.w3c.W3CHttpResponseCodec.decode(W3CHttpResponseCodec.java:50)
at org.openqa.selenium.remote.HttpCommandExecutor.execute(HttpCommandExecutor.java:190)
at org.openqa.selenium.remote.service.DriverCommandExecutor.invokeExecute(DriverCommandExecutor.java:216)
at org.openqa.selenium.remote.service.DriverCommandExecutor.execute(DriverCommandExecutor.java:174)
at org.openqa.selenium.remote.RemoteWebDriver.execute(RemoteWebDriver.java:519)
at org.openqa.selenium.remote.ElementLocation$ElementFinder$2.findElement(ElementLocation.java:165)
at org.openqa.selenium.remote.ElementLocation.findElement(ElementLocation.java:59)
at org.openqa.selenium.remote.RemoteWebDriver.findElement(RemoteWebDriver.java:356)
at org.openqa.selenium.remote.RemoteWebDriver.findElement(RemoteWebDriver.java:350)
at org.openqa.selenium.support.pagefactory.DefaultElementLocator.findElement(DefaultElementLocator.java:68)
at org.openqa.selenium.support.pagefactory.internal.LocatingElementHandler.invoke(LocatingElementHandler.java:38)
at jdk.proxy2/jdk.proxy2.$Proxy26.click(Unknown Source)
at com.herokuapp.codebreakers.POM.BatchPageObjects.clickOnDelete(BatchPageObjects.java:524)
at com.herokuapp.codebreakers.stepDefinition.BatchStepDefinition.admin_enters_the_data_from_and_row_number_and_clicks_the_delete_icon(BatchStepDefinition.java:375)
at ✽.Admin enters the data from "Batch" and RowNumber 4 and clicks the delete icon(file:///C:/Users/sudha/git/team10-lmsphase2-codebreakers/team10-lmsphase2-codebreakers/src/test/resources/features/batch.feature:145)
]]>
            </full-stacktrace>
          </exception> <!-- org.openqa.selenium.NoSuchElementException -->
          <reporter-output>
          </reporter-output>
        </test-method> <!-- runScenario -->
        <test-method signature="runScenario(io.cucumber.testng.PickleWrapper,io.cucumber.testng.FeatureWrapper)[pri:0, instance:com.herokuapp.codebreakers.testRunner.TestRunner@7905a0b8]" started-at="2024-05-01T23:04:08 EDT" name="runScenario" description="Runs Cucumber Scenarios" data-provider="scenarios" finished-at="2024-05-01T23:05:20 EDT" duration-ms="71270" status="PASS">
          <params>
            <param index="0">
              <value>
                <![CDATA["Verify after login  admin lands on manage program as dashboard page"]]>
              </value>
            </param>
            <param index="1">
              <value>
                <![CDATA["Validating  dashboardpage"]]>
              </value>
            </param>
          </params>
          <reporter-output>
          </reporter-output>
        </test-method> <!-- runScenario -->
        <test-method signature="runScenario(io.cucumber.testng.PickleWrapper,io.cucumber.testng.FeatureWrapper)[pri:0, instance:com.herokuapp.codebreakers.testRunner.TestRunner@7905a0b8]" started-at="2024-05-01T23:04:09 EDT" name="runScenario" description="Runs Cucumber Scenarios" data-provider="scenarios" finished-at="2024-05-01T23:05:24 EDT" duration-ms="75595" status="FAIL">
          <params>
            <param index="0">
              <value>
[...]
          <params>
            <param index="0">
              <value>
                <![CDATA["Validate No on Confirm Deletion Window for muliple user deletion"]]>
              </value>
            </param>
            <param index="1">
              <value>
                <![CDATA["Navigation to 'Manage User' and validating its deleting functionality"]]>
              </value>
            </param>
          </params>
          <reporter-output>
          </reporter-output>
        </test-method> <!-- runScenario -->
        <test-method signature="runScenario(io.cucumber.testng.PickleWrapper,io.cucumber.testng.FeatureWrapper)[pri:0, instance:com.herokuapp.codebreakers.testRunner.TestRunner@7905a0b8]" started-at="2024-05-01T23:15:54 EDT" name="runScenario" description="Runs Cucumber Scenarios" data-provider="scenarios" finished-at="2024-05-01T23:17:38 EDT" duration-ms="104017" status="FAIL">
          <params>
            <param index="0">
              <value>
                <![CDATA["Validate Yes on Confirm Deletion Window for muliple user deletion"]]>
              </value>
            </param>
            <param index="1">
              <value>
                <![CDATA["Navigation to 'Manage User' and validating its deleting functionality"]]>
              </value>
            </param>
          </params>
          <exception class="java.lang.AssertionError">
            <message>
              <![CDATA[The following asserts failed:
Actual message is not matching with expected expected [Successful
Users Deleted] but found []]]>
            </message>
            <full-stacktrace>
              <![CDATA[java.lang.AssertionError: The following asserts failed:
Actual message is not matching with expected expected [Successful
Users Deleted] but found []
at org.testng.asserts.SoftAssert.assertAll(SoftAssert.java:46)
at org.testng.asserts.SoftAssert.assertAll(SoftAssert.java:30)
at com.herokuapp.codebreakers.POM.UsersObjects.multipleUserDelete(UsersObjects.java:286)
at com.herokuapp.codebreakers.stepDefinition.UserStepDefinition.admin_clicks_the_delete_icon_under_header_after_selecting_the_multiple_user_and_clicks_option(UserStepDefinition.java:122)
at ✽.Admin clicks the delete icon under header after selecting the multiple user and clicks "yes" option(file:///C:/Users/sudha/git/team10-lmsphase2-codebreakers/team10-lmsphase2-codebreakers/src/test/resources/features/userDelete.feature:40)
]]>
            </full-stacktrace>
          </exception> <!-- java.lang.AssertionError -->
          <reporter-output>
          </reporter-output>
        </test-method> <!-- runScenario -->
        <test-method signature="runScenario(io.cucumber.testng.PickleWrapper,io.cucumber.testng.FeatureWrapper)[pri:0, instance:com.herokuapp.codebreakers.testRunner.TestRunner@7905a0b8]" started-at="2024-05-01T23:16:00 EDT" name="runScenario" description="Runs Cucumber Scenarios" data-provider="scenarios" finished-at="2024-05-01T23:18:06 EDT" duration-ms="125990" status="FAIL">
          <params>
            <param index="0">
              <value>
                <![CDATA["Validate Close icon on Confirm Deletion Window for muliple user deletion"]]>
              </value>
            </param>
            <param index="1">
              <value>
                <![CDATA["Navigation to 'Manage User' and validating its deleting functionality"]]>
              </value>
            </param>
          </params>
          <exception class="io.cucumber.testng.UndefinedStepException">
            <message>
              <![CDATA[The step 'Admin gets a message <Successful User Deleted> alert and do not see that user in the data table' is undefined.
You can implement this step using the snippet(s) below:

@Then("Admin gets a message <Successful User Deleted> alert and do not see that user in the data table")
public void admin_gets_a_message_successful_user_deleted_alert_and_do_not_see_that_user_in_the_data_table() {
    // Write code here that turns the phrase above into concrete actions
    throw new io.cucumber.java.PendingException();
}
]]>
            </message>
            <full-stacktrace>
              <![CDATA[io.cucumber.testng.UndefinedStepException: The step 'Admin gets a message <Successful User Deleted> alert and do not see that user in the data table' is undefined.
You can implement this step using the snippet(s) below:

@Then("Admin gets a message <Successful User Deleted> alert and do not see that user in the data table")
public void admin_gets_a_message_successful_user_deleted_alert_and_do_not_see_that_user_in_the_data_table() {
    // Write code here that turns the phrase above into concrete actions
    throw new io.cucumber.java.PendingException();
}

at io.cucumber.core.runtime.TestCaseResultObserver.assertTestCasePassed(TestCaseResultObserver.java:69)
at io.cucumber.testng.TestCaseResultObserver.assertTestCasePassed(TestCaseResultObserver.java:23)
at io.cucumber.testng.TestNGCucumberRunner.lambda$runScenario$1(TestNGCucumberRunner.java:133)
at io.cucumber.core.runtime.CucumberExecutionContext.lambda$runTestCase$5(CucumberExecutionContext.java:137)
at io.cucumber.core.runtime.RethrowingThrowableCollector.executeAndThrow(RethrowingThrowableCollector.java:23)
at io.cucumber.core.runtime.CucumberExecutionContext.runTestCase(CucumberExecutionContext.java:137)
at io.cucumber.testng.TestNGCucumberRunner.runScenario(TestNGCucumberRunner.java:129)
at io.cucumber.testng.AbstractTestNGCucumberTests.runScenario(AbstractTestNGCucumberTests.java:35)
at java.base/jdk.internal.reflect.DirectMethodHandleAccessor.invoke(DirectMethodHandleAccessor.java:103)
at java.base/java.lang.reflect.Method.invoke(Method.java:580)
at org.testng.internal.invokers.MethodInvocationHelper.invokeMethod(MethodInvocationHelper.java:139)
at org.testng.internal.invokers.TestInvoker.invokeMethod(TestInvoker.java:664)
at org.testng.internal.invokers.TestInvoker.invokeTestMethod(TestInvoker.java:228)
at org.testng.internal.invokers.TestMethodWithDataProviderMethodWorker.call(TestMethodWithDataProviderMethodWorker.java:80)
at java.base/java.util.concurrent.CompletableFuture$AsyncSupply.run(CompletableFuture.java:1768)
at java.base/java.util.concurrent.ThreadPoolExecutor.runWorker(ThreadPoolExecutor.java:1144)
at java.base/java.util.concurrent.ThreadPoolExecutor$Worker.run(ThreadPoolExecutor.java:642)
at java.base/java.lang.Thread.run(Thread.java:1583)
]]>
            </full-stacktrace>
          </exception> <!-- io.cucumber.testng.UndefinedStepException -->
          <reporter-output>
          </reporter-output>
        </test-method> <!-- runScenario -->
        <test-method signature="runScenario(io.cucumber.testng.PickleWrapper,io.cucumber.testng.FeatureWrapper)[pri:0, instance:com.herokuapp.codebreakers.testRunner.TestRunner@7905a0b8]" started-at="2024-05-01T23:16:05 EDT" name="runScenario" description="Runs Cucumber Scenarios" data-provider="scenarios" finished-at="2024-05-01T23:17:20 EDT" duration-ms="74573" status="PASS">
          <params>
            <param index="0">
              <value>
                <![CDATA["Sorting Users by "ID" in Descending order"]]>
              </value>
            </param>
            <param index="1">
              <value>
                <![CDATA["Navigation to 'Manage User' and validating its sorting functionality"]]>
              </value>
            </param>
          </params>
          <reporter-output>
          </reporter-output>
        </test-method> <!-- runScenario -->
        <test-method signature="runScenario(io.cucumber.testng.PickleWrapper,io.cucumber.testng.FeatureWrapper)[pri:0, instance:com.herokuapp.codebreakers.testRunner.TestRunner@7905a0b8]" started-at="2024-05-01T23:16:26 EDT" name="runScenario" description="Runs Cucumber Scenarios" data-provider="scenarios" finished-at="2024-05-01T23:17:41 EDT" duration-ms="75315" status="FAIL">
          <params>
            <param index="0">
              <value>
                <![CDATA["Sorting Users by "Name" in Descending order"]]>
              </value>
            </param>
            <param index="1">
              <value>
                <![CDATA["Navigation to 'Manage User' and validating its sorting functionality"]]>
              </value>
            </param>
          </params>
          <exception class="java.lang.AssertionError">
            <message>
              <![CDATA[Descending Sorted List is not matching expected [true] but found [false]]]>
            </message>
            <full-stacktrace>
              <![CDATA[java.lang.AssertionError: Descending Sorted List is not matching expected [true] but found [false]
at org.testng.Assert.fail(Assert.java:111)
at org.testng.Assert.failNotEquals(Assert.java:1578)
at org.testng.Assert.assertTrue(Assert.java:57)
at com.herokuapp.codebreakers.stepDefinition.UserStepDefinition.admin_should_see_user_details_are_sorted_by_descending_order(UserStepDefinition.java:57)
at ✽.Admin should see User details are sorted by "Name" Descending order(file:///C:/Users/sudha/git/team10-lmsphase2-codebreakers/team10-lmsphase2-codebreakers/src/test/resources/features/userSort.feature:11)
]]>
            </full-stacktrace>
          </exception> <!-- java.lang.AssertionError -->
          <reporter-output>
          </reporter-output>
        </test-method> <!-- runScenario -->
        <test-method signature="runScenario(io.cucumber.testng.PickleWrapper,io.cucumber.testng.FeatureWrapper)[pri:0, instance:com.herokuapp.codebreakers.testRunner.TestRunner@7905a0b8]" started-at="2024-05-01T23:16:30 EDT" name="runScenario" description="Runs Cucumber Scenarios" data-provider="scenarios" finished-at="2024-05-01T23:17:37 EDT" duration-ms="67391" status="FAIL">
          <params>
            <param index="0">
              <value>
                <![CDATA["Sorting Users by "Location" in Descending order"]]>
              </value>
            </param>
            <param index="1">
              <value>
                <![CDATA["Navigation to 'Manage User' and validating its sorting functionality"]]>
              </value>
            </param>
          </params>
          <exception class="java.lang.AssertionError">
            <message>
              <![CDATA[Descending Sorted List is not matching expected [true] but found [false]]]>
            </message>
            <full-stacktrace>
              <![CDATA[java.lang.AssertionError: Descending Sorted List is not matching expected [true] but found [false]
at org.testng.Assert.fail(Assert.java:111)
at org.testng.Assert.failNotEquals(Assert.java:1578)
at org.testng.Assert.assertTrue(Assert.java:57)
at com.herokuapp.codebreakers.stepDefinition.UserStepDefinition.admin_should_see_user_details_are_sorted_by_descending_order(UserStepDefinition.java:57)
at ✽.Admin should see User details are sorted by "Location" Descending order(file:///C:/Users/sudha/git/team10-lmsphase2-codebreakers/team10-lmsphase2-codebreakers/src/test/resources/features/userSort.feature:11)
]]>
            </full-stacktrace>
          </exception> <!-- java.lang.AssertionError -->
          <reporter-output>
          </reporter-output>
        </test-method> <!-- runScenario -->
        <test-method signature="runScenario(io.cucumber.testng.PickleWrapper,io.cucumber.testng.FeatureWrapper)[pri:0, instance:com.herokuapp.codebreakers.testRunner.TestRunner@7905a0b8]" started-at="2024-05-01T23:16:40 EDT" name="runScenario" description="Runs Cucumber Scenarios" data-provider="scenarios" finished-at="2024-05-01T23:17:48 EDT" duration-ms="67789" status="FAIL">
          <params>
            <param index="0">
              <value>
                <![CDATA["Sorting Users by "Phone Number" in Descending order"]]>
              </value>
            </param>
            <param index="1">
              <value>
                <![CDATA["Navigation to 'Manage User' and validating its sorting functionality"]]>
              </value>
            </param>
          </params>
          <exception class="java.lang.AssertionError">
            <message>
              <![CDATA[Descending Sorted List is not matching expected [true] but found [false]]]>
            </message>
            <full-stacktrace>
              <![CDATA[java.lang.AssertionError: Descending Sorted List is not matching expected [true] but found [false]
at org.testng.Assert.fail(Assert.java:111)
at org.testng.Assert.failNotEquals(Assert.java:1578)
at org.testng.Assert.assertTrue(Assert.java:57)
at com.herokuapp.codebreakers.stepDefinition.UserStepDefinition.admin_should_see_user_details_are_sorted_by_descending_order(UserStepDefinition.java:57)
at ✽.Admin should see User details are sorted by "Phone Number" Descending order(file:///C:/Users/sudha/git/team10-lmsphase2-codebreakers/team10-lmsphase2-codebreakers/src/test/resources/features/userSort.feature:11)
]]>
            </full-stacktrace>
          </exception> <!-- java.lang.AssertionError -->
          <reporter-output>
          </reporter-output>
        </test-method> <!-- runScenario -->
        <test-method signature="runScenario(io.cucumber.testng.PickleWrapper,io.cucumber.testng.FeatureWrapper)[pri:0, instance:com.herokuapp.codebreakers.testRunner.TestRunner@7905a0b8]" started-at="2024-05-01T23:16:47 EDT" name="runScenario" description="Runs Cucumber Scenarios" data-provider="scenarios" finished-at="2024-05-01T23:17:51 EDT" duration-ms="63183" status="PASS">
          <params>
            <param index="0">
              <value>
                <![CDATA["Sorting Users by "ID" in Aescending order"]]>
              </value>
            </param>
            <param index="1">
              <value>
                <![CDATA["Navigation to 'Manage User' and validating its sorting functionality"]]>
              </value>
            </param>
          </params>
          <reporter-output>
          </reporter-output>
        </test-method> <!-- runScenario -->
        <test-method signature="runScenario(io.cucumber.testng.PickleWrapper,io.cucumber.testng.FeatureWrapper)[pri:0, instance:com.herokuapp.codebreakers.testRunner.TestRunner@7905a0b8]" started-at="2024-05-01T23:16:51 EDT" name="runScenario" description="Runs Cucumber Scenarios" data-provider="scenarios" finished-at="2024-05-01T23:18:02 EDT" duration-ms="70973" status="FAIL">
          <params>
            <param index="0">
              <value>
                <![CDATA["Sorting Users by "Name" in Aescending order"]]>
              </value>
            </param>
            <param index="1">
              <value>
                <![CDATA["Navigation to 'Manage User' and validating its sorting functionality"]]>
              </value>
            </param>
          </params>
          <exception class="java.lang.AssertionError">
            <message>
              <![CDATA[Aescending Sorted List is not matching expected [true] but found [false]]]>
            </message>
            <full-stacktrace>
              <![CDATA[java.lang.AssertionError: Aescending Sorted List is not matching expected [true] but found [false]
at org.testng.Assert.fail(Assert.java:111)
at org.testng.Assert.failNotEquals(Assert.java:1578)
at org.testng.Assert.assertTrue(Assert.java:57)
at com.herokuapp.codebreakers.stepDefinition.UserStepDefinition.admin_should_see_user_details_are_sorted_by_aescending_order(UserStepDefinition.java:72)
at ✽.Admin should see User details are sorted by "Name" Aescending order(file:///C:/Users/sudha/git/team10-lmsphase2-codebreakers/team10-lmsphase2-codebreakers/src/test/resources/features/userSort.feature:23)
]]>
            </full-stacktrace>
          </exception> <!-- java.lang.AssertionError -->
          <reporter-output>
          </reporter-output>
        </test-method> <!-- runScenario -->
        <test-method signature="runScenario(io.cucumber.testng.PickleWrapper,io.cucumber.testng.FeatureWrapper)[pri:0, instance:com.herokuapp.codebreakers.testRunner.TestRunner@7905a0b8]" started-at="2024-05-01T23:17:06 EDT" name="runScenario" description="Runs Cucumber Scenarios" data-provider="scenarios" finished-at="2024-05-01T23:18:02 EDT" duration-ms="56358" status="FAIL">
          <params>
            <param index="0">
              <value>
                <![CDATA["Sorting Users by "Location" in Aescending order"]]>
              </value>
            </param>
            <param index="1">
              <value>
                <![CDATA["Navigation to 'Manage User' and validating its sorting functionality"]]>
              </value>
            </param>
          </params>
          <exception class="java.lang.AssertionError">
            <message>
              <![CDATA[Aescending Sorted List is not matching expected [true] but found [false]]]>
            </message>
            <full-stacktrace>
              <![CDATA[java.lang.AssertionError: Aescending Sorted List is not matching expected [true] but found [false]
at org.testng.Assert.fail(Assert.java:111)
at org.testng.Assert.failNotEquals(Assert.java:1578)
at org.testng.Assert.assertTrue(Assert.java:57)
at com.herokuapp.codebreakers.stepDefinition.UserStepDefinition.admin_should_see_user_details_are_sorted_by_aescending_order(UserStepDefinition.java:72)
at ✽.Admin should see User details are sorted by "Location" Aescending order(file:///C:/Users/sudha/git/team10-lmsphase2-codebreakers/team10-lmsphase2-codebreakers/src/test/resources/features/userSort.feature:23)
]]>
            </full-stacktrace>
          </exception> <!-- java.lang.AssertionError -->
          <reporter-output>
          </reporter-output>
        </test-method> <!-- runScenario -->
        <test-method signature="runScenario(io.cucumber.testng.PickleWrapper,io.cucumber.testng.FeatureWrapper)[pri:0, instance:com.herokuapp.codebreakers.testRunner.TestRunner@7905a0b8]" started-at="2024-05-01T23:17:20 EDT" name="runScenario" description="Runs Cucumber Scenarios" data-provider="scenarios" finished-at="2024-05-01T23:18:02 EDT" duration-ms="41944" status="FAIL">
          <params>
            <param index="0">
              <value>
                <![CDATA["Sorting Users by "Phone Number" in Aescending order"]]>
              </value>
            </param>
            <param index="1">
              <value>
                <![CDATA["Navigation to 'Manage User' and validating its sorting functionality"]]>
              </value>
            </param>
          </params>
          <exception class="java.lang.AssertionError">
            <message>
              <![CDATA[Aescending Sorted List is not matching expected [true] but found [false]]]>
            </message>
            <full-stacktrace>
              <![CDATA[java.lang.AssertionError: Aescending Sorted List is not matching expected [true] but found [false]
at org.testng.Assert.fail(Assert.java:111)
at org.testng.Assert.failNotEquals(Assert.java:1578)
at org.testng.Assert.assertTrue(Assert.java:57)
at com.herokuapp.codebreakers.stepDefinition.UserStepDefinition.admin_should_see_user_details_are_sorted_by_aescending_order(UserStepDefinition.java:72)
at ✽.Admin should see User details are sorted by "Phone Number" Aescending order(file:///C:/Users/sudha/git/team10-lmsphase2-codebreakers/team10-lmsphase2-codebreakers/src/test/resources/features/userSort.feature:23)
]]>
            </full-stacktrace>
          </exception> <!-- java.lang.AssertionError -->
          <reporter-output>
          </reporter-output>
        </test-method> <!-- runScenario -->
        <test-method is-config="true" signature="tearDownClass()[pri:0, instance:com.herokuapp.codebreakers.testRunner.TestRunner@7905a0b8]" started-at="2024-05-01T23:18:06 EDT" name="tearDownClass" finished-at="2024-05-01T23:18:24 EDT" duration-ms="18295" status="PASS">
          <reporter-output>
          </reporter-output>
        </test-method> <!-- tearDownClass -->
      </class> <!-- com.herokuapp.codebreakers.testRunner.TestRunner -->
    </test> <!-- Default test -->
  </suite> <!-- Default suite -->
</testng-results>
